<?xml version="1.0" encoding="UTF-8"?>
<coverage generated="1622382597462" clover="3.2.0">
  <project timestamp="1622382597462" name="All files">
    <metrics statements="1710" coveredstatements="1417" conditionals="735" coveredconditionals="548" methods="261" coveredmethods="210" elements="2706" coveredelements="2175" complexity="0" loc="1710" ncloc="1710" packages="1" files="79" classes="79"/>
    <file name="abs.js" path="/home/josh/storage/projects/js-math-tools/src/abs.js">
      <metrics statements="7" coveredstatements="6" conditionals="2" coveredconditionals="2" methods="1" coveredmethods="1"/>
      <line num="1" count="16" type="stmt"/>
      <line num="3" count="16" type="stmt"/>
      <line num="4" count="55" type="stmt"/>
      <line num="5" count="55" type="cond" truecount="2" falsecount="0"/>
      <line num="6" count="53" type="stmt"/>
      <line num="8" count="0" type="stmt"/>
      <line num="12" count="16" type="stmt"/>
    </file>
    <file name="add.js" path="/home/josh/storage/projects/js-math-tools/src/add.js">
      <metrics statements="13" coveredstatements="12" conditionals="4" coveredconditionals="4" methods="1" coveredmethods="1"/>
      <line num="1" count="12" type="stmt"/>
      <line num="3" count="12" type="stmt"/>
      <line num="4" count="46814" type="stmt"/>
      <line num="6" count="46814" type="stmt"/>
      <line num="8" count="46814" type="stmt"/>
      <line num="9" count="93628" type="stmt"/>
      <line num="10" count="93628" type="stmt"/>
      <line num="11" count="93628" type="cond" truecount="2" falsecount="0"/>
      <line num="12" count="93627" type="cond" truecount="2" falsecount="0"/>
      <line num="13" count="45922" type="stmt"/>
      <line num="16" count="46813" type="stmt"/>
      <line num="18" count="0" type="stmt"/>
      <line num="22" count="12" type="stmt"/>
    </file>
    <file name="append.js" path="/home/josh/storage/projects/js-math-tools/src/append.js">
      <metrics statements="34" coveredstatements="33" conditionals="17" coveredconditionals="14" methods="1" coveredmethods="1"/>
      <line num="1" count="2" type="stmt"/>
      <line num="2" count="2" type="stmt"/>
      <line num="3" count="2" type="stmt"/>
      <line num="4" count="2" type="stmt"/>
      <line num="5" count="2" type="stmt"/>
      <line num="6" count="2" type="stmt"/>
      <line num="9" count="223" type="stmt"/>
      <line num="14" count="222" type="stmt"/>
      <line num="19" count="222" type="stmt"/>
      <line num="20" count="222" type="stmt"/>
      <line num="22" count="221" type="stmt"/>
      <line num="27" count="221" type="stmt"/>
      <line num="32" count="221" type="stmt"/>
      <line num="37" count="221" type="stmt"/>
      <line num="38" count="221" type="stmt"/>
      <line num="40" count="221" type="stmt"/>
      <line num="45" count="221" type="stmt"/>
      <line num="50" count="220" type="stmt"/>
      <line num="51" count="438" type="cond" truecount="2" falsecount="0"/>
      <line num="52" count="219" type="stmt"/>
      <line num="59" count="217" type="stmt"/>
      <line num="64" count="217" type="cond" truecount="1" falsecount="1"/>
      <line num="65" count="0" type="stmt"/>
      <line num="66" count="217" type="cond" truecount="2" falsecount="0"/>
      <line num="67" count="1" type="stmt"/>
      <line num="68" count="216" type="cond" truecount="1" falsecount="1"/>
      <line num="69" count="216" type="cond" truecount="2" falsecount="0"/>
      <line num="70" count="130" type="stmt"/>
      <line num="71" count="136" type="stmt"/>
      <line num="72" count="981" type="stmt"/>
      <line num="73" count="130" type="stmt"/>
      <line num="74" count="86" type="cond" truecount="1" falsecount="1"/>
      <line num="75" count="86" type="stmt"/>
      <line num="80" count="2" type="stmt"/>
    </file>
    <file name="apply.js" path="/home/josh/storage/projects/js-math-tools/src/apply.js">
      <metrics statements="5" coveredstatements="5" conditionals="0" coveredconditionals="0" methods="1" coveredmethods="1"/>
      <line num="1" count="52" type="stmt"/>
      <line num="4" count="520605" type="stmt"/>
      <line num="5" count="520605" type="stmt"/>
      <line num="7" count="4" type="stmt"/>
      <line num="11" count="52" type="stmt"/>
    </file>
    <file name="arccos.js" path="/home/josh/storage/projects/js-math-tools/src/arccos.js">
      <metrics statements="6" coveredstatements="5" conditionals="0" coveredconditionals="0" methods="1" coveredmethods="1"/>
      <line num="1" count="1" type="stmt"/>
      <line num="3" count="1" type="stmt"/>
      <line num="4" count="5" type="stmt"/>
      <line num="5" count="5" type="stmt"/>
      <line num="7" count="0" type="stmt"/>
      <line num="11" count="1" type="stmt"/>
    </file>
    <file name="arcsin.js" path="/home/josh/storage/projects/js-math-tools/src/arcsin.js">
      <metrics statements="6" coveredstatements="5" conditionals="0" coveredconditionals="0" methods="1" coveredmethods="1"/>
      <line num="1" count="1" type="stmt"/>
      <line num="3" count="1" type="stmt"/>
      <line num="4" count="5" type="stmt"/>
      <line num="5" count="5" type="stmt"/>
      <line num="7" count="0" type="stmt"/>
      <line num="11" count="1" type="stmt"/>
    </file>
    <file name="arctan.js" path="/home/josh/storage/projects/js-math-tools/src/arctan.js">
      <metrics statements="6" coveredstatements="5" conditionals="0" coveredconditionals="0" methods="1" coveredmethods="1"/>
      <line num="1" count="1" type="stmt"/>
      <line num="3" count="1" type="stmt"/>
      <line num="4" count="4" type="stmt"/>
      <line num="5" count="4" type="stmt"/>
      <line num="7" count="0" type="stmt"/>
      <line num="11" count="1" type="stmt"/>
    </file>
    <file name="argmax.js" path="/home/josh/storage/projects/js-math-tools/src/argmax.js">
      <metrics statements="6" coveredstatements="5" conditionals="0" coveredconditionals="0" methods="1" coveredmethods="1"/>
      <line num="1" count="1" type="stmt"/>
      <line num="2" count="1" type="stmt"/>
      <line num="5" count="2" type="stmt"/>
      <line num="6" count="2" type="stmt"/>
      <line num="8" count="0" type="stmt"/>
      <line num="12" count="1" type="stmt"/>
    </file>
    <file name="argmin.js" path="/home/josh/storage/projects/js-math-tools/src/argmin.js">
      <metrics statements="6" coveredstatements="5" conditionals="0" coveredconditionals="0" methods="1" coveredmethods="1"/>
      <line num="1" count="1" type="stmt"/>
      <line num="2" count="1" type="stmt"/>
      <line num="5" count="2" type="stmt"/>
      <line num="6" count="2" type="stmt"/>
      <line num="8" count="0" type="stmt"/>
      <line num="12" count="1" type="stmt"/>
    </file>
    <file name="assert.js" path="/home/josh/storage/projects/js-math-tools/src/assert.js">
      <metrics statements="2" coveredstatements="2" conditionals="2" coveredconditionals="2" methods="1" coveredmethods="1"/>
      <line num="1" count="70" type="stmt"/>
      <line num="2" count="3608641" type="cond" truecount="2" falsecount="0"/>
    </file>
    <file name="ceil.js" path="/home/josh/storage/projects/js-math-tools/src/ceil.js">
      <metrics statements="7" coveredstatements="6" conditionals="2" coveredconditionals="2" methods="1" coveredmethods="1"/>
      <line num="1" count="1" type="stmt"/>
      <line num="3" count="1" type="stmt"/>
      <line num="4" count="512" type="stmt"/>
      <line num="5" count="512" type="cond" truecount="2" falsecount="0"/>
      <line num="6" count="505" type="stmt"/>
      <line num="8" count="0" type="stmt"/>
      <line num="12" count="1" type="stmt"/>
    </file>
    <file name="chop.js" path="/home/josh/storage/projects/js-math-tools/src/chop.js">
      <metrics statements="11" coveredstatements="10" conditionals="12" coveredconditionals="12" methods="1" coveredmethods="1"/>
      <line num="1" count="6" type="stmt"/>
      <line num="2" count="6" type="stmt"/>
      <line num="3" count="6" type="stmt"/>
      <line num="5" count="6" type="stmt"/>
      <line num="6" count="23" type="stmt"/>
      <line num="7" count="23" type="cond" truecount="2" falsecount="0"/>
      <line num="8" count="22" type="cond" truecount="4" falsecount="0"/>
      <line num="9" count="21" type="cond" truecount="4" falsecount="0"/>
      <line num="10" count="21" type="cond" truecount="2" falsecount="0"/>
      <line num="12" count="0" type="stmt"/>
      <line num="16" count="6" type="stmt"/>
    </file>
    <file name="clamp.js" path="/home/josh/storage/projects/js-math-tools/src/clamp.js">
      <metrics statements="11" coveredstatements="10" conditionals="10" coveredconditionals="10" methods="1" coveredmethods="1"/>
      <line num="1" count="1" type="stmt"/>
      <line num="3" count="1" type="stmt"/>
      <line num="4" count="12" type="stmt"/>
      <line num="5" count="12" type="cond" truecount="2" falsecount="0"/>
      <line num="6" count="11" type="cond" truecount="2" falsecount="0"/>
      <line num="7" count="10" type="cond" truecount="2" falsecount="0"/>
      <line num="9" count="9" type="cond" truecount="2" falsecount="0"/>
      <line num="10" count="6" type="cond" truecount="2" falsecount="0"/>
      <line num="11" count="3" type="stmt"/>
      <line num="13" count="0" type="stmt"/>
      <line num="17" count="1" type="stmt"/>
    </file>
    <file name="copy.js" path="/home/josh/storage/projects/js-math-tools/src/copy.js">
      <metrics statements="14" coveredstatements="14" conditionals="6" coveredconditionals="6" methods="2" coveredmethods="2"/>
      <line num="1" count="5" type="stmt"/>
      <line num="2" count="5" type="stmt"/>
      <line num="3" count="5" type="stmt"/>
      <line num="6" count="24164" type="cond" truecount="2" falsecount="0"/>
      <line num="7" count="6770" type="cond" truecount="2" falsecount="0"/>
      <line num="8" count="2077" type="stmt"/>
      <line num="9" count="4693" type="cond" truecount="2" falsecount="0"/>
      <line num="10" count="4691" type="stmt"/>
      <line num="12" count="2" type="stmt"/>
      <line num="14" count="2" type="stmt"/>
      <line num="15" count="6" type="stmt"/>
      <line num="18" count="2" type="stmt"/>
      <line num="21" count="17394" type="stmt"/>
      <line num="25" count="5" type="stmt"/>
    </file>
    <file name="correl.js" path="/home/josh/storage/projects/js-math-tools/src/correl.js">
      <metrics statements="9" coveredstatements="9" conditionals="4" coveredconditionals="4" methods="1" coveredmethods="1"/>
      <line num="1" count="1" type="stmt"/>
      <line num="2" count="1" type="stmt"/>
      <line num="3" count="1" type="stmt"/>
      <line num="6" count="7" type="stmt"/>
      <line num="7" count="7" type="stmt"/>
      <line num="8" count="6" type="cond" truecount="4" falsecount="0"/>
      <line num="9" count="4" type="stmt"/>
      <line num="11" count="1" type="stmt"/>
      <line num="15" count="1" type="stmt"/>
    </file>
    <file name="cos.js" path="/home/josh/storage/projects/js-math-tools/src/cos.js">
      <metrics statements="7" coveredstatements="6" conditionals="2" coveredconditionals="2" methods="1" coveredmethods="1"/>
      <line num="1" count="1" type="stmt"/>
      <line num="2" count="1" type="stmt"/>
      <line num="5" count="10012" type="stmt"/>
      <line num="6" count="10012" type="cond" truecount="2" falsecount="0"/>
      <line num="7" count="10004" type="stmt"/>
      <line num="9" count="0" type="stmt"/>
      <line num="13" count="1" type="stmt"/>
    </file>
    <file name="count.js" path="/home/josh/storage/projects/js-math-tools/src/count.js">
      <metrics statements="16" coveredstatements="16" conditionals="4" coveredconditionals="4" methods="4" coveredmethods="4"/>
      <line num="1" count="2" type="stmt"/>
      <line num="2" count="2" type="stmt"/>
      <line num="3" count="2" type="stmt"/>
      <line num="4" count="2" type="stmt"/>
      <line num="5" count="2" type="stmt"/>
      <line num="6" count="2" type="stmt"/>
      <line num="9" count="4086" type="stmt"/>
      <line num="14" count="4086" type="stmt"/>
      <line num="20" count="4086" type="stmt"/>
      <line num="21" count="4086" type="cond" truecount="2" falsecount="0"/>
      <line num="23" count="4086" type="cond" truecount="2" falsecount="0"/>
      <line num="24" count="2" type="stmt"/>
      <line num="25" count="97" type="stmt"/>
      <line num="26" count="7" type="stmt"/>
      <line num="29" count="4070093" type="stmt"/>
      <line num="33" count="2" type="stmt"/>
    </file>
    <file name="covariance.js" path="/home/josh/storage/projects/js-math-tools/src/covariance.js">
      <metrics statements="16" coveredstatements="16" conditionals="4" coveredconditionals="4" methods="1" coveredmethods="1"/>
      <line num="1" count="2" type="stmt"/>
      <line num="2" count="2" type="stmt"/>
      <line num="3" count="2" type="stmt"/>
      <line num="6" count="9" type="stmt"/>
      <line num="7" count="9" type="stmt"/>
      <line num="12" count="8" type="stmt"/>
      <line num="13" count="8" type="cond" truecount="4" falsecount="0"/>
      <line num="15" count="7" type="stmt"/>
      <line num="20" count="7" type="stmt"/>
      <line num="21" count="7" type="stmt"/>
      <line num="22" count="7" type="stmt"/>
      <line num="24" count="7" type="stmt"/>
      <line num="25" count="59808" type="stmt"/>
      <line num="28" count="7" type="stmt"/>
      <line num="30" count="1" type="stmt"/>
      <line num="34" count="2" type="stmt"/>
    </file>
    <file name="dataframe.js" path="/home/josh/storage/projects/js-math-tools/src/dataframe.js">
      <metrics statements="537" coveredstatements="349" conditionals="308" coveredconditionals="178" methods="94" coveredmethods="61"/>
      <line num="1" count="1" type="stmt"/>
      <line num="2" count="1" type="stmt"/>
      <line num="3" count="1" type="stmt"/>
      <line num="4" count="1" type="stmt"/>
      <line num="5" count="1" type="stmt"/>
      <line num="6" count="1" type="stmt"/>
      <line num="7" count="1" type="stmt"/>
      <line num="8" count="1" type="stmt"/>
      <line num="9" count="1" type="stmt"/>
      <line num="10" count="1" type="stmt"/>
      <line num="11" count="1" type="stmt"/>
      <line num="12" count="1" type="stmt"/>
      <line num="13" count="1" type="stmt"/>
      <line num="14" count="1" type="stmt"/>
      <line num="15" count="1" type="stmt"/>
      <line num="16" count="1" type="stmt"/>
      <line num="17" count="1" type="stmt"/>
      <line num="18" count="1" type="stmt"/>
      <line num="19" count="1" type="stmt"/>
      <line num="20" count="1" type="stmt"/>
      <line num="21" count="1" type="stmt"/>
      <line num="24" count="0" type="stmt"/>
      <line num="25" count="0" type="stmt"/>
      <line num="26" count="0" type="stmt"/>
      <line num="27" count="0" type="stmt"/>
      <line num="28" count="0" type="stmt"/>
      <line num="32" count="310" type="cond" truecount="2" falsecount="0"/>
      <line num="36" count="310" type="cond" truecount="2" falsecount="0"/>
      <line num="40" count="20" type="cond" truecount="2" falsecount="0"/>
      <line num="44" count="0" type="stmt"/>
      <line num="48" count="47" type="stmt"/>
      <line num="52" count="0" type="stmt"/>
      <line num="53" count="0" type="stmt"/>
      <line num="54" count="0" type="stmt"/>
      <line num="56" count="0" type="cond" truecount="0" falsecount="2"/>
      <line num="57" count="0" type="stmt"/>
      <line num="58" count="0" type="stmt"/>
      <line num="62" count="0" type="stmt"/>
      <line num="63" count="0" type="stmt"/>
      <line num="65" count="0" type="cond" truecount="0" falsecount="2"/>
      <line num="66" count="0" type="stmt"/>
      <line num="67" count="0" type="stmt"/>
      <line num="71" count="0" type="stmt"/>
      <line num="75" count="1540" type="stmt"/>
      <line num="76" count="1540" type="stmt"/>
      <line num="77" count="1540" type="stmt"/>
      <line num="78" count="1540" type="stmt"/>
      <line num="83" count="53" type="stmt"/>
      <line num="85" count="53" type="stmt"/>
      <line num="92" count="53" type="stmt"/>
      <line num="97" count="1666" type="stmt"/>
      <line num="101" count="51" type="stmt"/>
      <line num="103" count="51" type="stmt"/>
      <line num="105" count="51" type="stmt"/>
      <line num="110" count="51" type="cond" truecount="2" falsecount="0"/>
      <line num="111" count="3" type="stmt"/>
      <line num="112" count="48" type="cond" truecount="2" falsecount="0"/>
      <line num="113" count="45" type="stmt"/>
      <line num="115" count="702" type="stmt"/>
      <line num="120" count="51" type="cond" truecount="1" falsecount="1"/>
      <line num="121" count="0" type="stmt"/>
      <line num="122" count="51" type="cond" truecount="2" falsecount="0"/>
      <line num="123" count="45" type="stmt"/>
      <line num="125" count="338" type="stmt"/>
      <line num="130" count="51" type="stmt"/>
      <line num="134" count="53" type="stmt"/>
      <line num="141" count="53" type="stmt"/>
      <line num="146" count="1635" type="stmt"/>
      <line num="150" count="40" type="stmt"/>
      <line num="155" count="40" type="stmt"/>
      <line num="160" count="40" type="stmt"/>
      <line num="165" count="40" type="stmt"/>
      <line num="166" count="288" type="stmt"/>
      <line num="169" count="40" type="stmt"/>
      <line num="173" count="53" type="stmt"/>
      <line num="180" count="53" type="stmt"/>
      <line num="185" count="3487" type="stmt"/>
      <line num="189" count="47" type="stmt"/>
      <line num="194" count="47" type="stmt"/>
      <line num="199" count="47" type="stmt"/>
      <line num="204" count="47" type="stmt"/>
      <line num="205" count="876" type="stmt"/>
      <line num="208" count="47" type="stmt"/>
      <line num="212" count="53" type="stmt"/>
      <line num="217" count="53" type="cond" truecount="2" falsecount="0"/>
      <line num="218" count="48" type="cond" truecount="2" falsecount="0"/>
      <line num="219" count="44" type="stmt"/>
      <line num="221" count="44" type="stmt"/>
      <line num="226" count="44" type="stmt"/>
      <line num="228" count="4" type="stmt"/>
      <line num="229" count="4" type="stmt"/>
      <line num="231" count="4" type="stmt"/>
      <line num="232" count="12" type="stmt"/>
      <line num="233" count="12" type="stmt"/>
      <line num="236" count="4" type="stmt"/>
      <line num="238" count="4" type="stmt"/>
      <line num="240" count="4" type="stmt"/>
      <line num="241" count="400" type="stmt"/>
      <line num="248" count="0" type="cond" truecount="0" falsecount="2"/>
      <line num="252" count="0" type="cond" truecount="0" falsecount="2"/>
      <line num="253" count="0" type="stmt"/>
      <line num="254" count="0" type="stmt"/>
      <line num="259" count="0" type="stmt"/>
      <line num="260" count="0" type="cond" truecount="0" falsecount="2"/>
      <line num="261" count="0" type="stmt"/>
      <line num="264" count="0" type="stmt"/>
      <line num="266" count="0" type="stmt"/>
      <line num="267" count="0" type="stmt"/>
      <line num="268" count="0" type="stmt"/>
      <line num="269" count="0" type="cond" truecount="0" falsecount="2"/>
      <line num="271" count="0" type="stmt"/>
      <line num="272" count="0" type="stmt"/>
      <line num="273" count="0" type="stmt"/>
      <line num="274" count="0" type="stmt"/>
      <line num="277" count="0" type="stmt"/>
      <line num="279" count="0" type="stmt"/>
      <line num="280" count="0" type="cond" truecount="0" falsecount="2"/>
      <line num="282" count="0" type="stmt"/>
      <line num="283" count="0" type="stmt"/>
      <line num="285" count="0" type="stmt"/>
      <line num="290" count="0" type="stmt"/>
      <line num="292" count="0" type="stmt"/>
      <line num="293" count="0" type="stmt"/>
      <line num="294" count="0" type="stmt"/>
      <line num="299" count="0" type="cond" truecount="0" falsecount="2"/>
      <line num="301" count="0" type="cond" truecount="0" falsecount="2"/>
      <line num="305" count="0" type="cond" truecount="0" falsecount="2"/>
      <line num="306" count="0" type="stmt"/>
      <line num="309" count="0" type="cond" truecount="0" falsecount="2"/>
      <line num="310" count="0" type="stmt"/>
      <line num="311" count="0" type="cond" truecount="0" falsecount="2"/>
      <line num="314" count="0" type="stmt"/>
      <line num="315" count="0" type="cond" truecount="0" falsecount="2"/>
      <line num="316" count="0" type="cond" truecount="0" falsecount="2"/>
      <line num="317" count="0" type="stmt"/>
      <line num="321" count="112" type="stmt"/>
      <line num="322" count="112" type="stmt"/>
      <line num="326" count="0" type="stmt"/>
      <line num="327" count="0" type="stmt"/>
      <line num="331" count="0" type="stmt"/>
      <line num="332" count="0" type="stmt"/>
      <line num="336" count="36" type="stmt"/>
      <line num="337" count="1074" type="stmt"/>
      <line num="341" count="1" type="stmt"/>
      <line num="342" count="1" type="stmt"/>
      <line num="343" count="1" type="stmt"/>
      <line num="344" count="1" type="stmt"/>
      <line num="345" count="1" type="stmt"/>
      <line num="349" count="19" type="stmt"/>
      <line num="351" count="19" type="cond" truecount="3" falsecount="1"/>
      <line num="352" count="19" type="cond" truecount="4" falsecount="0"/>
      <line num="354" count="60" type="cond" truecount="3" falsecount="1"/>
      <line num="356" count="19" type="stmt"/>
      <line num="361" count="19" type="cond" truecount="1" falsecount="1"/>
      <line num="362" count="19" type="stmt"/>
      <line num="368" count="19" type="cond" truecount="1" falsecount="1"/>
      <line num="369" count="0" type="stmt"/>
      <line num="374" count="0" type="stmt"/>
      <line num="380" count="19" type="cond" truecount="2" falsecount="0"/>
      <line num="381" count="3" type="stmt"/>
      <line num="382" count="14" type="cond" truecount="1" falsecount="1"/>
      <line num="383" count="14" type="stmt"/>
      <line num="384" count="14" type="stmt"/>
      <line num="387" count="0" type="cond" truecount="0" falsecount="2"/>
      <line num="388" count="0" type="stmt"/>
      <line num="389" count="0" type="stmt"/>
      <line num="390" count="0" type="stmt"/>
      <line num="391" count="0" type="stmt"/>
      <line num="396" count="19" type="cond" truecount="1" falsecount="1"/>
      <line num="397" count="19" type="stmt"/>
      <line num="398" count="46" type="cond" truecount="1" falsecount="1"/>
      <line num="399" count="46" type="stmt"/>
      <line num="400" count="45" type="stmt"/>
      <line num="403" count="0" type="cond" truecount="0" falsecount="2"/>
      <line num="404" count="0" type="stmt"/>
      <line num="405" count="0" type="stmt"/>
      <line num="406" count="0" type="stmt"/>
      <line num="407" count="0" type="stmt"/>
      <line num="412" count="18" type="stmt"/>
      <line num="416" count="24" type="stmt"/>
      <line num="418" count="24" type="cond" truecount="2" falsecount="0"/>
      <line num="419" count="24" type="cond" truecount="1" falsecount="1"/>
      <line num="420" count="24" type="cond" truecount="1" falsecount="1"/>
      <line num="421" count="24" type="cond" truecount="2" falsecount="0"/>
      <line num="423" count="24" type="stmt"/>
      <line num="428" count="24" type="stmt"/>
      <line num="433" count="24" type="stmt"/>
      <line num="438" count="24" type="stmt"/>
      <line num="443" count="24" type="stmt"/>
      <line num="444" count="1238" type="stmt"/>
      <line num="449" count="1238" type="stmt"/>
      <line num="455" count="24" type="stmt"/>
      <line num="456" count="51" type="stmt"/>
      <line num="461" count="51" type="stmt"/>
      <line num="467" count="24" type="stmt"/>
      <line num="468" count="1238" type="stmt"/>
      <line num="469" count="1457" type="stmt"/>
      <line num="473" count="24" type="cond" truecount="4" falsecount="0"/>
      <line num="474" count="1" type="stmt"/>
      <line num="477" count="23" type="cond" truecount="2" falsecount="0"/>
      <line num="478" count="1" type="stmt"/>
      <line num="479" count="1" type="stmt"/>
      <line num="480" count="1" type="stmt"/>
      <line num="481" count="1" type="stmt"/>
      <line num="484" count="22" type="cond" truecount="2" falsecount="0"/>
      <line num="485" count="16" type="stmt"/>
      <line num="486" count="16" type="stmt"/>
      <line num="487" count="16" type="stmt"/>
      <line num="488" count="16" type="stmt"/>
      <line num="491" count="6" type="stmt"/>
      <line num="492" count="6" type="stmt"/>
      <line num="493" count="6" type="stmt"/>
      <line num="494" count="6" type="stmt"/>
      <line num="498" count="3" type="stmt"/>
      <line num="499" count="3" type="stmt"/>
      <line num="501" count="3" type="cond" truecount="1" falsecount="1"/>
      <line num="502" count="3" type="cond" truecount="1" falsecount="1"/>
      <line num="503" count="3" type="cond" truecount="1" falsecount="1"/>
      <line num="504" count="3" type="cond" truecount="1" falsecount="1"/>
      <line num="506" count="3" type="stmt"/>
      <line num="511" count="3" type="stmt"/>
      <line num="516" count="3" type="stmt"/>
      <line num="521" count="3" type="stmt"/>
      <line num="526" count="3" type="stmt"/>
      <line num="527" count="300" type="stmt"/>
      <line num="532" count="300" type="stmt"/>
      <line num="538" count="3" type="stmt"/>
      <line num="539" count="3" type="stmt"/>
      <line num="544" count="3" type="stmt"/>
      <line num="550" count="300" type="stmt"/>
      <line num="551" count="3" type="stmt"/>
      <line num="552" count="3" type="stmt"/>
      <line num="556" count="3" type="stmt"/>
      <line num="557" count="3" type="stmt"/>
      <line num="561" count="3" type="stmt"/>
      <line num="562" count="3" type="stmt"/>
      <line num="566" count="11" type="stmt"/>
      <line num="567" count="11" type="stmt"/>
      <line num="568" count="11" type="stmt"/>
      <line num="569" count="11" type="stmt"/>
      <line num="570" count="11" type="stmt"/>
      <line num="574" count="2" type="stmt"/>
      <line num="575" count="2" type="stmt"/>
      <line num="579" count="1" type="stmt"/>
      <line num="580" count="1" type="stmt"/>
      <line num="582" count="1" type="stmt"/>
      <line num="583" count="100" type="stmt"/>
      <line num="586" count="1" type="stmt"/>
      <line num="590" count="20" type="stmt"/>
      <line num="591" count="20" type="cond" truecount="2" falsecount="0"/>
      <line num="592" count="19" type="stmt"/>
      <line num="593" count="19" type="stmt"/>
      <line num="594" count="19" type="stmt"/>
      <line num="595" count="19" type="stmt"/>
      <line num="601" count="20" type="cond" truecount="2" falsecount="0"/>
      <line num="602" count="12" type="stmt"/>
      <line num="604" count="12" type="stmt"/>
      <line num="609" count="8" type="stmt"/>
      <line num="610" count="8" type="stmt"/>
      <line num="612" count="8" type="stmt"/>
      <line num="617" count="8" type="stmt"/>
      <line num="623" count="20" type="stmt"/>
      <line num="630" count="20" type="stmt"/>
      <line num="632" count="20" type="cond" truecount="2" falsecount="0"/>
      <line num="633" count="2" type="stmt"/>
      <line num="635" count="2" type="stmt"/>
      <line num="640" count="2" type="cond" truecount="2" falsecount="0"/>
      <line num="641" count="2" type="stmt"/>
      <line num="642" count="18" type="cond" truecount="2" falsecount="0"/>
      <line num="643" count="8" type="stmt"/>
      <line num="644" count="8" type="cond" truecount="1" falsecount="1"/>
      <line num="645" count="8" type="stmt"/>
      <line num="647" count="10" type="stmt"/>
      <line num="648" count="10" type="stmt"/>
      <line num="650" count="10" type="stmt"/>
      <line num="651" count="10" type="stmt"/>
      <line num="653" count="10" type="stmt"/>
      <line num="658" count="10" type="stmt"/>
      <line num="663" count="10" type="cond" truecount="2" falsecount="0"/>
      <line num="664" count="1" type="stmt"/>
      <line num="665" count="1" type="stmt"/>
      <line num="666" count="1" type="stmt"/>
      <line num="668" count="9" type="stmt"/>
      <line num="673" count="9" type="stmt"/>
      <line num="675" count="9" type="cond" truecount="1" falsecount="1"/>
      <line num="676" count="9" type="stmt"/>
      <line num="677" count="9" type="stmt"/>
      <line num="680" count="9" type="stmt"/>
      <line num="681" count="132" type="stmt"/>
      <line num="686" count="10" type="stmt"/>
      <line num="691" count="2" type="cond" truecount="2" falsecount="0"/>
      <line num="693" count="2" type="stmt"/>
      <line num="698" count="2" type="stmt"/>
      <line num="703" count="2" type="stmt"/>
      <line num="705" count="2" type="cond" truecount="2" falsecount="0"/>
      <line num="706" count="1" type="stmt"/>
      <line num="708" count="1" type="stmt"/>
      <line num="709" count="3" type="stmt"/>
      <line num="712" count="1" type="cond" truecount="1" falsecount="1"/>
      <line num="713" count="0" type="stmt"/>
      <line num="714" count="0" type="stmt"/>
      <line num="715" count="0" type="stmt"/>
      <line num="717" count="1" type="stmt"/>
      <line num="718" count="1" type="stmt"/>
      <line num="719" count="1" type="stmt"/>
      <line num="720" count="1" type="stmt"/>
      <line num="722" count="1" type="cond" truecount="1" falsecount="1"/>
      <line num="723" count="1" type="stmt"/>
      <line num="724" count="3" type="stmt"/>
      <line num="727" count="1" type="cond" truecount="1" falsecount="1"/>
      <line num="728" count="0" type="stmt"/>
      <line num="729" count="0" type="stmt"/>
      <line num="730" count="0" type="stmt"/>
      <line num="732" count="1" type="stmt"/>
      <line num="733" count="1" type="stmt"/>
      <line num="734" count="1" type="stmt"/>
      <line num="735" count="1" type="stmt"/>
      <line num="741" count="0" type="stmt"/>
      <line num="742" count="0" type="stmt"/>
      <line num="746" count="7" type="cond" truecount="2" falsecount="0"/>
      <line num="748" count="7" type="stmt"/>
      <line num="753" count="7" type="cond" truecount="2" falsecount="0"/>
      <line num="755" count="7" type="stmt"/>
      <line num="760" count="7" type="cond" truecount="4" falsecount="0"/>
      <line num="762" count="7" type="stmt"/>
      <line num="768" count="22" type="cond" truecount="2" falsecount="0"/>
      <line num="769" count="6" type="stmt"/>
      <line num="771" count="6" type="stmt"/>
      <line num="772" count="33" type="stmt"/>
      <line num="773" count="33" type="cond" truecount="2" falsecount="0"/>
      <line num="774" count="33" type="cond" truecount="2" falsecount="0"/>
      <line num="776" count="16" type="cond" truecount="2" falsecount="0"/>
      <line num="777" count="14" type="stmt"/>
      <line num="778" count="33" type="stmt"/>
      <line num="779" count="33" type="cond" truecount="2" falsecount="0"/>
      <line num="781" count="2" type="cond" truecount="1" falsecount="1"/>
      <line num="782" count="2" type="stmt"/>
      <line num="783" count="3" type="stmt"/>
      <line num="784" count="3" type="cond" truecount="2" falsecount="0"/>
      <line num="787" count="0" type="stmt"/>
      <line num="790" count="7" type="stmt"/>
      <line num="793" count="7" type="stmt"/>
      <line num="794" count="7" type="stmt"/>
      <line num="795" count="7" type="stmt"/>
      <line num="797" count="7" type="cond" truecount="2" falsecount="0"/>
      <line num="798" count="2" type="stmt"/>
      <line num="800" count="12" type="stmt"/>
      <line num="802" count="2" type="cond" truecount="1" falsecount="1"/>
      <line num="804" count="2" type="stmt"/>
      <line num="806" count="2" type="stmt"/>
      <line num="807" count="2" type="cond" truecount="1" falsecount="1"/>
      <line num="808" count="2" type="cond" truecount="1" falsecount="1"/>
      <line num="809" count="2" type="cond" truecount="1" falsecount="1"/>
      <line num="810" count="2" type="stmt"/>
      <line num="811" count="2" type="stmt"/>
      <line num="812" count="5" type="cond" truecount="1" falsecount="1"/>
      <line num="813" count="5" type="stmt"/>
      <line num="814" count="5" type="stmt"/>
      <line num="816" count="10" type="stmt"/>
      <line num="818" count="5" type="cond" truecount="2" falsecount="0"/>
      <line num="820" count="3" type="stmt"/>
      <line num="822" count="3" type="stmt"/>
      <line num="823" count="3" type="cond" truecount="1" falsecount="1"/>
      <line num="824" count="3" type="cond" truecount="2" falsecount="0"/>
      <line num="825" count="3" type="cond" truecount="2" falsecount="0"/>
      <line num="826" count="3" type="stmt"/>
      <line num="827" count="3" type="stmt"/>
      <line num="828" count="3" type="stmt"/>
      <line num="831" count="5" type="stmt"/>
      <line num="835" count="6" type="stmt"/>
      <line num="837" count="6" type="cond" truecount="1" falsecount="1"/>
      <line num="838" count="6" type="cond" truecount="1" falsecount="1"/>
      <line num="839" count="6" type="cond" truecount="3" falsecount="1"/>
      <line num="840" count="6" type="cond" truecount="2" falsecount="2"/>
      <line num="842" count="6" type="stmt"/>
      <line num="847" count="6" type="stmt"/>
      <line num="852" count="6" type="stmt"/>
      <line num="857" count="6" type="stmt"/>
      <line num="864" count="6" type="stmt"/>
      <line num="865" count="19" type="cond" truecount="4" falsecount="0"/>
      <line num="866" count="14" type="cond" truecount="2" falsecount="0"/>
      <line num="867" count="14" type="stmt"/>
      <line num="871" count="6" type="stmt"/>
      <line num="872" count="38" type="cond" truecount="4" falsecount="0"/>
      <line num="873" count="32" type="cond" truecount="2" falsecount="0"/>
      <line num="874" count="32" type="stmt"/>
      <line num="878" count="6" type="stmt"/>
      <line num="880" count="6" type="cond" truecount="2" falsecount="0"/>
      <line num="881" count="1" type="stmt"/>
      <line num="882" count="1" type="stmt"/>
      <line num="883" count="1" type="cond" truecount="1" falsecount="1"/>
      <line num="884" count="1" type="stmt"/>
      <line num="887" count="6" type="stmt"/>
      <line num="891" count="1" type="stmt"/>
      <line num="892" count="1" type="stmt"/>
      <line num="896" count="0" type="stmt"/>
      <line num="897" count="0" type="stmt"/>
      <line num="901" count="0" type="stmt"/>
      <line num="902" count="0" type="stmt"/>
      <line num="904" count="0" type="stmt"/>
      <line num="905" count="0" type="stmt"/>
      <line num="907" count="0" type="stmt"/>
      <line num="908" count="0" type="stmt"/>
      <line num="911" count="0" type="stmt"/>
      <line num="914" count="0" type="stmt"/>
      <line num="918" count="0" type="stmt"/>
      <line num="919" count="0" type="stmt"/>
      <line num="920" count="0" type="stmt"/>
      <line num="922" count="0" type="stmt"/>
      <line num="925" count="0" type="stmt"/>
      <line num="928" count="0" type="cond" truecount="0" falsecount="2"/>
      <line num="929" count="0" type="stmt"/>
      <line num="931" count="0" type="stmt"/>
      <line num="938" count="0" type="stmt"/>
      <line num="942" count="0" type="stmt"/>
      <line num="943" count="0" type="stmt"/>
      <line num="946" count="0" type="cond" truecount="0" falsecount="2"/>
      <line num="947" count="0" type="cond" truecount="0" falsecount="2"/>
      <line num="948" count="0" type="stmt"/>
      <line num="949" count="0" type="stmt"/>
      <line num="952" count="0" type="stmt"/>
      <line num="953" count="0" type="stmt"/>
      <line num="954" count="0" type="stmt"/>
      <line num="955" count="0" type="stmt"/>
      <line num="960" count="0" type="stmt"/>
      <line num="961" count="0" type="stmt"/>
      <line num="962" count="0" type="stmt"/>
      <line num="965" count="0" type="stmt"/>
      <line num="969" count="0" type="stmt"/>
      <line num="970" count="0" type="cond" truecount="0" falsecount="2"/>
      <line num="971" count="0" type="stmt"/>
      <line num="973" count="0" type="cond" truecount="0" falsecount="2"/>
      <line num="976" count="0" type="stmt"/>
      <line num="979" count="0" type="cond" truecount="0" falsecount="2"/>
      <line num="986" count="0" type="cond" truecount="0" falsecount="2"/>
      <line num="992" count="0" type="stmt"/>
      <line num="994" count="0" type="cond" truecount="0" falsecount="2"/>
      <line num="995" count="0" type="stmt"/>
      <line num="996" count="0" type="stmt"/>
      <line num="999" count="0" type="stmt"/>
      <line num="1003" count="0" type="cond" truecount="0" falsecount="2"/>
      <line num="1004" count="0" type="stmt"/>
      <line num="1006" count="0" type="stmt"/>
      <line num="1007" count="0" type="stmt"/>
      <line num="1008" count="0" type="stmt"/>
      <line num="1012" count="0" type="stmt"/>
      <line num="1013" count="0" type="stmt"/>
      <line num="1017" count="1" type="stmt"/>
      <line num="1020" count="1" type="stmt"/>
      <line num="1021" count="1" type="stmt"/>
      <line num="1022" count="1" type="stmt"/>
      <line num="1024" count="1" type="cond" truecount="1" falsecount="1"/>
      <line num="1025" count="0" type="stmt"/>
      <line num="1026" count="0" type="stmt"/>
      <line num="1029" count="1" type="cond" truecount="3" falsecount="1"/>
      <line num="1030" count="0" type="stmt"/>
      <line num="1032" count="0" type="cond" truecount="0" falsecount="4"/>
      <line num="1033" count="0" type="stmt"/>
      <line num="1036" count="1" type="stmt"/>
      <line num="1041" count="1" type="stmt"/>
      <line num="1046" count="1" type="cond" truecount="1" falsecount="1"/>
      <line num="1047" count="0" type="stmt"/>
      <line num="1049" count="1" type="stmt"/>
      <line num="1054" count="1" type="stmt"/>
      <line num="1059" count="1" type="stmt"/>
      <line num="1065" count="1" type="stmt"/>
      <line num="1066" count="3" type="stmt"/>
      <line num="1071" count="3" type="cond" truecount="1" falsecount="1"/>
      <line num="1072" count="3" type="stmt"/>
      <line num="1073" count="3" type="stmt"/>
      <line num="1074" count="3" type="stmt"/>
      <line num="1077" count="0" type="cond" truecount="0" falsecount="2"/>
      <line num="1078" count="0" type="stmt"/>
      <line num="1079" count="0" type="stmt"/>
      <line num="1080" count="0" type="stmt"/>
      <line num="1081" count="0" type="stmt"/>
      <line num="1086" count="1" type="stmt"/>
      <line num="1087" count="3" type="stmt"/>
      <line num="1092" count="3" type="cond" truecount="1" falsecount="1"/>
      <line num="1093" count="0" type="stmt"/>
      <line num="1095" count="0" type="stmt"/>
      <line num="1100" count="0" type="stmt"/>
      <line num="1103" count="3" type="cond" truecount="1" falsecount="1"/>
      <line num="1104" count="3" type="stmt"/>
      <line num="1109" count="1" type="stmt"/>
      <line num="1110" count="23" type="stmt"/>
      <line num="1112" count="23" type="cond" truecount="2" falsecount="0"/>
      <line num="1113" count="5" type="stmt"/>
      <line num="1116" count="23" type="stmt"/>
      <line num="1117" count="23" type="cond" truecount="2" falsecount="0"/>
      <line num="1118" count="22" type="cond" truecount="3" falsecount="1"/>
      <line num="1119" count="15" type="cond" truecount="3" falsecount="1"/>
      <line num="1122" count="1" type="stmt"/>
      <line num="1123" count="1" type="stmt"/>
      <line num="1124" count="1" type="stmt"/>
      <line num="1128" count="0" type="stmt"/>
      <line num="1129" count="0" type="stmt"/>
      <line num="1133" count="0" type="stmt"/>
      <line num="1138" count="0" type="cond" truecount="0" falsecount="2"/>
      <line num="1140" count="0" type="stmt"/>
      <line num="1145" count="0" type="stmt"/>
      <line num="1146" count="0" type="stmt"/>
      <line num="1147" count="0" type="cond" truecount="0" falsecount="2"/>
      <line num="1149" count="0" type="stmt"/>
      <line num="1150" count="0" type="stmt"/>
      <line num="1152" count="0" type="cond" truecount="0" falsecount="2"/>
      <line num="1153" count="0" type="stmt"/>
      <line num="1154" count="0" type="stmt"/>
      <line num="1156" count="0" type="stmt"/>
      <line num="1157" count="0" type="stmt"/>
      <line num="1158" count="0" type="cond" truecount="0" falsecount="2"/>
      <line num="1159" count="0" type="stmt"/>
      <line num="1162" count="0" type="cond" truecount="0" falsecount="2"/>
      <line num="1163" count="0" type="cond" truecount="0" falsecount="2"/>
      <line num="1165" count="0" type="stmt"/>
      <line num="1166" count="0" type="stmt"/>
      <line num="1167" count="0" type="stmt"/>
      <line num="1168" count="0" type="cond" truecount="0" falsecount="2"/>
      <line num="1169" count="0" type="stmt"/>
      <line num="1171" count="0" type="stmt"/>
      <line num="1172" count="0" type="stmt"/>
      <line num="1174" count="0" type="stmt"/>
      <line num="1175" count="0" type="stmt"/>
      <line num="1176" count="0" type="cond" truecount="0" falsecount="2"/>
      <line num="1177" count="0" type="stmt"/>
      <line num="1180" count="0" type="cond" truecount="0" falsecount="2"/>
      <line num="1181" count="0" type="cond" truecount="0" falsecount="2"/>
      <line num="1183" count="0" type="stmt"/>
      <line num="1184" count="0" type="stmt"/>
      <line num="1185" count="0" type="stmt"/>
      <line num="1186" count="0" type="stmt"/>
      <line num="1189" count="0" type="stmt"/>
      <line num="1193" count="0" type="cond" truecount="0" falsecount="2"/>
      <line num="1195" count="0" type="stmt"/>
      <line num="1200" count="0" type="stmt"/>
      <line num="1202" count="0" type="stmt"/>
      <line num="1209" count="1" type="stmt"/>
    </file>
    <file name="distance.js" path="/home/josh/storage/projects/js-math-tools/src/distance.js">
      <metrics statements="13" coveredstatements="13" conditionals="4" coveredconditionals="4" methods="2" coveredmethods="2"/>
      <line num="1" count="7" type="stmt"/>
      <line num="2" count="7" type="stmt"/>
      <line num="3" count="7" type="stmt"/>
      <line num="4" count="7" type="stmt"/>
      <line num="5" count="7" type="stmt"/>
      <line num="6" count="7" type="stmt"/>
      <line num="7" count="7" type="stmt"/>
      <line num="10" count="11" type="stmt"/>
      <line num="11" count="2678" type="stmt"/>
      <line num="12" count="10" type="cond" truecount="4" falsecount="0"/>
      <line num="13" count="9" type="stmt"/>
      <line num="15" count="1" type="stmt"/>
      <line num="19" count="7" type="stmt"/>
    </file>
    <file name="dot.js" path="/home/josh/storage/projects/js-math-tools/src/dot.js">
      <metrics statements="34" coveredstatements="34" conditionals="22" coveredconditionals="21" methods="4" coveredmethods="4"/>
      <line num="1" count="2" type="stmt"/>
      <line num="2" count="2" type="stmt"/>
      <line num="3" count="2" type="stmt"/>
      <line num="4" count="2" type="stmt"/>
      <line num="5" count="2" type="stmt"/>
      <line num="6" count="2" type="stmt"/>
      <line num="7" count="2" type="stmt"/>
      <line num="8" count="2" type="stmt"/>
      <line num="9" count="2" type="stmt"/>
      <line num="10" count="2" type="stmt"/>
      <line num="13" count="5263" type="stmt"/>
      <line num="18" count="5261" type="stmt"/>
      <line num="23" count="5258" type="stmt"/>
      <line num="26" count="62949" type="stmt"/>
      <line num="32" count="5258" type="stmt"/>
      <line num="33" count="5258" type="stmt"/>
      <line num="35" count="5258" type="stmt"/>
      <line num="40" count="5258" type="stmt"/>
      <line num="47" count="5257" type="cond" truecount="4" falsecount="0"/>
      <line num="48" count="5040" type="stmt"/>
      <line num="49" count="217" type="cond" truecount="4" falsecount="0"/>
      <line num="50" count="2" type="stmt"/>
      <line num="51" count="216" type="cond" truecount="4" falsecount="0"/>
      <line num="52" count="2" type="stmt"/>
      <line num="53" count="215" type="cond" truecount="3" falsecount="1"/>
      <line num="54" count="215" type="stmt"/>
      <line num="55" count="215" type="stmt"/>
      <line num="57" count="215" type="stmt"/>
      <line num="58" count="821" type="stmt"/>
      <line num="60" count="821" type="stmt"/>
      <line num="61" count="5035" type="stmt"/>
      <line num="64" count="821" type="stmt"/>
      <line num="67" count="215" type="stmt"/>
      <line num="71" count="2" type="stmt"/>
    </file>
    <file name="drop-missing-pairwise.js" path="/home/josh/storage/projects/js-math-tools/src/drop-missing-pairwise.js">
      <metrics statements="15" coveredstatements="15" conditionals="8" coveredconditionals="8" methods="1" coveredmethods="1"/>
      <line num="1" count="1" type="stmt"/>
      <line num="2" count="1" type="stmt"/>
      <line num="3" count="1" type="stmt"/>
      <line num="4" count="1" type="stmt"/>
      <line num="5" count="1" type="stmt"/>
      <line num="8" count="9" type="stmt"/>
      <line num="13" count="4" type="stmt"/>
      <line num="18" count="4" type="stmt"/>
      <line num="19" count="4" type="stmt"/>
      <line num="21" count="4" type="stmt"/>
      <line num="22" count="19" type="cond" truecount="4" falsecount="0"/>
      <line num="23" count="9" type="stmt"/>
      <line num="24" count="9" type="stmt"/>
      <line num="28" count="4" type="stmt"/>
      <line num="31" count="1" type="stmt"/>
    </file>
    <file name="drop-missing.js" path="/home/josh/storage/projects/js-math-tools/src/drop-missing.js">
      <metrics statements="8" coveredstatements="8" conditionals="0" coveredconditionals="0" methods="2" coveredmethods="2"/>
      <line num="1" count="2" type="stmt"/>
      <line num="2" count="2" type="stmt"/>
      <line num="3" count="2" type="stmt"/>
      <line num="4" count="2" type="stmt"/>
      <line num="7" count="9" type="stmt"/>
      <line num="12" count="5" type="stmt"/>
      <line num="17" count="39" type="stmt"/>
      <line num="20" count="2" type="stmt"/>
    </file>
    <file name="drop-nan-pairwise.js" path="/home/josh/storage/projects/js-math-tools/src/drop-nan-pairwise.js">
      <metrics statements="16" coveredstatements="16" conditionals="10" coveredconditionals="10" methods="1" coveredmethods="1"/>
      <line num="1" count="3" type="stmt"/>
      <line num="2" count="3" type="stmt"/>
      <line num="3" count="3" type="stmt"/>
      <line num="4" count="3" type="stmt"/>
      <line num="5" count="3" type="stmt"/>
      <line num="6" count="3" type="stmt"/>
      <line num="9" count="24" type="stmt"/>
      <line num="14" count="18" type="stmt"/>
      <line num="19" count="18" type="stmt"/>
      <line num="20" count="18" type="stmt"/>
      <line num="22" count="18" type="stmt"/>
      <line num="23" count="99830" type="cond" truecount="2" falsecount="0"/>
      <line num="29" count="99622" type="stmt"/>
      <line num="30" count="99622" type="stmt"/>
      <line num="34" count="18" type="stmt"/>
      <line num="37" count="3" type="stmt"/>
    </file>
    <file name="drop-nan.js" path="/home/josh/storage/projects/js-math-tools/src/drop-nan.js">
      <metrics statements="9" coveredstatements="9" conditionals="2" coveredconditionals="2" methods="2" coveredmethods="2"/>
      <line num="1" count="18" type="stmt"/>
      <line num="2" count="18" type="stmt"/>
      <line num="3" count="18" type="stmt"/>
      <line num="4" count="18" type="stmt"/>
      <line num="5" count="18" type="stmt"/>
      <line num="8" count="24" type="stmt"/>
      <line num="13" count="20" type="stmt"/>
      <line num="18" count="11028" type="cond" truecount="2" falsecount="0"/>
      <line num="21" count="18" type="stmt"/>
    </file>
    <file name="flatten.js" path="/home/josh/storage/projects/js-math-tools/src/flatten.js">
      <metrics statements="12" coveredstatements="12" conditionals="2" coveredconditionals="2" methods="2" coveredmethods="2"/>
      <line num="1" count="67" type="stmt"/>
      <line num="2" count="67" type="stmt"/>
      <line num="3" count="67" type="stmt"/>
      <line num="6" count="186376" type="stmt"/>
      <line num="11" count="186365" type="stmt"/>
      <line num="13" count="186328" type="stmt"/>
      <line num="15" count="186328" type="stmt"/>
      <line num="16" count="5161991" type="cond" truecount="2" falsecount="0"/>
      <line num="17" count="21343" type="stmt"/>
      <line num="19" count="5140648" type="stmt"/>
      <line num="23" count="186328" type="stmt"/>
      <line num="26" count="67" type="stmt"/>
    </file>
    <file name="float.js" path="/home/josh/storage/projects/js-math-tools/src/float.js">
      <metrics statements="7" coveredstatements="6" conditionals="2" coveredconditionals="1" methods="1" coveredmethods="1"/>
      <line num="1" count="1" type="stmt"/>
      <line num="4" count="14" type="stmt"/>
      <line num="5" count="14" type="stmt"/>
      <line num="6" count="8" type="cond" truecount="1" falsecount="1"/>
      <line num="7" count="0" type="stmt"/>
      <line num="9" count="6" type="stmt"/>
      <line num="13" count="1" type="stmt"/>
    </file>
    <file name="floor.js" path="/home/josh/storage/projects/js-math-tools/src/floor.js">
      <metrics statements="6" coveredstatements="5" conditionals="2" coveredconditionals="2" methods="1" coveredmethods="1"/>
      <line num="1" count="53" type="stmt"/>
      <line num="4" count="141094" type="stmt"/>
      <line num="5" count="141094" type="cond" truecount="2" falsecount="0"/>
      <line num="6" count="141087" type="stmt"/>
      <line num="8" count="0" type="stmt"/>
      <line num="12" count="53" type="stmt"/>
    </file>
    <file name="get-value-at.js" path="/home/josh/storage/projects/js-math-tools/src/get-value-at.js">
      <metrics statements="22" coveredstatements="22" conditionals="10" coveredconditionals="10" methods="2" coveredmethods="2"/>
      <line num="1" count="3" type="stmt"/>
      <line num="2" count="3" type="stmt"/>
      <line num="3" count="3" type="stmt"/>
      <line num="4" count="3" type="stmt"/>
      <line num="5" count="3" type="stmt"/>
      <line num="6" count="3" type="stmt"/>
      <line num="9" count="278" type="stmt"/>
      <line num="14" count="276" type="stmt"/>
      <line num="19" count="272" type="stmt"/>
      <line num="24" count="272" type="cond" truecount="2" falsecount="0"/>
      <line num="25" count="204" type="stmt"/>
      <line num="30" count="204" type="stmt"/>
      <line num="31" count="415" type="stmt"/>
      <line num="37" count="204" type="stmt"/>
      <line num="43" count="271" type="cond" truecount="2" falsecount="0"/>
      <line num="44" count="68" type="stmt"/>
      <line num="45" count="67" type="stmt"/>
      <line num="47" count="203" type="cond" truecount="2" falsecount="0"/>
      <line num="48" count="136" type="stmt"/>
      <line num="49" count="135" type="stmt"/>
      <line num="51" count="67" type="stmt"/>
      <line num="56" count="3" type="stmt"/>
    </file>
    <file name="identity.js" path="/home/josh/storage/projects/js-math-tools/src/identity.js">
      <metrics statements="12" coveredstatements="12" conditionals="0" coveredconditionals="0" methods="1" coveredmethods="1"/>
      <line num="1" count="2" type="stmt"/>
      <line num="2" count="2" type="stmt"/>
      <line num="3" count="2" type="stmt"/>
      <line num="4" count="2" type="stmt"/>
      <line num="7" count="13" type="stmt"/>
      <line num="12" count="12" type="stmt"/>
      <line num="17" count="7" type="stmt"/>
      <line num="22" count="7" type="stmt"/>
      <line num="27" count="6" type="stmt"/>
      <line num="28" count="160" type="stmt"/>
      <line num="29" count="6" type="stmt"/>
      <line num="32" count="2" type="stmt"/>
    </file>
    <file name="index-of.js" path="/home/josh/storage/projects/js-math-tools/src/index-of.js">
      <metrics statements="19" coveredstatements="19" conditionals="13" coveredconditionals="12" methods="1" coveredmethods="1"/>
      <line num="1" count="7" type="stmt"/>
      <line num="2" count="7" type="stmt"/>
      <line num="3" count="7" type="stmt"/>
      <line num="4" count="7" type="stmt"/>
      <line num="5" count="7" type="stmt"/>
      <line num="8" count="1711" type="stmt"/>
      <line num="13" count="1711" type="stmt"/>
      <line num="18" count="1711" type="cond" truecount="4" falsecount="1"/>
      <line num="19" count="1385" type="stmt"/>
      <line num="20" count="9726" type="stmt"/>
      <line num="22" count="9726" type="cond" truecount="6" falsecount="0"/>
      <line num="23" count="75" type="stmt"/>
      <line num="27" count="1310" type="stmt"/>
      <line num="29" count="326" type="stmt"/>
      <line num="30" count="1632" type="stmt"/>
      <line num="31" count="1632" type="stmt"/>
      <line num="32" count="1632" type="cond" truecount="2" falsecount="0"/>
      <line num="36" count="187" type="stmt"/>
      <line num="39" count="7" type="stmt"/>
    </file>
    <file name="int.js" path="/home/josh/storage/projects/js-math-tools/src/int.js">
      <metrics statements="7" coveredstatements="6" conditionals="2" coveredconditionals="1" methods="1" coveredmethods="1"/>
      <line num="1" count="4" type="stmt"/>
      <line num="4" count="429" type="stmt"/>
      <line num="5" count="429" type="stmt"/>
      <line num="6" count="423" type="cond" truecount="1" falsecount="1"/>
      <line num="7" count="0" type="stmt"/>
      <line num="9" count="6" type="stmt"/>
      <line num="13" count="4" type="stmt"/>
    </file>
    <file name="inverse.js" path="/home/josh/storage/projects/js-math-tools/src/inverse.js">
      <metrics statements="53" coveredstatements="52" conditionals="12" coveredconditionals="10" methods="3" coveredmethods="3"/>
      <line num="1" count="1" type="stmt"/>
      <line num="2" count="1" type="stmt"/>
      <line num="3" count="1" type="stmt"/>
      <line num="4" count="1" type="stmt"/>
      <line num="5" count="1" type="stmt"/>
      <line num="6" count="1" type="stmt"/>
      <line num="7" count="1" type="stmt"/>
      <line num="8" count="1" type="stmt"/>
      <line num="9" count="1" type="stmt"/>
      <line num="10" count="1" type="stmt"/>
      <line num="11" count="1" type="stmt"/>
      <line num="12" count="1" type="stmt"/>
      <line num="15" count="153" type="stmt"/>
      <line num="20" count="152" type="stmt"/>
      <line num="25" count="147" type="stmt"/>
      <line num="26" count="5849" type="stmt"/>
      <line num="32" count="146" type="stmt"/>
      <line num="34" count="146" type="stmt"/>
      <line num="39" count="144" type="stmt"/>
      <line num="44" count="143" type="stmt"/>
      <line num="50" count="143" type="cond" truecount="1" falsecount="1"/>
      <line num="51" count="0" type="stmt"/>
      <line num="52" count="143" type="cond" truecount="2" falsecount="0"/>
      <line num="53" count="63" type="stmt"/>
      <line num="54" count="42" type="stmt"/>
      <line num="55" count="80" type="cond" truecount="2" falsecount="0"/>
      <line num="56" count="17" type="stmt"/>
      <line num="57" count="17" type="stmt"/>
      <line num="58" count="17" type="stmt"/>
      <line num="59" count="17" type="stmt"/>
      <line num="61" count="17" type="stmt"/>
      <line num="62" count="17" type="stmt"/>
      <line num="64" count="4" type="stmt"/>
      <line num="69" count="4" type="stmt"/>
      <line num="70" count="63" type="cond" truecount="1" falsecount="1"/>
      <line num="71" count="63" type="stmt"/>
      <line num="72" count="546" type="cond" truecount="4" falsecount="0"/>
      <line num="74" count="63" type="stmt"/>
      <line num="75" count="96" type="stmt"/>
      <line num="76" count="96" type="stmt"/>
      <line num="77" count="96" type="stmt"/>
      <line num="78" count="96" type="stmt"/>
      <line num="79" count="96" type="stmt"/>
      <line num="84" count="96" type="stmt"/>
      <line num="85" count="42" type="stmt"/>
      <line num="87" count="42" type="stmt"/>
      <line num="91" count="42" type="stmt"/>
      <line num="92" count="42" type="stmt"/>
      <line num="93" count="42" type="stmt"/>
      <line num="95" count="42" type="stmt"/>
      <line num="101" count="42" type="stmt"/>
      <line num="105" count="21" type="stmt"/>
      <line num="109" count="1" type="stmt"/>
    </file>
    <file name="is-array.js" path="/home/josh/storage/projects/js-math-tools/src/is-array.js">
      <metrics statements="2" coveredstatements="2" conditionals="0" coveredconditionals="0" methods="1" coveredmethods="1"/>
      <line num="2" count="9182301" type="stmt"/>
      <line num="5" count="71" type="stmt"/>
    </file>
    <file name="is-boolean.js" path="/home/josh/storage/projects/js-math-tools/src/is-boolean.js">
      <metrics statements="2" coveredstatements="2" conditionals="0" coveredconditionals="0" methods="1" coveredmethods="1"/>
      <line num="2" count="27" type="stmt"/>
      <line num="5" count="3" type="stmt"/>
    </file>
    <file name="is-equal.js" path="/home/josh/storage/projects/js-math-tools/src/is-equal.js">
      <metrics statements="21" coveredstatements="21" conditionals="26" coveredconditionals="25" methods="1" coveredmethods="1"/>
      <line num="1" count="18" type="stmt"/>
      <line num="4" count="12736" type="stmt"/>
      <line num="5" count="12736" type="stmt"/>
      <line num="6" count="12736" type="cond" truecount="2" falsecount="0"/>
      <line num="8" count="10424" type="cond" truecount="2" falsecount="0"/>
      <line num="9" count="10422" type="cond" truecount="2" falsecount="0"/>
      <line num="10" count="8509" type="cond" truecount="2" falsecount="0"/>
      <line num="11" count="845" type="cond" truecount="2" falsecount="0"/>
      <line num="12" count="417" type="cond" truecount="2" falsecount="0"/>
      <line num="14" count="415" type="cond" truecount="1" falsecount="1"/>
      <line num="15" count="415" type="cond" truecount="4" falsecount="0"/>
      <line num="16" count="6" type="cond" truecount="2" falsecount="0"/>
      <line num="18" count="409" type="stmt"/>
      <line num="19" count="409" type="stmt"/>
      <line num="20" count="409" type="cond" truecount="2" falsecount="0"/>
      <line num="22" count="403" type="stmt"/>
      <line num="23" count="2837" type="stmt"/>
      <line num="24" count="2837" type="cond" truecount="2" falsecount="0"/>
      <line num="25" count="2831" type="cond" truecount="2" falsecount="0"/>
      <line num="28" count="396" type="stmt"/>
      <line num="33" count="18" type="stmt"/>
    </file>
    <file name="is-function.js" path="/home/josh/storage/projects/js-math-tools/src/is-function.js">
      <metrics statements="2" coveredstatements="2" conditionals="0" coveredconditionals="0" methods="1" coveredmethods="1"/>
      <line num="2" count="332" type="stmt"/>
      <line num="5" count="66" type="stmt"/>
    </file>
    <file name="is-number.js" path="/home/josh/storage/projects/js-math-tools/src/is-number.js">
      <metrics statements="2" coveredstatements="2" conditionals="2" coveredconditionals="2" methods="1" coveredmethods="1"/>
      <line num="2" count="2482252" type="cond" truecount="2" falsecount="0"/>
      <line num="5" count="61" type="stmt"/>
    </file>
    <file name="is-string.js" path="/home/josh/storage/projects/js-math-tools/src/is-string.js">
      <metrics statements="2" coveredstatements="2" conditionals="0" coveredconditionals="0" methods="1" coveredmethods="1"/>
      <line num="2" count="4333" type="stmt"/>
      <line num="5" count="3" type="stmt"/>
    </file>
    <file name="is-undefined.js" path="/home/josh/storage/projects/js-math-tools/src/is-undefined.js">
      <metrics statements="2" coveredstatements="2" conditionals="2" coveredconditionals="2" methods="1" coveredmethods="1"/>
      <line num="2" count="5374271" type="cond" truecount="2" falsecount="0"/>
      <line num="5" count="70" type="stmt"/>
    </file>
    <file name="lerp.js" path="/home/josh/storage/projects/js-math-tools/src/lerp.js">
      <metrics statements="10" coveredstatements="9" conditionals="6" coveredconditionals="5" methods="1" coveredmethods="1"/>
      <line num="1" count="1" type="stmt"/>
      <line num="2" count="1" type="stmt"/>
      <line num="4" count="1" type="stmt"/>
      <line num="5" count="636" type="stmt"/>
      <line num="6" count="636" type="cond" truecount="2" falsecount="0"/>
      <line num="7" count="633" type="cond" truecount="1" falsecount="1"/>
      <line num="8" count="633" type="cond" truecount="2" falsecount="0"/>
      <line num="10" count="631" type="stmt"/>
      <line num="12" count="0" type="stmt"/>
      <line num="16" count="1" type="stmt"/>
    </file>
    <file name="log.js" path="/home/josh/storage/projects/js-math-tools/src/log.js">
      <metrics statements="11" coveredstatements="10" conditionals="6" coveredconditionals="6" methods="1" coveredmethods="1"/>
      <line num="1" count="1" type="stmt"/>
      <line num="2" count="1" type="stmt"/>
      <line num="3" count="1" type="stmt"/>
      <line num="5" count="1" type="stmt"/>
      <line num="6" count="16" type="stmt"/>
      <line num="7" count="16" type="cond" truecount="2" falsecount="0"/>
      <line num="8" count="16" type="cond" truecount="2" falsecount="0"/>
      <line num="9" count="11" type="cond" truecount="2" falsecount="0"/>
      <line num="10" count="10" type="stmt"/>
      <line num="12" count="0" type="stmt"/>
      <line num="16" count="1" type="stmt"/>
    </file>
    <file name="map.js" path="/home/josh/storage/projects/js-math-tools/src/map.js">
      <metrics statements="12" coveredstatements="11" conditionals="10" coveredconditionals="7" methods="1" coveredmethods="1"/>
      <line num="1" count="1" type="stmt"/>
      <line num="2" count="1" type="stmt"/>
      <line num="4" count="1" type="stmt"/>
      <line num="5" count="134" type="stmt"/>
      <line num="6" count="134" type="cond" truecount="2" falsecount="0"/>
      <line num="7" count="131" type="cond" truecount="1" falsecount="1"/>
      <line num="8" count="131" type="cond" truecount="1" falsecount="1"/>
      <line num="9" count="131" type="cond" truecount="1" falsecount="1"/>
      <line num="10" count="131" type="cond" truecount="2" falsecount="0"/>
      <line num="12" count="130" type="stmt"/>
      <line num="14" count="0" type="stmt"/>
      <line num="18" count="1" type="stmt"/>
    </file>
    <file name="max.js" path="/home/josh/storage/projects/js-math-tools/src/max.js">
      <metrics statements="11" coveredstatements="11" conditionals="6" coveredconditionals="6" methods="2" coveredmethods="2"/>
      <line num="1" count="66" type="stmt"/>
      <line num="2" count="66" type="stmt"/>
      <line num="5" count="143066" type="stmt"/>
      <line num="6" count="143066" type="stmt"/>
      <line num="7" count="143058" type="stmt"/>
      <line num="9" count="143058" type="stmt"/>
      <line num="10" count="302235" type="cond" truecount="4" falsecount="0"/>
      <line num="11" count="143125" type="stmt"/>
      <line num="15" count="143058" type="cond" truecount="2" falsecount="0"/>
      <line num="17" count="8" type="stmt"/>
      <line num="21" count="66" type="stmt"/>
    </file>
    <file name="mean.js" path="/home/josh/storage/projects/js-math-tools/src/mean.js">
      <metrics statements="18" coveredstatements="18" conditionals="4" coveredconditionals="4" methods="1" coveredmethods="1"/>
      <line num="1" count="7" type="stmt"/>
      <line num="2" count="7" type="stmt"/>
      <line num="3" count="7" type="stmt"/>
      <line num="4" count="7" type="stmt"/>
      <line num="5" count="7" type="stmt"/>
      <line num="6" count="7" type="stmt"/>
      <line num="7" count="7" type="stmt"/>
      <line num="10" count="52" type="stmt"/>
      <line num="11" count="52" type="cond" truecount="2" falsecount="0"/>
      <line num="12" count="47" type="stmt"/>
      <line num="13" count="43" type="stmt"/>
      <line num="15" count="43" type="stmt"/>
      <line num="16" count="369238" type="stmt"/>
      <line num="17" count="369238" type="cond" truecount="2" falsecount="0"/>
      <line num="18" count="369235" type="stmt"/>
      <line num="21" count="40" type="stmt"/>
      <line num="23" count="7" type="stmt"/>
      <line num="27" count="7" type="stmt"/>
    </file>
    <file name="median.js" path="/home/josh/storage/projects/js-math-tools/src/median.js">
      <metrics statements="19" coveredstatements="19" conditionals="6" coveredconditionals="6" methods="1" coveredmethods="1"/>
      <line num="1" count="1" type="stmt"/>
      <line num="2" count="1" type="stmt"/>
      <line num="3" count="1" type="stmt"/>
      <line num="4" count="1" type="stmt"/>
      <line num="5" count="1" type="stmt"/>
      <line num="6" count="1" type="stmt"/>
      <line num="7" count="1" type="stmt"/>
      <line num="10" count="24" type="stmt"/>
      <line num="11" count="24" type="stmt"/>
      <line num="12" count="16" type="stmt"/>
      <line num="13" count="16" type="cond" truecount="2" falsecount="0"/>
      <line num="14" count="15" type="cond" truecount="2" falsecount="0"/>
      <line num="15" count="14" type="stmt"/>
      <line num="19" count="14" type="cond" truecount="2" falsecount="0"/>
      <line num="20" count="12" type="stmt"/>
      <line num="22" count="2" type="stmt"/>
      <line num="25" count="14" type="stmt"/>
      <line num="27" count="8" type="stmt"/>
      <line num="31" count="1" type="stmt"/>
    </file>
    <file name="min.js" path="/home/josh/storage/projects/js-math-tools/src/min.js">
      <metrics statements="11" coveredstatements="11" conditionals="6" coveredconditionals="6" methods="2" coveredmethods="2"/>
      <line num="1" count="6" type="stmt"/>
      <line num="2" count="6" type="stmt"/>
      <line num="5" count="21" type="stmt"/>
      <line num="6" count="21" type="stmt"/>
      <line num="7" count="13" type="stmt"/>
      <line num="9" count="13" type="stmt"/>
      <line num="10" count="40126" type="cond" truecount="4" falsecount="0"/>
      <line num="11" count="54" type="stmt"/>
      <line num="15" count="13" type="cond" truecount="2" falsecount="0"/>
      <line num="17" count="8" type="stmt"/>
      <line num="21" count="6" type="stmt"/>
    </file>
    <file name="mode.js" path="/home/josh/storage/projects/js-math-tools/src/mode.js">
      <metrics statements="20" coveredstatements="20" conditionals="6" coveredconditionals="5" methods="4" coveredmethods="4"/>
      <line num="1" count="1" type="stmt"/>
      <line num="2" count="1" type="stmt"/>
      <line num="3" count="1" type="stmt"/>
      <line num="4" count="1" type="stmt"/>
      <line num="7" count="24" type="stmt"/>
      <line num="8" count="24" type="cond" truecount="2" falsecount="0"/>
      <line num="10" count="19" type="stmt"/>
      <line num="11" count="15" type="cond" truecount="1" falsecount="1"/>
      <line num="13" count="15" type="stmt"/>
      <line num="14" count="15" type="stmt"/>
      <line num="16" count="15" type="stmt"/>
      <line num="17" count="4080" type="stmt"/>
      <line num="20" count="22760" type="stmt"/>
      <line num="21" count="15" type="stmt"/>
      <line num="23" count="15" type="stmt"/>
      <line num="24" count="4080" type="stmt"/>
      <line num="27" count="15" type="cond" truecount="2" falsecount="0"/>
      <line num="28" count="2" type="stmt"/>
      <line num="30" count="7" type="stmt"/>
      <line num="34" count="1" type="stmt"/>
    </file>
    <file name="ndarray.js" path="/home/josh/storage/projects/js-math-tools/src/ndarray.js">
      <metrics statements="21" coveredstatements="21" conditionals="4" coveredconditionals="4" methods="3" coveredmethods="3"/>
      <line num="1" count="53" type="stmt"/>
      <line num="2" count="53" type="stmt"/>
      <line num="3" count="53" type="stmt"/>
      <line num="4" count="53" type="stmt"/>
      <line num="5" count="53" type="stmt"/>
      <line num="6" count="53" type="stmt"/>
      <line num="9" count="53" type="stmt"/>
      <line num="12" count="27662" type="stmt"/>
      <line num="14" count="27655" type="cond" truecount="2" falsecount="0"/>
      <line num="16" count="27655" type="stmt"/>
      <line num="18" count="27655" type="stmt"/>
      <line num="19" count="31188" type="stmt"/>
      <line num="20" count="31168" type="stmt"/>
      <line num="21" count="31168" type="stmt"/>
      <line num="24" count="27625" type="cond" truecount="2" falsecount="0"/>
      <line num="25" count="536522" type="stmt"/>
      <line num="27" count="3176" type="stmt"/>
      <line num="29" count="3176" type="stmt"/>
      <line num="30" count="26976" type="stmt"/>
      <line num="33" count="3176" type="stmt"/>
      <line num="37" count="53" type="stmt"/>
    </file>
    <file name="normal.js" path="/home/josh/storage/projects/js-math-tools/src/normal.js">
      <metrics statements="10" coveredstatements="10" conditionals="2" coveredconditionals="2" methods="2" coveredmethods="2"/>
      <line num="1" count="37" type="stmt"/>
      <line num="2" count="37" type="stmt"/>
      <line num="3" count="37" type="stmt"/>
      <line num="4" count="37" type="stmt"/>
      <line num="8" count="338280" type="stmt"/>
      <line num="9" count="338280" type="stmt"/>
      <line num="10" count="338280" type="stmt"/>
      <line num="13" count="107" type="cond" truecount="2" falsecount="0"/>
      <line num="14" count="105" type="stmt"/>
      <line num="17" count="37" type="stmt"/>
    </file>
    <file name="ones.js" path="/home/josh/storage/projects/js-math-tools/src/ones.js">
      <metrics statements="4" coveredstatements="4" conditionals="0" coveredconditionals="0" methods="2" coveredmethods="2"/>
      <line num="1" count="3" type="stmt"/>
      <line num="2" count="3" type="stmt"/>
      <line num="5" count="20620" type="stmt"/>
      <line num="8" count="3" type="stmt"/>
    </file>
    <file name="pause.js" path="/home/josh/storage/projects/js-math-tools/src/pause.js">
      <metrics statements="5" coveredstatements="1" conditionals="0" coveredconditionals="0" methods="2" coveredmethods="0"/>
      <line num="2" count="0" type="stmt"/>
      <line num="3" count="0" type="stmt"/>
      <line num="4" count="0" type="stmt"/>
      <line num="6" count="0" type="stmt"/>
      <line num="11" count="1" type="stmt"/>
    </file>
    <file name="pow.js" path="/home/josh/storage/projects/js-math-tools/src/pow.js">
      <metrics statements="8" coveredstatements="7" conditionals="4" coveredconditionals="4" methods="1" coveredmethods="1"/>
      <line num="1" count="50" type="stmt"/>
      <line num="2" count="50" type="stmt"/>
      <line num="5" count="181029" type="stmt"/>
      <line num="6" count="181029" type="cond" truecount="2" falsecount="0"/>
      <line num="7" count="181010" type="cond" truecount="2" falsecount="0"/>
      <line num="8" count="181008" type="stmt"/>
      <line num="10" count="0" type="stmt"/>
      <line num="14" count="50" type="stmt"/>
    </file>
    <file name="print.js" path="/home/josh/storage/projects/js-math-tools/src/print.js">
      <metrics statements="17" coveredstatements="5" conditionals="10" coveredconditionals="0" methods="2" coveredmethods="0"/>
      <line num="1" count="1" type="stmt"/>
      <line num="2" count="1" type="stmt"/>
      <line num="3" count="1" type="stmt"/>
      <line num="4" count="1" type="stmt"/>
      <line num="7" count="0" type="stmt"/>
      <line num="8" count="0" type="stmt"/>
      <line num="10" count="0" type="cond" truecount="0" falsecount="2"/>
      <line num="11" count="0" type="stmt"/>
      <line num="13" count="0" type="cond" truecount="0" falsecount="2"/>
      <line num="14" count="0" type="stmt"/>
      <line num="15" count="0" type="cond" truecount="0" falsecount="2"/>
      <line num="16" count="0" type="stmt"/>
      <line num="18" count="0" type="stmt"/>
      <line num="20" count="0" type="cond" truecount="0" falsecount="4"/>
      <line num="21" count="0" type="stmt"/>
      <line num="23" count="0" type="stmt"/>
      <line num="28" count="1" type="stmt"/>
    </file>
    <file name="random.js" path="/home/josh/storage/projects/js-math-tools/src/random.js">
      <metrics statements="15" coveredstatements="15" conditionals="2" coveredconditionals="2" methods="2" coveredmethods="2"/>
      <line num="1" count="48" type="stmt"/>
      <line num="2" count="48" type="stmt"/>
      <line num="3" count="48" type="stmt"/>
      <line num="4" count="48" type="stmt"/>
      <line num="5" count="48" type="stmt"/>
      <line num="7" count="48" type="stmt"/>
      <line num="8" count="48" type="stmt"/>
      <line num="9" count="48" type="stmt"/>
      <line num="12" count="922880" type="stmt"/>
      <line num="13" count="922880" type="stmt"/>
      <line num="14" count="922880" type="stmt"/>
      <line num="15" count="922880" type="stmt"/>
      <line num="19" count="777008" type="cond" truecount="2" falsecount="0"/>
      <line num="20" count="28" type="stmt"/>
      <line num="23" count="48" type="stmt"/>
    </file>
    <file name="range.js" path="/home/josh/storage/projects/js-math-tools/src/range.js">
      <metrics statements="18" coveredstatements="18" conditionals="11" coveredconditionals="11" methods="1" coveredmethods="1"/>
      <line num="1" count="56" type="stmt"/>
      <line num="2" count="56" type="stmt"/>
      <line num="3" count="56" type="stmt"/>
      <line num="4" count="56" type="stmt"/>
      <line num="7" count="25401" type="stmt"/>
      <line num="12" count="25399" type="stmt"/>
      <line num="17" count="25396" type="stmt"/>
      <line num="22" count="25396" type="stmt"/>
      <line num="24" count="25396" type="cond" truecount="2" falsecount="0"/>
      <line num="25" count="5" type="stmt"/>
      <line num="26" count="5" type="stmt"/>
      <line num="27" count="5" type="stmt"/>
      <line num="28" count="5" type="stmt"/>
      <line num="31" count="25396" type="stmt"/>
      <line num="32" count="544382" type="stmt"/>
      <line num="33" count="25396" type="cond" truecount="2" falsecount="0"/>
      <line num="34" count="25396" type="stmt"/>
      <line num="37" count="56" type="stmt"/>
    </file>
    <file name="reshape.js" path="/home/josh/storage/projects/js-math-tools/src/reshape.js">
      <metrics statements="22" coveredstatements="22" conditionals="7" coveredconditionals="7" methods="4" coveredmethods="4"/>
      <line num="1" count="1" type="stmt"/>
      <line num="2" count="1" type="stmt"/>
      <line num="3" count="1" type="stmt"/>
      <line num="4" count="1" type="stmt"/>
      <line num="5" count="1" type="stmt"/>
      <line num="6" count="9" type="stmt"/>
      <line num="9" count="98" type="stmt"/>
      <line num="14" count="93" type="cond" truecount="2" falsecount="0"/>
      <line num="16" count="93" type="stmt"/>
      <line num="21" count="92" type="stmt"/>
      <line num="26" count="92" type="stmt"/>
      <line num="27" count="101" type="stmt"/>
      <line num="33" count="91" type="cond" truecount="2" falsecount="0"/>
      <line num="35" count="8" type="stmt"/>
      <line num="37" count="8" type="stmt"/>
      <line num="42" count="8" type="stmt"/>
      <line num="43" count="8" type="stmt"/>
      <line num="45" count="8" type="stmt"/>
      <line num="46" count="87" type="stmt"/>
      <line num="47" count="87" type="stmt"/>
      <line num="50" count="8" type="stmt"/>
      <line num="53" count="1" type="stmt"/>
    </file>
    <file name="reverse.js" path="/home/josh/storage/projects/js-math-tools/src/reverse.js">
      <metrics statements="9" coveredstatements="9" conditionals="0" coveredconditionals="0" methods="1" coveredmethods="1"/>
      <line num="1" count="56" type="stmt"/>
      <line num="2" count="56" type="stmt"/>
      <line num="3" count="56" type="stmt"/>
      <line num="6" count="527" type="stmt"/>
      <line num="11" count="524" type="stmt"/>
      <line num="13" count="518" type="stmt"/>
      <line num="14" count="1840" type="stmt"/>
      <line num="15" count="518" type="stmt"/>
      <line num="18" count="56" type="stmt"/>
    </file>
    <file name="round.js" path="/home/josh/storage/projects/js-math-tools/src/round.js">
      <metrics statements="8" coveredstatements="7" conditionals="2" coveredconditionals="2" methods="1" coveredmethods="1"/>
      <line num="1" count="5" type="stmt"/>
      <line num="2" count="5" type="stmt"/>
      <line num="4" count="5" type="stmt"/>
      <line num="5" count="12614" type="stmt"/>
      <line num="6" count="12614" type="cond" truecount="2" falsecount="0"/>
      <line num="7" count="12607" type="stmt"/>
      <line num="9" count="0" type="stmt"/>
      <line num="13" count="5" type="stmt"/>
    </file>
    <file name="scale.js" path="/home/josh/storage/projects/js-math-tools/src/scale.js">
      <metrics statements="8" coveredstatements="7" conditionals="4" coveredconditionals="4" methods="1" coveredmethods="1"/>
      <line num="1" count="14" type="stmt"/>
      <line num="2" count="14" type="stmt"/>
      <line num="5" count="76628" type="stmt"/>
      <line num="6" count="76628" type="cond" truecount="2" falsecount="0"/>
      <line num="7" count="76623" type="cond" truecount="2" falsecount="0"/>
      <line num="8" count="76621" type="stmt"/>
      <line num="10" count="0" type="stmt"/>
      <line num="14" count="14" type="stmt"/>
    </file>
    <file name="seed.js" path="/home/josh/storage/projects/js-math-tools/src/seed.js">
      <metrics statements="11" coveredstatements="11" conditionals="4" coveredconditionals="4" methods="1" coveredmethods="1"/>
      <line num="1" count="48" type="stmt"/>
      <line num="2" count="48" type="stmt"/>
      <line num="3" count="48" type="stmt"/>
      <line num="4" count="48" type="stmt"/>
      <line num="7" count="1845780" type="cond" truecount="2" falsecount="0"/>
      <line num="8" count="922894" type="stmt"/>
      <line num="13" count="922889" type="stmt"/>
      <line num="18" count="922889" type="stmt"/>
      <line num="24" count="1845774" type="cond" truecount="2" falsecount="0"/>
      <line num="25" count="922886" type="stmt"/>
      <line num="28" count="48" type="stmt"/>
    </file>
    <file name="series.js" path="/home/josh/storage/projects/js-math-tools/src/series.js">
      <metrics statements="212" coveredstatements="151" conditionals="74" coveredconditionals="47" methods="47" coveredmethods="33"/>
      <line num="1" count="2" type="stmt"/>
      <line num="2" count="2" type="stmt"/>
      <line num="3" count="2" type="stmt"/>
      <line num="4" count="2" type="stmt"/>
      <line num="5" count="2" type="stmt"/>
      <line num="6" count="2" type="stmt"/>
      <line num="7" count="2" type="stmt"/>
      <line num="8" count="2" type="stmt"/>
      <line num="9" count="2" type="stmt"/>
      <line num="10" count="2" type="stmt"/>
      <line num="11" count="2" type="stmt"/>
      <line num="12" count="2" type="stmt"/>
      <line num="13" count="2" type="stmt"/>
      <line num="14" count="2" type="stmt"/>
      <line num="15" count="2" type="stmt"/>
      <line num="16" count="2" type="stmt"/>
      <line num="19" count="5" type="cond" truecount="2" falsecount="0"/>
      <line num="23" count="5" type="cond" truecount="2" falsecount="0"/>
[...]
      <line num="344" count="3" type="stmt"/>
      <line num="345" count="3" type="stmt"/>
      <line num="349" count="1" type="stmt"/>
      <line num="350" count="1" type="stmt"/>
      <line num="354" count="0" type="stmt"/>
      <line num="355" count="0" type="stmt"/>
      <line num="356" count="0" type="stmt"/>
      <line num="358" count="0" type="stmt"/>
      <line num="359" count="0" type="stmt"/>
      <line num="362" count="0" type="stmt"/>
      <line num="366" count="0" type="stmt"/>
      <line num="367" count="0" type="stmt"/>
      <line num="368" count="0" type="cond" truecount="0" falsecount="2"/>
      <line num="370" count="0" type="cond" truecount="0" falsecount="2"/>
      <line num="371" count="0" type="stmt"/>
      <line num="377" count="0" type="stmt"/>
      <line num="378" count="0" type="stmt"/>
      <line num="379" count="0" type="stmt"/>
      <line num="380" count="0" type="stmt"/>
      <line num="381" count="0" type="stmt"/>
      <line num="384" count="0" type="stmt"/>
      <line num="386" count="0" type="stmt"/>
      <line num="387" count="0" type="stmt"/>
      <line num="388" count="0" type="stmt"/>
      <line num="389" count="0" type="stmt"/>
      <line num="392" count="0" type="stmt"/>
      <line num="393" count="0" type="stmt"/>
      <line num="397" count="5" type="stmt"/>
      <line num="402" count="5" type="stmt"/>
      <line num="404" count="5" type="cond" truecount="2" falsecount="0"/>
      <line num="405" count="1" type="stmt"/>
      <line num="408" count="5" type="cond" truecount="2" falsecount="0"/>
      <line num="409" count="2" type="stmt"/>
      <line num="411" count="2" type="stmt"/>
      <line num="416" count="2" type="stmt"/>
      <line num="419" count="5" type="cond" truecount="2" falsecount="0"/>
      <line num="420" count="2" type="stmt"/>
      <line num="423" count="5" type="stmt"/>
      <line num="424" count="5" type="stmt"/>
      <line num="426" count="5" type="stmt"/>
      <line num="428" count="30" type="cond" truecount="1" falsecount="1"/>
      <line num="429" count="30" type="cond" truecount="4" falsecount="0"/>
      <line num="430" count="15" type="cond" truecount="3" falsecount="1"/>
      <line num="434" count="5" type="stmt"/>
      <line num="435" count="5" type="stmt"/>
      <line num="436" count="5" type="stmt"/>
      <line num="437" count="5" type="stmt"/>
      <line num="441" count="0" type="stmt"/>
      <line num="442" count="0" type="stmt"/>
      <line num="444" count="0" type="stmt"/>
      <line num="446" count="0" type="cond" truecount="0" falsecount="2"/>
      <line num="447" count="0" type="cond" truecount="0" falsecount="2"/>
      <line num="448" count="0" type="cond" truecount="0" falsecount="2"/>
      <line num="452" count="0" type="stmt"/>
      <line num="453" count="0" type="stmt"/>
      <line num="454" count="0" type="stmt"/>
      <line num="455" count="0" type="stmt"/>
      <line num="459" count="0" type="stmt"/>
      <line num="460" count="0" type="stmt"/>
      <line num="461" count="0" type="stmt"/>
      <line num="462" count="0" type="stmt"/>
      <line num="464" count="0" type="stmt"/>
      <line num="465" count="0" type="stmt"/>
      <line num="466" count="0" type="cond" truecount="0" falsecount="2"/>
      <line num="467" count="0" type="stmt"/>
      <line num="470" count="0" type="stmt"/>
      <line num="471" count="0" type="stmt"/>
      <line num="474" count="0" type="cond" truecount="0" falsecount="2"/>
      <line num="475" count="0" type="stmt"/>
      <line num="476" count="0" type="stmt"/>
      <line num="477" count="0" type="stmt"/>
      <line num="480" count="0" type="stmt"/>
      <line num="481" count="0" type="stmt"/>
      <line num="482" count="0" type="stmt"/>
      <line num="486" count="2" type="stmt"/>
    </file>
    <file name="set-value-at.js" path="/home/josh/storage/projects/js-math-tools/src/set-value-at.js">
      <metrics statements="14" coveredstatements="14" conditionals="2" coveredconditionals="2" methods="1" coveredmethods="1"/>
      <line num="1" count="2" type="stmt"/>
      <line num="2" count="2" type="stmt"/>
      <line num="3" count="2" type="stmt"/>
      <line num="4" count="2" type="stmt"/>
      <line num="7" count="140" type="stmt"/>
      <line num="12" count="135" type="cond" truecount="2" falsecount="0"/>
      <line num="14" count="135" type="stmt"/>
      <line num="19" count="134" type="stmt"/>
      <line num="20" count="134" type="stmt"/>
      <line num="22" count="134" type="stmt"/>
      <line num="23" count="262" type="stmt"/>
      <line num="26" count="134" type="stmt"/>
      <line num="27" count="134" type="stmt"/>
      <line num="30" count="2" type="stmt"/>
    </file>
    <file name="set.js" path="/home/josh/storage/projects/js-math-tools/src/set.js">
      <metrics statements="14" coveredstatements="14" conditionals="6" coveredconditionals="6" methods="2" coveredmethods="2"/>
      <line num="1" count="16" type="stmt"/>
      <line num="2" count="16" type="stmt"/>
      <line num="3" count="16" type="stmt"/>
      <line num="4" count="16" type="stmt"/>
      <line num="7" count="96" type="stmt"/>
      <line num="8" count="96" type="stmt"/>
      <line num="10" count="96" type="stmt"/>
      <line num="11" count="96" type="stmt"/>
      <line num="13" count="96" type="stmt"/>
      <line num="15" count="47972" type="cond" truecount="2" falsecount="0"/>
      <line num="21" count="47972" type="cond" truecount="2" falsecount="0"/>
      <line num="22" count="47972" type="stmt"/>
      <line num="25" count="96" type="stmt"/>
      <line num="28" count="16" type="stmt"/>
    </file>
    <file name="shape.js" path="/home/josh/storage/projects/js-math-tools/src/shape.js">
      <metrics statements="17" coveredstatements="17" conditionals="2" coveredconditionals="2" methods="4" coveredmethods="4"/>
      <line num="1" count="36" type="stmt"/>
      <line num="2" count="36" type="stmt"/>
      <line num="3" count="36" type="stmt"/>
      <line num="4" count="36" type="stmt"/>
      <line num="7" count="16843" type="stmt"/>
      <line num="8" count="16840" type="stmt"/>
      <line num="10" count="16834" type="stmt"/>
      <line num="11" count="310458" type="stmt"/>
      <line num="13" count="16834" type="cond" truecount="2" falsecount="0"/>
      <line num="14" count="2383" type="stmt"/>
      <line num="19" count="15503" type="stmt"/>
      <line num="20" count="2383" type="stmt"/>
      <line num="22" count="2383" type="stmt"/>
      <line num="23" count="15502" type="stmt"/>
      <line num="29" count="2382" type="stmt"/>
      <line num="32" count="16833" type="stmt"/>
      <line num="35" count="36" type="stmt"/>
    </file>
    <file name="shuffle.js" path="/home/josh/storage/projects/js-math-tools/src/shuffle.js">
      <metrics statements="16" coveredstatements="16" conditionals="0" coveredconditionals="0" methods="1" coveredmethods="1"/>
      <line num="1" count="6" type="stmt"/>
      <line num="2" count="6" type="stmt"/>
      <line num="3" count="6" type="stmt"/>
      <line num="4" count="6" type="stmt"/>
      <line num="5" count="6" type="stmt"/>
      <line num="8" count="37" type="stmt"/>
      <line num="13" count="34" type="stmt"/>
      <line num="15" count="28" type="stmt"/>
      <line num="17" count="28" type="stmt"/>
      <line num="18" count="50208" type="stmt"/>
      <line num="19" count="50208" type="stmt"/>
      <line num="20" count="50208" type="stmt"/>
      <line num="21" count="50208" type="stmt"/>
      <line num="22" count="50208" type="stmt"/>
      <line num="25" count="28" type="stmt"/>
      <line num="28" count="6" type="stmt"/>
    </file>
    <file name="sign.js" path="/home/josh/storage/projects/js-math-tools/src/sign.js">
      <metrics statements="9" coveredstatements="7" conditionals="6" coveredconditionals="5" methods="1" coveredmethods="1"/>
      <line num="1" count="2" type="stmt"/>
      <line num="2" count="2" type="stmt"/>
      <line num="5" count="30133" type="stmt"/>
      <line num="6" count="30133" type="cond" truecount="2" falsecount="0"/>
      <line num="7" count="30125" type="cond" truecount="2" falsecount="0"/>
      <line num="8" count="15175" type="cond" truecount="1" falsecount="1"/>
      <line num="9" count="0" type="stmt"/>
      <line num="11" count="0" type="stmt"/>
      <line num="15" count="2" type="stmt"/>
    </file>
    <file name="sin.js" path="/home/josh/storage/projects/js-math-tools/src/sin.js">
      <metrics statements="7" coveredstatements="6" conditionals="2" coveredconditionals="2" methods="1" coveredmethods="1"/>
      <line num="1" count="1" type="stmt"/>
      <line num="2" count="1" type="stmt"/>
      <line num="5" count="10012" type="stmt"/>
      <line num="6" count="10012" type="cond" truecount="2" falsecount="0"/>
      <line num="7" count="10004" type="stmt"/>
      <line num="9" count="0" type="stmt"/>
      <line num="13" count="1" type="stmt"/>
    </file>
    <file name="slice.js" path="/home/josh/storage/projects/js-math-tools/src/slice.js">
      <metrics statements="27" coveredstatements="27" conditionals="13" coveredconditionals="12" methods="3" coveredmethods="3"/>
      <line num="1" count="3" type="stmt"/>
      <line num="2" count="3" type="stmt"/>
      <line num="3" count="3" type="stmt"/>
      <line num="4" count="3" type="stmt"/>
      <line num="5" count="3" type="stmt"/>
      <line num="6" count="3" type="stmt"/>
      <line num="7" count="3" type="stmt"/>
      <line num="8" count="3" type="stmt"/>
      <line num="11" count="1793" type="stmt"/>
      <line num="12" count="1791" type="stmt"/>
      <line num="14" count="1787" type="cond" truecount="1" falsecount="1"/>
      <line num="16" count="1787" type="stmt"/>
      <line num="21" count="1787" type="stmt"/>
      <line num="22" count="9016" type="stmt"/>
      <line num="28" count="1787" type="stmt"/>
      <line num="29" count="1787" type="cond" truecount="2" falsecount="0"/>
      <line num="30" count="1787" type="cond" truecount="2" falsecount="0"/>
      <line num="32" count="1787" type="stmt"/>
      <line num="34" count="1787" type="stmt"/>
      <line num="35" count="7689" type="stmt"/>
      <line num="36" count="7689" type="cond" truecount="2" falsecount="0"/>
      <line num="38" count="7689" type="stmt"/>
      <line num="40" count="7689" type="cond" truecount="2" falsecount="0"/>
      <line num="41" count="1394" type="stmt"/>
      <line num="43" count="6295" type="stmt"/>
      <line num="49" count="1787" type="stmt"/>
      <line num="52" count="3" type="stmt"/>
    </file>
    <file name="sort.js" path="/home/josh/storage/projects/js-math-tools/src/sort.js">
      <metrics statements="15" coveredstatements="15" conditionals="6" coveredconditionals="6" methods="2" coveredmethods="2"/>
      <line num="1" count="10" type="stmt"/>
      <line num="2" count="10" type="stmt"/>
      <line num="3" count="10" type="stmt"/>
      <line num="4" count="10" type="stmt"/>
      <line num="7" count="214927" type="cond" truecount="2" falsecount="0"/>
      <line num="8" count="103441" type="cond" truecount="2" falsecount="0"/>
      <line num="9" count="11202" type="stmt"/>
      <line num="13" count="71" type="cond" truecount="2" falsecount="0"/>
      <line num="15" count="71" type="stmt"/>
      <line num="16" count="68" type="stmt"/>
      <line num="18" count="63" type="stmt"/>
      <line num="23" count="62" type="stmt"/>
      <line num="24" count="62" type="stmt"/>
      <line num="25" count="62" type="stmt"/>
      <line num="28" count="10" type="stmt"/>
    </file>
    <file name="sqrt.js" path="/home/josh/storage/projects/js-math-tools/src/sqrt.js">
      <metrics statements="8" coveredstatements="7" conditionals="4" coveredconditionals="4" methods="1" coveredmethods="1"/>
      <line num="1" count="13" type="stmt"/>
      <line num="2" count="13" type="stmt"/>
      <line num="5" count="39" type="stmt"/>
      <line num="6" count="39" type="cond" truecount="2" falsecount="0"/>
      <line num="7" count="33" type="cond" truecount="2" falsecount="0"/>
      <line num="8" count="32" type="stmt"/>
      <line num="10" count="0" type="stmt"/>
      <line num="14" count="13" type="stmt"/>
    </file>
    <file name="std.js" path="/home/josh/storage/projects/js-math-tools/src/std.js">
      <metrics statements="18" coveredstatements="18" conditionals="6" coveredconditionals="5" methods="1" coveredmethods="1"/>
      <line num="1" count="5" type="stmt"/>
      <line num="2" count="5" type="stmt"/>
      <line num="3" count="5" type="stmt"/>
      <line num="4" count="5" type="stmt"/>
      <line num="5" count="5" type="stmt"/>
      <line num="8" count="38" type="stmt"/>
      <line num="9" count="38" type="cond" truecount="2" falsecount="0"/>
      <line num="11" count="28" type="stmt"/>
      <line num="12" count="20" type="cond" truecount="1" falsecount="1"/>
      <line num="14" count="20" type="stmt"/>
      <line num="15" count="20" type="stmt"/>
      <line num="17" count="20" type="stmt"/>
      <line num="18" count="179616" type="stmt"/>
      <line num="19" count="179616" type="cond" truecount="2" falsecount="0"/>
      <line num="20" count="179614" type="stmt"/>
      <line num="23" count="18" type="stmt"/>
      <line num="25" count="14" type="stmt"/>
      <line num="29" count="5" type="stmt"/>
    </file>
    <file name="sum.js" path="/home/josh/storage/projects/js-math-tools/src/sum.js">
      <metrics statements="14" coveredstatements="14" conditionals="4" coveredconditionals="4" methods="1" coveredmethods="1"/>
      <line num="1" count="16" type="stmt"/>
      <line num="2" count="16" type="stmt"/>
      <line num="3" count="16" type="stmt"/>
      <line num="6" count="5056" type="stmt"/>
      <line num="7" count="5056" type="stmt"/>
      <line num="8" count="5054" type="cond" truecount="2" falsecount="0"/>
      <line num="9" count="5053" type="stmt"/>
      <line num="11" count="5053" type="stmt"/>
      <line num="12" count="26189" type="stmt"/>
      <line num="13" count="26189" type="cond" truecount="2" falsecount="0"/>
      <line num="14" count="2" type="stmt"/>
      <line num="17" count="5051" type="stmt"/>
      <line num="19" count="2" type="stmt"/>
      <line num="23" count="16" type="stmt"/>
    </file>
    <file name="tan.js" path="/home/josh/storage/projects/js-math-tools/src/tan.js">
      <metrics statements="7" coveredstatements="6" conditionals="2" coveredconditionals="2" methods="1" coveredmethods="1"/>
      <line num="1" count="1" type="stmt"/>
      <line num="2" count="1" type="stmt"/>
      <line num="5" count="13" type="stmt"/>
      <line num="6" count="13" type="cond" truecount="2" falsecount="0"/>
      <line num="7" count="5" type="stmt"/>
      <line num="9" count="0" type="stmt"/>
      <line num="13" count="1" type="stmt"/>
    </file>
    <file name="transpose.js" path="/home/josh/storage/projects/js-math-tools/src/transpose.js">
      <metrics statements="19" coveredstatements="19" conditionals="4" coveredconditionals="3" methods="1" coveredmethods="1"/>
      <line num="1" count="6" type="stmt"/>
      <line num="2" count="6" type="stmt"/>
      <line num="3" count="6" type="stmt"/>
      <line num="4" count="6" type="stmt"/>
      <line num="5" count="6" type="stmt"/>
      <line num="6" count="6" type="stmt"/>
      <line num="9" count="516" type="stmt"/>
      <line num="14" count="513" type="stmt"/>
      <line num="16" count="507" type="stmt"/>
      <line num="18" count="507" type="stmt"/>
      <line num="23" count="506" type="cond" truecount="2" falsecount="0"/>
      <line num="24" count="2" type="stmt"/>
      <line num="25" count="504" type="cond" truecount="1" falsecount="1"/>
      <line num="26" count="504" type="stmt"/>
      <line num="28" count="504" type="stmt"/>
      <line num="29" count="3060" type="stmt"/>
      <line num="30" count="18458" type="stmt"/>
      <line num="34" count="504" type="stmt"/>
      <line num="38" count="6" type="stmt"/>
    </file>
    <file name="variance.js" path="/home/josh/storage/projects/js-math-tools/src/variance.js">
      <metrics statements="6" coveredstatements="5" conditionals="0" coveredconditionals="0" methods="1" coveredmethods="1"/>
      <line num="1" count="1" type="stmt"/>
      <line num="2" count="1" type="stmt"/>
      <line num="5" count="13" type="stmt"/>
      <line num="6" count="13" type="stmt"/>
      <line num="8" count="0" type="stmt"/>
      <line num="12" count="1" type="stmt"/>
    </file>
    <file name="vectorize.js" path="/home/josh/storage/projects/js-math-tools/src/vectorize.js">
      <metrics statements="26" coveredstatements="26" conditionals="4" coveredconditionals="4" methods="7" coveredmethods="7"/>
      <line num="1" count="64" type="stmt"/>
      <line num="2" count="64" type="stmt"/>
      <line num="3" count="64" type="stmt"/>
      <line num="4" count="64" type="stmt"/>
      <line num="5" count="64" type="stmt"/>
      <line num="8" count="253" type="stmt"/>
      <line num="13" count="250" type="stmt"/>
      <line num="18" count="244" type="stmt"/>
      <line num="20" count="1071643" type="stmt"/>
      <line num="21" count="1936182" type="stmt"/>
      <line num="24" count="1071643" type="cond" truecount="2" falsecount="0"/>
      <line num="25" count="40791" type="stmt"/>
      <line num="26" count="40791" type="stmt"/>
      <line num="27" count="78434" type="stmt"/>
      <line num="28" count="46864" type="stmt"/>
      <line num="29" count="40791" type="stmt"/>
      <line num="31" count="40791" type="stmt"/>
      <line num="32" count="46859" type="stmt"/>
      <line num="38" count="40785" type="stmt"/>
      <line num="39" count="744998" type="stmt"/>
      <line num="40" count="1424122" type="cond" truecount="2" falsecount="0"/>
      <line num="41" count="627084" type="stmt"/>
      <line num="44" count="744998" type="stmt"/>
      <line num="47" count="40785" type="stmt"/>
      <line num="49" count="1030852" type="stmt"/>
      <line num="54" count="64" type="stmt"/>
    </file>
    <file name="where.js" path="/home/josh/storage/projects/js-math-tools/src/where.js">
      <metrics statements="24" coveredstatements="24" conditionals="4" coveredconditionals="3" methods="1" coveredmethods="1"/>
      <line num="1" count="1" type="stmt"/>
      <line num="2" count="1" type="stmt"/>
      <line num="3" count="1" type="stmt"/>
      <line num="4" count="1" type="stmt"/>
      <line num="5" count="1" type="stmt"/>
      <line num="6" count="1" type="stmt"/>
      <line num="7" count="1" type="stmt"/>
      <line num="10" count="10" type="stmt"/>
      <line num="15" count="3" type="stmt"/>
      <line num="20" count="2" type="stmt"/>
      <line num="21" count="2" type="stmt"/>
      <line num="22" count="2" type="stmt"/>
      <line num="23" count="2" type="stmt"/>
      <line num="24" count="2" type="stmt"/>
      <line num="26" count="2" type="stmt"/>
      <line num="27" count="69" type="stmt"/>
      <line num="29" count="69" type="cond" truecount="2" falsecount="0"/>
      <line num="30" count="67" type="stmt"/>
      <line num="31" count="67" type="stmt"/>
      <line num="32" count="67" type="stmt"/>
      <line num="34" count="2" type="stmt"/>
      <line num="38" count="2" type="cond" truecount="1" falsecount="1"/>
      <line num="39" count="2" type="stmt"/>
      <line num="42" count="1" type="stmt"/>
    </file>
    <file name="zeros.js" path="/home/josh/storage/projects/js-math-tools/src/zeros.js">
      <metrics statements="4" coveredstatements="4" conditionals="0" coveredconditionals="0" methods="2" coveredmethods="2"/>
      <line num="1" count="8" type="stmt"/>
      <line num="2" count="8" type="stmt"/>
      <line num="5" count="12538" type="stmt"/>
      <line num="8" count="8" type="stmt"/>
    </file>
  </project>
</coverage>
