{"/home/josh/storage/projects/js-math-tools/src/abs.js": {"path":"/home/josh/storage/projects/js-math-tools/src/abs.js","statementMap":{"0":{"start":{"line":1,"column":18},"end":{"line":1,"column":43}},"1":{"start":{"line":3,"column":12},"end":{"line":10,"column":2}},"2":{"start":{"line":4,"column":2},"end":{"line":9,"column":3}},"3":{"start":{"line":5,"column":4},"end":{"line":5,"column":42}},"4":{"start":{"line":5,"column":32},"end":{"line":5,"column":42}},"5":{"start":{"line":6,"column":4},"end":{"line":6,"column":22}},"6":{"start":{"line":8,"column":4},"end":{"line":8,"column":14}},"7":{"start":{"line":12,"column":0},"end":{"line":12,"column":20}}},"fnMap":{"0":{"name":"(anonymous_0)","decl":{"start":{"line":3,"column":22},"end":{"line":3,"column":23}},"loc":{"start":{"line":3,"column":35},"end":{"line":10,"column":1}},"line":3}},"branchMap":{"0":{"loc":{"start":{"line":5,"column":4},"end":{"line":5,"column":42}},"type":"if","locations":[{"start":{"line":5,"column":4},"end":{"line":5,"column":42}},{"start":{"line":5,"column":4},"end":{"line":5,"column":42}}],"line":5}},"s":{"0":16,"1":16,"2":55,"3":55,"4":2,"5":53,"6":0,"7":16},"f":{"0":55},"b":{"0":[2,53]},"_coverageSchema":"1a1c01bbd47fc00a2c39e90264f33305004495a9","hash":"33bfba8611855158b0dcb221b2db52b766c317a7"}
,"/home/josh/storage/projects/js-math-tools/src/add.js": {"path":"/home/josh/storage/projects/js-math-tools/src/add.js","statementMap":{"0":{"start":{"line":1,"column":18},"end":{"line":1,"column":43}},"1":{"start":{"line":3,"column":12},"end":{"line":20,"column":2}},"2":{"start":{"line":4,"column":2},"end":{"line":19,"column":3}},"3":{"start":{"line":6,"column":17},"end":{"line":6,"column":39}},"4":{"start":{"line":8,"column":4},"end":{"line":14,"column":5}},"5":{"start":{"line":8,"column":17},"end":{"line":8,"column":18}},"6":{"start":{"line":9,"column":18},"end":{"line":9,"column":25}},"7":{"start":{"line":10,"column":20},"end":{"line":10,"column":34}},"8":{"start":{"line":11,"column":6},"end":{"line":11,"column":47}},"9":{"start":{"line":11,"column":37},"end":{"line":11,"column":47}},"10":{"start":{"line":12,"column":6},"end":{"line":13,"column":32}},"11":{"start":{"line":12,"column":16},"end":{"line":12,"column":27}},"12":{"start":{"line":13,"column":11},"end":{"line":13,"column":32}},"13":{"start":{"line":16,"column":4},"end":{"line":16,"column":14}},"14":{"start":{"line":18,"column":4},"end":{"line":18,"column":14}},"15":{"start":{"line":22,"column":0},"end":{"line":22,"column":20}}},"fnMap":{"0":{"name":"(anonymous_0)","decl":{"start":{"line":3,"column":22},"end":{"line":3,"column":23}},"loc":{"start":{"line":3,"column":34},"end":{"line":20,"column":1}},"line":3}},"branchMap":{"0":{"loc":{"start":{"line":11,"column":6},"end":{"line":11,"column":47}},"type":"if","locations":[{"start":{"line":11,"column":6},"end":{"line":11,"column":47}},{"start":{"line":11,"column":6},"end":{"line":11,"column":47}}],"line":11},"1":{"loc":{"start":{"line":12,"column":6},"end":{"line":13,"column":32}},"type":"if","locations":[{"start":{"line":12,"column":6},"end":{"line":13,"column":32}},{"start":{"line":12,"column":6},"end":{"line":13,"column":32}}],"line":12}},"s":{"0":12,"1":12,"2":46814,"3":46814,"4":46814,"5":46814,"6":93628,"7":93628,"8":93628,"9":1,"10":93627,"11":47705,"12":45922,"13":46813,"14":0,"15":12},"f":{"0":46814},"b":{"0":[1,93627],"1":[47705,45922]},"_coverageSchema":"1a1c01bbd47fc00a2c39e90264f33305004495a9","hash":"007fff00d9013bf28c6c063d237d7b2e2de668c4"}
,"/home/josh/storage/projects/js-math-tools/src/append.js": {"path":"/home/josh/storage/projects/js-math-tools/src/append.js","statementMap":{"0":{"start":{"line":1,"column":15},"end":{"line":1,"column":37}},"1":{"start":{"line":2,"column":20},"end":{"line":2,"column":48}},"2":{"start":{"line":3,"column":16},"end":{"line":3,"column":40}},"3":{"start":{"line":4,"column":17},"end":{"line":4,"column":42}},"4":{"start":{"line":5,"column":14},"end":{"line":5,"column":35}},"5":{"start":{"line":6,"column":18},"end":{"line":6,"column":43}},"6":{"start":{"line":9,"column":2},"end":{"line":12,"column":3}},"7":{"start":{"line":14,"column":2},"end":{"line":17,"column":3}},"8":{"start":{"line":19,"column":2},"end":{"line":19,"column":76}},"9":{"start":{"line":20,"column":2},"end":{"line":20,"column":76}},"10":{"start":{"line":22,"column":2},"end":{"line":25,"column":3}},"11":{"start":{"line":27,"column":2},"end":{"line":30,"column":3}},"12":{"start":{"line":32,"column":2},"end":{"line":35,"column":3}},"13":{"start":{"line":37,"column":17},"end":{"line":37,"column":25}},"14":{"start":{"line":38,"column":17},"end":{"line":38,"column":25}},"15":{"start":{"line":40,"column":2},"end":{"line":43,"column":3}},"16":{"start":{"line":45,"column":2},"end":{"line":48,"column":3}},"17":{"start":{"line":50,"column":2},"end":{"line":57,"column":3}},"18":{"start":{"line":50,"column":15},"end":{"line":50,"column":16}},"19":{"start":{"line":51,"column":4},"end":{"line":56,"column":5}},"20":{"start":{"line":52,"column":6},"end":{"line":55,"column":7}},"21":{"start":{"line":59,"column":2},"end":{"line":62,"column":3}},"22":{"start":{"line":64,"column":2},"end":{"line":77,"column":3}},"23":{"start":{"line":65,"column":4},"end":{"line":65,"column":13}},"24":{"start":{"line":66,"column":9},"end":{"line":77,"column":3}},"25":{"start":{"line":67,"column":4},"end":{"line":67,"column":22}},"26":{"start":{"line":68,"column":9},"end":{"line":77,"column":3}},"27":{"start":{"line":69,"column":4},"end":{"line":76,"column":5}},"28":{"start":{"line":70,"column":18},"end":{"line":70,"column":20}},"29":{"start":{"line":71,"column":6},"end":{"line":71,"column":56}},"30":{"start":{"line":71,"column":19},"end":{"line":71,"column":20}},"31":{"start":{"line":71,"column":42},"end":{"line":71,"column":56}},"32":{"start":{"line":72,"column":6},"end":{"line":72,"column":56}},"33":{"start":{"line":72,"column":19},"end":{"line":72,"column":20}},"34":{"start":{"line":72,"column":42},"end":{"line":72,"column":56}},"35":{"start":{"line":73,"column":6},"end":{"line":73,"column":16}},"36":{"start":{"line":74,"column":11},"end":{"line":76,"column":5}},"37":{"start":{"line":75,"column":6},"end":{"line":75,"column":61}},"38":{"start":{"line":80,"column":0},"end":{"line":80,"column":23}}},"fnMap":{"0":{"name":"append","decl":{"start":{"line":8,"column":9},"end":{"line":8,"column":15}},"loc":{"start":{"line":8,"column":32},"end":{"line":78,"column":1}},"line":8}},"branchMap":{"0":{"loc":{"start":{"line":8,"column":22},"end":{"line":8,"column":30}},"type":"default-arg","locations":[{"start":{"line":8,"column":29},"end":{"line":8,"column":30}}],"line":8},"1":{"loc":{"start":{"line":28,"column":4},"end":{"line":28,"column":25}},"type":"binary-expr","locations":[{"start":{"line":28,"column":4},"end":{"line":28,"column":13}},{"start":{"line":28,"column":17},"end":{"line":28,"column":25}}],"line":28},"2":{"loc":{"start":{"line":46,"column":4},"end":{"line":46,"column":42}},"type":"binary-expr","locations":[{"start":{"line":46,"column":4},"end":{"line":46,"column":21}},{"start":{"line":46,"column":25},"end":{"line":46,"column":42}}],"line":46},"3":{"loc":{"start":{"line":51,"column":4},"end":{"line":56,"column":5}},"type":"if","locations":[{"start":{"line":51,"column":4},"end":{"line":56,"column":5}},{"start":{"line":51,"column":4},"end":{"line":56,"column":5}}],"line":51},"4":{"loc":{"start":{"line":64,"column":2},"end":{"line":77,"column":3}},"type":"if","locations":[{"start":{"line":64,"column":2},"end":{"line":77,"column":3}},{"start":{"line":64,"column":2},"end":{"line":77,"column":3}}],"line":64},"5":{"loc":{"start":{"line":66,"column":9},"end":{"line":77,"column":3}},"type":"if","locations":[{"start":{"line":66,"column":9},"end":{"line":77,"column":3}},{"start":{"line":66,"column":9},"end":{"line":77,"column":3}}],"line":66},"6":{"loc":{"start":{"line":68,"column":9},"end":{"line":77,"column":3}},"type":"if","locations":[{"start":{"line":68,"column":9},"end":{"line":77,"column":3}},{"start":{"line":68,"column":9},"end":{"line":77,"column":3}}],"line":68},"7":{"loc":{"start":{"line":69,"column":4},"end":{"line":76,"column":5}},"type":"if","locations":[{"start":{"line":69,"column":4},"end":{"line":76,"column":5}},{"start":{"line":69,"column":4},"end":{"line":76,"column":5}}],"line":69},"8":{"loc":{"start":{"line":74,"column":11},"end":{"line":76,"column":5}},"type":"if","locations":[{"start":{"line":74,"column":11},"end":{"line":76,"column":5}},{"start":{"line":74,"column":11},"end":{"line":76,"column":5}}],"line":74}},"s":{"0":2,"1":2,"2":2,"3":2,"4":2,"5":2,"6":223,"7":222,"8":222,"9":222,"10":221,"11":221,"12":221,"13":221,"14":221,"15":221,"16":221,"17":220,"18":220,"19":438,"20":219,"21":217,"22":217,"23":0,"24":217,"25":1,"26":216,"27":216,"28":130,"29":130,"30":130,"31":136,"32":130,"33":130,"34":981,"35":130,"36":86,"37":86,"38":2},"f":{"0":223},"b":{"0":[2],"1":[221,221],"2":[221,220],"3":[219,219],"4":[0,217],"5":[1,216],"6":[216,0],"7":[130,86],"8":[86,0]},"_coverageSchema":"1a1c01bbd47fc00a2c39e90264f33305004495a9","hash":"149bd46dff6d42e2f18aadaf076e5b452b757c33"}
,"/home/josh/storage/projects/js-math-tools/src/apply.js": {"path":"/home/josh/storage/projects/js-math-tools/src/apply.js","statementMap":{"0":{"start":{"line":1,"column":18},"end":{"line":1,"column":43}},"1":{"start":{"line":4,"column":2},"end":{"line":8,"column":3}},"2":{"start":{"line":5,"column":4},"end":{"line":5,"column":16}},"3":{"start":{"line":7,"column":4},"end":{"line":7,"column":14}},"4":{"start":{"line":11,"column":0},"end":{"line":11,"column":33}}},"fnMap":{"0":{"name":"apply","decl":{"start":{"line":3,"column":9},"end":{"line":3,"column":14}},"loc":{"start":{"line":3,"column":22},"end":{"line":9,"column":1}},"line":3}},"branchMap":{},"s":{"0":52,"1":520605,"2":520605,"3":4,"4":52},"f":{"0":520605},"b":{},"_coverageSchema":"1a1c01bbd47fc00a2c39e90264f33305004495a9","hash":"932066db6df48cc66e8361e0b01013f2ece50161"}
,"/home/josh/storage/projects/js-math-tools/src/arccos.js": {"path":"/home/josh/storage/projects/js-math-tools/src/arccos.js","statementMap":{"0":{"start":{"line":1,"column":18},"end":{"line":1,"column":43}},"1":{"start":{"line":3,"column":15},"end":{"line":9,"column":2}},"2":{"start":{"line":4,"column":2},"end":{"line":8,"column":3}},"3":{"start":{"line":5,"column":4},"end":{"line":5,"column":23}},"4":{"start":{"line":7,"column":4},"end":{"line":7,"column":14}},"5":{"start":{"line":11,"column":0},"end":{"line":11,"column":23}}},"fnMap":{"0":{"name":"(anonymous_0)","decl":{"start":{"line":3,"column":25},"end":{"line":3,"column":26}},"loc":{"start":{"line":3,"column":38},"end":{"line":9,"column":1}},"line":3}},"branchMap":{},"s":{"0":1,"1":1,"2":5,"3":5,"4":0,"5":1},"f":{"0":5},"b":{},"_coverageSchema":"1a1c01bbd47fc00a2c39e90264f33305004495a9","hash":"8a3e5ea6cce550cd2b65cd752f973130e3b16c45"}
,"/home/josh/storage/projects/js-math-tools/src/arcsin.js": {"path":"/home/josh/storage/projects/js-math-tools/src/arcsin.js","statementMap":{"0":{"start":{"line":1,"column":18},"end":{"line":1,"column":43}},"1":{"start":{"line":3,"column":15},"end":{"line":9,"column":2}},"2":{"start":{"line":4,"column":2},"end":{"line":8,"column":3}},"3":{"start":{"line":5,"column":4},"end":{"line":5,"column":23}},"4":{"start":{"line":7,"column":4},"end":{"line":7,"column":14}},"5":{"start":{"line":11,"column":0},"end":{"line":11,"column":23}}},"fnMap":{"0":{"name":"(anonymous_0)","decl":{"start":{"line":3,"column":25},"end":{"line":3,"column":26}},"loc":{"start":{"line":3,"column":38},"end":{"line":9,"column":1}},"line":3}},"branchMap":{},"s":{"0":1,"1":1,"2":5,"3":5,"4":0,"5":1},"f":{"0":5},"b":{},"_coverageSchema":"1a1c01bbd47fc00a2c39e90264f33305004495a9","hash":"7faacd69f0dd66c50a02200e508e6fdb63b93bc2"}
,"/home/josh/storage/projects/js-math-tools/src/arctan.js": {"path":"/home/josh/storage/projects/js-math-tools/src/arctan.js","statementMap":{"0":{"start":{"line":1,"column":18},"end":{"line":1,"column":43}},"1":{"start":{"line":3,"column":15},"end":{"line":9,"column":2}},"2":{"start":{"line":4,"column":2},"end":{"line":8,"column":3}},"3":{"start":{"line":5,"column":4},"end":{"line":5,"column":23}},"4":{"start":{"line":7,"column":4},"end":{"line":7,"column":14}},"5":{"start":{"line":11,"column":0},"end":{"line":11,"column":23}}},"fnMap":{"0":{"name":"(anonymous_0)","decl":{"start":{"line":3,"column":25},"end":{"line":3,"column":26}},"loc":{"start":{"line":3,"column":38},"end":{"line":9,"column":1}},"line":3}},"branchMap":{},"s":{"0":1,"1":1,"2":4,"3":4,"4":0,"5":1},"f":{"0":4},"b":{},"_coverageSchema":"1a1c01bbd47fc00a2c39e90264f33305004495a9","hash":"ac1a4b4e69b96fe0ce457b28031a96ec93406037"}
,"/home/josh/storage/projects/js-math-tools/src/argmax.js": {"path":"/home/josh/storage/projects/js-math-tools/src/argmax.js","statementMap":{"0":{"start":{"line":1,"column":16},"end":{"line":1,"column":40}},"1":{"start":{"line":2,"column":12},"end":{"line":2,"column":31}},"2":{"start":{"line":5,"column":2},"end":{"line":9,"column":3}},"3":{"start":{"line":6,"column":4},"end":{"line":6,"column":29}},"4":{"start":{"line":8,"column":4},"end":{"line":8,"column":14}},"5":{"start":{"line":12,"column":0},"end":{"line":12,"column":23}}},"fnMap":{"0":{"name":"argmax","decl":{"start":{"line":4,"column":9},"end":{"line":4,"column":15}},"loc":{"start":{"line":4,"column":19},"end":{"line":10,"column":1}},"line":4}},"branchMap":{},"s":{"0":1,"1":1,"2":2,"3":2,"4":0,"5":1},"f":{"0":2},"b":{},"_coverageSchema":"1a1c01bbd47fc00a2c39e90264f33305004495a9","hash":"6576d2ae25dc6fb2e437eaf6d101415ad04744d7"}
,"/home/josh/storage/projects/js-math-tools/src/argmin.js": {"path":"/home/josh/storage/projects/js-math-tools/src/argmin.js","statementMap":{"0":{"start":{"line":1,"column":16},"end":{"line":1,"column":40}},"1":{"start":{"line":2,"column":12},"end":{"line":2,"column":31}},"2":{"start":{"line":5,"column":2},"end":{"line":9,"column":3}},"3":{"start":{"line":6,"column":4},"end":{"line":6,"column":29}},"4":{"start":{"line":8,"column":4},"end":{"line":8,"column":14}},"5":{"start":{"line":12,"column":0},"end":{"line":12,"column":23}}},"fnMap":{"0":{"name":"argmin","decl":{"start":{"line":4,"column":9},"end":{"line":4,"column":15}},"loc":{"start":{"line":4,"column":19},"end":{"line":10,"column":1}},"line":4}},"branchMap":{},"s":{"0":1,"1":1,"2":2,"3":2,"4":0,"5":1},"f":{"0":2},"b":{},"_coverageSchema":"1a1c01bbd47fc00a2c39e90264f33305004495a9","hash":"af809da6da7e65bdb4d9e27294284ef3dd8e21b8"}
,"/home/josh/storage/projects/js-math-tools/src/assert.js": {"path":"/home/josh/storage/projects/js-math-tools/src/assert.js","statementMap":{"0":{"start":{"line":1,"column":0},"end":{"line":3,"column":1}},"1":{"start":{"line":2,"column":2},"end":{"line":2,"column":39}},"2":{"start":{"line":2,"column":15},"end":{"line":2,"column":39}}},"fnMap":{"0":{"name":"(anonymous_0)","decl":{"start":{"line":1,"column":17},"end":{"line":1,"column":18}},"loc":{"start":{"line":1,"column":44},"end":{"line":3,"column":1}},"line":1}},"branchMap":{"0":{"loc":{"start":{"line":2,"column":2},"end":{"line":2,"column":39}},"type":"if","locations":[{"start":{"line":2,"column":2},"end":{"line":2,"column":39}},{"start":{"line":2,"column":2},"end":{"line":2,"column":39}}],"line":2}},"s":{"0":70,"1":3608641,"2":304},"f":{"0":3608641},"b":{"0":[304,3608337]},"_coverageSchema":"1a1c01bbd47fc00a2c39e90264f33305004495a9","hash":"37a322cb4d81c0afb02592211f313625d4294f26"}
,"/home/josh/storage/projects/js-math-tools/src/ceil.js": {"path":"/home/josh/storage/projects/js-math-tools/src/ceil.js","statementMap":{"0":{"start":{"line":1,"column":16},"end":{"line":1,"column":41}},"1":{"start":{"line":3,"column":11},"end":{"line":10,"column":2}},"2":{"start":{"line":4,"column":2},"end":{"line":9,"column":3}},"3":{"start":{"line":5,"column":4},"end":{"line":5,"column":41}},"4":{"start":{"line":5,"column":31},"end":{"line":5,"column":41}},"5":{"start":{"line":6,"column":4},"end":{"line":6,"column":23}},"6":{"start":{"line":8,"column":4},"end":{"line":8,"column":14}},"7":{"start":{"line":12,"column":0},"end":{"line":12,"column":21}}},"fnMap":{"0":{"name":"(anonymous_0)","decl":{"start":{"line":3,"column":21},"end":{"line":3,"column":22}},"loc":{"start":{"line":3,"column":34},"end":{"line":10,"column":1}},"line":3}},"branchMap":{"0":{"loc":{"start":{"line":5,"column":4},"end":{"line":5,"column":41}},"type":"if","locations":[{"start":{"line":5,"column":4},"end":{"line":5,"column":41}},{"start":{"line":5,"column":4},"end":{"line":5,"column":41}}],"line":5}},"s":{"0":1,"1":1,"2":512,"3":512,"4":7,"5":505,"6":0,"7":1},"f":{"0":512},"b":{"0":[7,505]},"_coverageSchema":"1a1c01bbd47fc00a2c39e90264f33305004495a9","hash":"5d567b748c2f6cf3d0a1da49608464365f45dfb1"}
,"/home/josh/storage/projects/js-math-tools/src/chop.js": {"path":"/home/josh/storage/projects/js-math-tools/src/chop.js","statementMap":{"0":{"start":{"line":1,"column":18},"end":{"line":1,"column":46}},"1":{"start":{"line":2,"column":10},"end":{"line":2,"column":29}},"2":{"start":{"line":3,"column":16},"end":{"line":3,"column":41}},"3":{"start":{"line":5,"column":11},"end":{"line":14,"column":2}},"4":{"start":{"line":6,"column":2},"end":{"line":13,"column":3}},"5":{"start":{"line":7,"column":4},"end":{"line":7,"column":28}},"6":{"start":{"line":7,"column":18},"end":{"line":7,"column":28}},"7":{"start":{"line":8,"column":4},"end":{"line":8,"column":51}},"8":{"start":{"line":8,"column":41},"end":{"line":8,"column":51}},"9":{"start":{"line":9,"column":4},"end":{"line":9,"column":78}},"10":{"start":{"line":10,"column":4},"end":{"line":10,"column":37}},"11":{"start":{"line":12,"column":4},"end":{"line":12,"column":14}},"12":{"start":{"line":16,"column":0},"end":{"line":16,"column":21}}},"fnMap":{"0":{"name":"(anonymous_0)","decl":{"start":{"line":5,"column":21},"end":{"line":5,"column":22}},"loc":{"start":{"line":5,"column":45},"end":{"line":14,"column":1}},"line":5}},"branchMap":{"0":{"loc":{"start":{"line":7,"column":4},"end":{"line":7,"column":28}},"type":"if","locations":[{"start":{"line":7,"column":4},"end":{"line":7,"column":28}},{"start":{"line":7,"column":4},"end":{"line":7,"column":28}}],"line":7},"1":{"loc":{"start":{"line":8,"column":4},"end":{"line":8,"column":51}},"type":"if","locations":[{"start":{"line":8,"column":4},"end":{"line":8,"column":51}},{"start":{"line":8,"column":4},"end":{"line":8,"column":51}}],"line":8},"2":{"loc":{"start":{"line":8,"column":8},"end":{"line":8,"column":39}},"type":"binary-expr","locations":[{"start":{"line":8,"column":8},"end":{"line":8,"column":19}},{"start":{"line":8,"column":23},"end":{"line":8,"column":39}}],"line":8},"3":{"loc":{"start":{"line":9,"column":16},"end":{"line":9,"column":78}},"type":"cond-expr","locations":[{"start":{"line":9,"column":61},"end":{"line":9,"column":66}},{"start":{"line":9,"column":69},"end":{"line":9,"column":78}}],"line":9},"4":{"loc":{"start":{"line":9,"column":16},"end":{"line":9,"column":58}},"type":"binary-expr","locations":[{"start":{"line":9,"column":16},"end":{"line":9,"column":38}},{"start":{"line":9,"column":42},"end":{"line":9,"column":58}}],"line":9},"5":{"loc":{"start":{"line":10,"column":11},"end":{"line":10,"column":37}},"type":"cond-expr","locations":[{"start":{"line":10,"column":32},"end":{"line":10,"column":33}},{"start":{"line":10,"column":36},"end":{"line":10,"column":37}}],"line":10}},"s":{"0":6,"1":6,"2":6,"3":6,"4":23,"5":23,"6":1,"7":22,"8":1,"9":21,"10":21,"11":0,"12":6},"f":{"0":23},"b":{"0":[1,22],"1":[1,21],"2":[22,6],"3":[16,5],"4":[21,5],"5":[14,7]},"_coverageSchema":"1a1c01bbd47fc00a2c39e90264f33305004495a9","hash":"ca7850e5038ca207bc3adf30b1f8d9a24f74bd06"}
,"/home/josh/storage/projects/js-math-tools/src/clamp.js": {"path":"/home/josh/storage/projects/js-math-tools/src/clamp.js","statementMap":{"0":{"start":{"line":1,"column":18},"end":{"line":1,"column":43}},"1":{"start":{"line":3,"column":14},"end":{"line":15,"column":2}},"2":{"start":{"line":4,"column":2},"end":{"line":14,"column":3}},"3":{"start":{"line":5,"column":4},"end":{"line":5,"column":28}},"4":{"start":{"line":5,"column":18},"end":{"line":5,"column":28}},"5":{"start":{"line":6,"column":4},"end":{"line":6,"column":28}},"6":{"start":{"line":6,"column":18},"end":{"line":6,"column":28}},"7":{"start":{"line":7,"column":4},"end":{"line":7,"column":28}},"8":{"start":{"line":7,"column":18},"end":{"line":7,"column":28}},"9":{"start":{"line":9,"column":4},"end":{"line":9,"column":23}},"10":{"start":{"line":9,"column":15},"end":{"line":9,"column":23}},"11":{"start":{"line":10,"column":4},"end":{"line":10,"column":23}},"12":{"start":{"line":10,"column":15},"end":{"line":10,"column":23}},"13":{"start":{"line":11,"column":4},"end":{"line":11,"column":12}},"14":{"start":{"line":13,"column":4},"end":{"line":13,"column":14}},"15":{"start":{"line":17,"column":0},"end":{"line":17,"column":22}}},"fnMap":{"0":{"name":"(anonymous_0)","decl":{"start":{"line":3,"column":24},"end":{"line":3,"column":25}},"loc":{"start":{"line":3,"column":43},"end":{"line":15,"column":1}},"line":3}},"branchMap":{"0":{"loc":{"start":{"line":5,"column":4},"end":{"line":5,"column":28}},"type":"if","locations":[{"start":{"line":5,"column":4},"end":{"line":5,"column":28}},{"start":{"line":5,"column":4},"end":{"line":5,"column":28}}],"line":5},"1":{"loc":{"start":{"line":6,"column":4},"end":{"line":6,"column":28}},"type":"if","locations":[{"start":{"line":6,"column":4},"end":{"line":6,"column":28}},{"start":{"line":6,"column":4},"end":{"line":6,"column":28}}],"line":6},"2":{"loc":{"start":{"line":7,"column":4},"end":{"line":7,"column":28}},"type":"if","locations":[{"start":{"line":7,"column":4},"end":{"line":7,"column":28}},{"start":{"line":7,"column":4},"end":{"line":7,"column":28}}],"line":7},"3":{"loc":{"start":{"line":9,"column":4},"end":{"line":9,"column":23}},"type":"if","locations":[{"start":{"line":9,"column":4},"end":{"line":9,"column":23}},{"start":{"line":9,"column":4},"end":{"line":9,"column":23}}],"line":9},"4":{"loc":{"start":{"line":10,"column":4},"end":{"line":10,"column":23}},"type":"if","locations":[{"start":{"line":10,"column":4},"end":{"line":10,"column":23}},{"start":{"line":10,"column":4},"end":{"line":10,"column":23}}],"line":10}},"s":{"0":1,"1":1,"2":12,"3":12,"4":1,"5":11,"6":1,"7":10,"8":1,"9":9,"10":3,"11":6,"12":3,"13":3,"14":0,"15":1},"f":{"0":12},"b":{"0":[1,11],"1":[1,10],"2":[1,9],"3":[3,6],"4":[3,3]},"_coverageSchema":"1a1c01bbd47fc00a2c39e90264f33305004495a9","hash":"9721625a78abec8eebaabfe36a02842ce2b75187"}
,"/home/josh/storage/projects/js-math-tools/src/copy.js": {"path":"/home/josh/storage/projects/js-math-tools/src/copy.js","statementMap":{"0":{"start":{"line":1,"column":15},"end":{"line":1,"column":37}},"1":{"start":{"line":2,"column":20},"end":{"line":2,"column":48}},"2":{"start":{"line":3,"column":16},"end":{"line":3,"column":40}},"3":{"start":{"line":6,"column":2},"end":{"line":22,"column":3}},"4":{"start":{"line":7,"column":4},"end":{"line":19,"column":5}},"5":{"start":{"line":8,"column":6},"end":{"line":8,"column":14}},"6":{"start":{"line":9,"column":11},"end":{"line":19,"column":5}},"7":{"start":{"line":10,"column":6},"end":{"line":10,"column":24}},"8":{"start":{"line":12,"column":18},"end":{"line":12,"column":20}},"9":{"start":{"line":14,"column":6},"end":{"line":16,"column":8}},"10":{"start":{"line":15,"column":8},"end":{"line":15,"column":31}},"11":{"start":{"line":18,"column":6},"end":{"line":18,"column":16}},"12":{"start":{"line":21,"column":4},"end":{"line":21,"column":12}},"13":{"start":{"line":25,"column":0},"end":{"line":25,"column":21}}},"fnMap":{"0":{"name":"copy","decl":{"start":{"line":5,"column":9},"end":{"line":5,"column":13}},"loc":{"start":{"line":5,"column":17},"end":{"line":23,"column":1}},"line":5},"1":{"name":"(anonymous_1)","decl":{"start":{"line":14,"column":29},"end":{"line":14,"column":30}},"loc":{"start":{"line":14,"column":44},"end":{"line":16,"column":7}},"line":14}},"branchMap":{"0":{"loc":{"start":{"line":6,"column":2},"end":{"line":22,"column":3}},"type":"if","locations":[{"start":{"line":6,"column":2},"end":{"line":22,"column":3}},{"start":{"line":6,"column":2},"end":{"line":22,"column":3}}],"line":6},"1":{"loc":{"start":{"line":7,"column":4},"end":{"line":19,"column":5}},"type":"if","locations":[{"start":{"line":7,"column":4},"end":{"line":19,"column":5}},{"start":{"line":7,"column":4},"end":{"line":19,"column":5}}],"line":7},"2":{"loc":{"start":{"line":9,"column":11},"end":{"line":19,"column":5}},"type":"if","locations":[{"start":{"line":9,"column":11},"end":{"line":19,"column":5}},{"start":{"line":9,"column":11},"end":{"line":19,"column":5}}],"line":9}},"s":{"0":5,"1":5,"2":5,"3":24164,"4":6770,"5":2077,"6":4693,"7":4691,"8":2,"9":2,"10":6,"11":2,"12":17394,"13":5},"f":{"0":24164,"1":6},"b":{"0":[6770,17394],"1":[2077,4693],"2":[4691,2]},"_coverageSchema":"1a1c01bbd47fc00a2c39e90264f33305004495a9","hash":"5be7179b5b1a03b30019b2cd024399bf185f1c6d"}
,"/home/josh/storage/projects/js-math-tools/src/correl.js": {"path":"/home/josh/storage/projects/js-math-tools/src/correl.js","statementMap":{"0":{"start":{"line":1,"column":19},"end":{"line":1,"column":45}},"1":{"start":{"line":2,"column":12},"end":{"line":2,"column":31}},"2":{"start":{"line":3,"column":24},"end":{"line":3,"column":57}},"3":{"start":{"line":6,"column":2},"end":{"line":12,"column":3}},"4":{"start":{"line":7,"column":27},"end":{"line":7,"column":48}},"5":{"start":{"line":8,"column":4},"end":{"line":8,"column":60}},"6":{"start":{"line":8,"column":50},"end":{"line":8,"column":60}},"7":{"start":{"line":9,"column":4},"end":{"line":9,"column":63}},"8":{"start":{"line":11,"column":4},"end":{"line":11,"column":14}},"9":{"start":{"line":15,"column":0},"end":{"line":15,"column":23}}},"fnMap":{"0":{"name":"correl","decl":{"start":{"line":5,"column":9},"end":{"line":5,"column":15}},"loc":{"start":{"line":5,"column":22},"end":{"line":13,"column":1}},"line":5}},"branchMap":{"0":{"loc":{"start":{"line":8,"column":4},"end":{"line":8,"column":60}},"type":"if","locations":[{"start":{"line":8,"column":4},"end":{"line":8,"column":60}},{"start":{"line":8,"column":4},"end":{"line":8,"column":60}}],"line":8},"1":{"loc":{"start":{"line":8,"column":8},"end":{"line":8,"column":48}},"type":"binary-expr","locations":[{"start":{"line":8,"column":8},"end":{"line":8,"column":26}},{"start":{"line":8,"column":30},"end":{"line":8,"column":48}}],"line":8}},"s":{"0":1,"1":1,"2":1,"3":7,"4":7,"5":6,"6":2,"7":4,"8":1,"9":1},"f":{"0":7},"b":{"0":[2,4],"1":[6,4]},"_coverageSchema":"1a1c01bbd47fc00a2c39e90264f33305004495a9","hash":"cb8310caba69dae1072878a01fed6766b8cdfb20"}
,"/home/josh/storage/projects/js-math-tools/src/cos.js": {"path":"/home/josh/storage/projects/js-math-tools/src/cos.js","statementMap":{"0":{"start":{"line":1,"column":17},"end":{"line":1,"column":42}},"1":{"start":{"line":2,"column":18},"end":{"line":2,"column":43}},"2":{"start":{"line":5,"column":2},"end":{"line":10,"column":3}},"3":{"start":{"line":6,"column":4},"end":{"line":6,"column":32}},"4":{"start":{"line":6,"column":22},"end":{"line":6,"column":32}},"5":{"start":{"line":7,"column":4},"end":{"line":7,"column":22}},"6":{"start":{"line":9,"column":4},"end":{"line":9,"column":14}},"7":{"start":{"line":13,"column":0},"end":{"line":13,"column":31}}},"fnMap":{"0":{"name":"cos","decl":{"start":{"line":4,"column":9},"end":{"line":4,"column":12}},"loc":{"start":{"line":4,"column":16},"end":{"line":11,"column":1}},"line":4}},"branchMap":{"0":{"loc":{"start":{"line":6,"column":4},"end":{"line":6,"column":32}},"type":"if","locations":[{"start":{"line":6,"column":4},"end":{"line":6,"column":32}},{"start":{"line":6,"column":4},"end":{"line":6,"column":32}}],"line":6}},"s":{"0":1,"1":1,"2":10012,"3":10012,"4":8,"5":10004,"6":0,"7":1},"f":{"0":10012},"b":{"0":[8,10004]},"_coverageSchema":"1a1c01bbd47fc00a2c39e90264f33305004495a9","hash":"a2140442c2e286393f857b6d193b0cf145d66ad2"}
,"/home/josh/storage/projects/js-math-tools/src/count.js": {"path":"/home/josh/storage/projects/js-math-tools/src/count.js","statementMap":{"0":{"start":{"line":1,"column":15},"end":{"line":1,"column":37}},"1":{"start":{"line":2,"column":20},"end":{"line":2,"column":48}},"2":{"start":{"line":3,"column":16},"end":{"line":3,"column":40}},"3":{"start":{"line":4,"column":16},"end":{"line":4,"column":39}},"4":{"start":{"line":5,"column":16},"end":{"line":5,"column":40}},"5":{"start":{"line":6,"column":12},"end":{"line":6,"column":31}},"6":{"start":{"line":9,"column":2},"end":{"line":12,"column":3}},"7":{"start":{"line":14,"column":2},"end":{"line":17,"column":3}},"8":{"start":{"line":20,"column":15},"end":{"line":20,"column":27}},"9":{"start":{"line":21,"column":2},"end":{"line":21,"column":47}},"10":{"start":{"line":23,"column":2},"end":{"line":30,"column":3}},"11":{"start":{"line":24,"column":4},"end":{"line":27,"column":6}},"12":{"start":{"line":25,"column":16},"end":{"line":25,"column":66}},"13":{"start":{"line":25,"column":37},"end":{"line":25,"column":58}},"14":{"start":{"line":26,"column":6},"end":{"line":26,"column":38}},"15":{"start":{"line":29,"column":4},"end":{"line":29,"column":55}},"16":{"start":{"line":29,"column":32},"end":{"line":29,"column":47}},"17":{"start":{"line":33,"column":0},"end":{"line":33,"column":22}}},"fnMap":{"0":{"name":"count","decl":{"start":{"line":8,"column":9},"end":{"line":8,"column":14}},"loc":{"start":{"line":8,"column":27},"end":{"line":31,"column":1}},"line":8},"1":{"name":"(anonymous_1)","decl":{"start":{"line":24,"column":30},"end":{"line":24,"column":31}},"loc":{"start":{"line":24,"column":47},"end":{"line":27,"column":5}},"line":24},"2":{"name":"(anonymous_2)","decl":{"start":{"line":25,"column":28},"end":{"line":25,"column":29}},"loc":{"start":{"line":25,"column":37},"end":{"line":25,"column":58}},"line":25},"3":{"name":"(anonymous_3)","decl":{"start":{"line":29,"column":23},"end":{"line":29,"column":24}},"loc":{"start":{"line":29,"column":32},"end":{"line":29,"column":47}},"line":29}},"branchMap":{"0":{"loc":{"start":{"line":21,"column":10},"end":{"line":21,"column":47}},"type":"cond-expr","locations":[{"start":{"line":21,"column":31},"end":{"line":21,"column":39}},{"start":{"line":21,"column":42},"end":{"line":21,"column":47}}],"line":21},"1":{"loc":{"start":{"line":23,"column":2},"end":{"line":30,"column":3}},"type":"if","locations":[{"start":{"line":23,"column":2},"end":{"line":30,"column":3}},{"start":{"line":23,"column":2},"end":{"line":30,"column":3}}],"line":23}},"s":{"0":2,"1":2,"2":2,"3":2,"4":2,"5":2,"6":4086,"7":4086,"8":4086,"9":4086,"10":4086,"11":2,"12":7,"13":97,"14":7,"15":4084,"16":4070093,"17":2},"f":{"0":4086,"1":7,"2":97,"3":4070093},"b":{"0":[1,4085],"1":[2,4084]},"_coverageSchema":"1a1c01bbd47fc00a2c39e90264f33305004495a9","hash":"02993bfabd22ad2f7f0afa5a50d3631fd9776993"}
,"/home/josh/storage/projects/js-math-tools/src/covariance.js": {"path":"/home/josh/storage/projects/js-math-tools/src/covariance.js","statementMap":{"0":{"start":{"line":1,"column":15},"end":{"line":1,"column":37}},"1":{"start":{"line":2,"column":13},"end":{"line":2,"column":33}},"2":{"start":{"line":3,"column":24},"end":{"line":3,"column":57}},"3":{"start":{"line":6,"column":2},"end":{"line":31,"column":3}},"4":{"start":{"line":7,"column":4},"end":{"line":10,"column":5}},"5":{"start":{"line":12,"column":27},"end":{"line":12,"column":48}},"6":{"start":{"line":13,"column":4},"end":{"line":13,"column":60}},"7":{"start":{"line":13,"column":50},"end":{"line":13,"column":60}},"8":{"start":{"line":15,"column":4},"end":{"line":18,"column":5}},"9":{"start":{"line":20,"column":15},"end":{"line":20,"column":26}},"10":{"start":{"line":21,"column":15},"end":{"line":21,"column":26}},"11":{"start":{"line":22,"column":14},"end":{"line":22,"column":15}},"12":{"start":{"line":24,"column":4},"end":{"line":26,"column":5}},"13":{"start":{"line":24,"column":17},"end":{"line":24,"column":18}},"14":{"start":{"line":25,"column":6},"end":{"line":25,"column":46}},"15":{"start":{"line":28,"column":4},"end":{"line":28,"column":29}},"16":{"start":{"line":30,"column":4},"end":{"line":30,"column":14}},"17":{"start":{"line":34,"column":0},"end":{"line":34,"column":27}}},"fnMap":{"0":{"name":"covariance","decl":{"start":{"line":5,"column":9},"end":{"line":5,"column":19}},"loc":{"start":{"line":5,"column":26},"end":{"line":32,"column":1}},"line":5}},"branchMap":{"0":{"loc":{"start":{"line":13,"column":4},"end":{"line":13,"column":60}},"type":"if","locations":[{"start":{"line":13,"column":4},"end":{"line":13,"column":60}},{"start":{"line":13,"column":4},"end":{"line":13,"column":60}}],"line":13},"1":{"loc":{"start":{"line":13,"column":8},"end":{"line":13,"column":48}},"type":"binary-expr","locations":[{"start":{"line":13,"column":8},"end":{"line":13,"column":26}},{"start":{"line":13,"column":30},"end":{"line":13,"column":48}}],"line":13}},"s":{"0":2,"1":2,"2":2,"3":9,"4":9,"5":8,"6":8,"7":1,"8":7,"9":7,"10":7,"11":7,"12":7,"13":7,"14":59808,"15":7,"16":1,"17":2},"f":{"0":9},"b":{"0":[1,7],"1":[8,7]},"_coverageSchema":"1a1c01bbd47fc00a2c39e90264f33305004495a9","hash":"b4ae880b48ca963cfd88996d373fe994690d9e2b"}
,"/home/josh/storage/projects/js-math-tools/src/dataframe.js": {"path":"/home/josh/storage/projects/js-math-tools/src/dataframe.js","statementMap":{"0":{"start":{"line":1,"column":15},"end":{"line":1,"column":37}},"1":{"start":{"line":2,"column":16},"end":{"line":2,"column":40}},"2":{"start":{"line":3,"column":20},"end":{"line":3,"column":48}},"3":{"start":{"line":4,"column":14},"end":{"line":4,"column":35}},"4":{"start":{"line":5,"column":18},"end":{"line":5,"column":43}},"5":{"start":{"line":6,"column":14},"end":{"line":6,"column":35}},"6":{"start":{"line":7,"column":17},"end":{"line":7,"column":42}},"7":{"start":{"line":8,"column":17},"end":{"line":8,"column":42}},"8":{"start":{"line":9,"column":14},"end":{"line":9,"column":35}},"9":{"start":{"line":10,"column":19},"end":{"line":10,"column":46}},"10":{"start":{"line":11,"column":16},"end":{"line":11,"column":39}},"11":{"start":{"line":12,"column":13},"end":{"line":12,"column":33}},"12":{"start":{"line":13,"column":15},"end":{"line":13,"column":37}},"13":{"start":{"line":14,"column":16},"end":{"line":14,"column":39}},"14":{"start":{"line":15,"column":16},"end":{"line":15,"column":40}},"15":{"start":{"line":16,"column":12},"end":{"line":16,"column":31}},"16":{"start":{"line":17,"column":12},"end":{"line":17,"column":31}},"17":{"start":{"line":18,"column":12},"end":{"line":18,"column":31}},"18":{"start":{"line":19,"column":18},"end":{"line":19,"column":44}},"19":{"start":{"line":20,"column":15},"end":{"line":20,"column":37}},"20":{"start":{"line":21,"column":13},"end":{"line":21,"column":33}},"21":{"start":{"line":24,"column":16},"end":{"line":24,"column":54}},"22":{"start":{"line":25,"column":12},"end":{"line":25,"column":14}},"23":{"start":{"line":26,"column":2},"end":{"line":27,"column":56}},"24":{"start":{"line":26,"column":15},"end":{"line":26,"column":16}},"25":{"start":{"line":27,"column":4},"end":{"line":27,"column":56}},"26":{"start":{"line":28,"column":2},"end":{"line":28,"column":12}},"27":{"start":{"line":32,"column":2},"end":{"line":32,"column":41}},"28":{"start":{"line":36,"column":2},"end":{"line":36,"column":31}},"29":{"start":{"line":40,"column":2},"end":{"line":40,"column":43}},"30":{"start":{"line":44,"column":2},"end":{"line":44,"column":31}},"31":{"start":{"line":48,"column":2},"end":{"line":48,"column":28}},"32":{"start":{"line":52,"column":16},"end":{"line":52,"column":26}},"33":{"start":{"line":53,"column":16},"end":{"line":53,"column":32}},"34":{"start":{"line":54,"column":12},"end":{"line":54,"column":21}},"35":{"start":{"line":56,"column":2},"end":{"line":60,"column":3}},"36":{"start":{"line":57,"column":4},"end":{"line":59,"column":6}},"37":{"start":{"line":58,"column":6},"end":{"line":58,"column":72}},"38":{"start":{"line":62,"column":2},"end":{"line":62,"column":22}},"39":{"start":{"line":63,"column":2},"end":{"line":63,"column":28}},"40":{"start":{"line":65,"column":2},"end":{"line":69,"column":3}},"41":{"start":{"line":66,"column":4},"end":{"line":68,"column":6}},"42":{"start":{"line":67,"column":6},"end":{"line":67,"column":72}},"43":{"start":{"line":71,"column":2},"end":{"line":71,"column":19}},"44":{"start":{"line":75,"column":2},"end":{"line":75,"column":70}},"45":{"start":{"line":76,"column":12},"end":{"line":76,"column":24}},"46":{"start":{"line":77,"column":2},"end":{"line":77,"column":48}},"47":{"start":{"line":77,"column":33},"end":{"line":77,"column":48}},"48":{"start":{"line":78,"column":2},"end":{"line":78,"column":12}},"49":{"start":{"line":83,"column":17},"end":{"line":83,"column":21}},"50":{"start":{"line":85,"column":4},"end":{"line":90,"column":6}},"51":{"start":{"line":92,"column":4},"end":{"line":132,"column":6}},"52":{"start":{"line":97,"column":8},"end":{"line":97,"column":27}},"53":{"start":{"line":101,"column":8},"end":{"line":101,"column":75}},"54":{"start":{"line":103,"column":26},"end":{"line":103,"column":34}},"55":{"start":{"line":105,"column":8},"end":{"line":108,"column":9}},"56":{"start":{"line":110,"column":8},"end":{"line":118,"column":9}},"57":{"start":{"line":111,"column":10},"end":{"line":111,"column":58}},"58":{"start":{"line":112,"column":15},"end":{"line":118,"column":9}},"59":{"start":{"line":113,"column":10},"end":{"line":117,"column":11}},"60":{"start":{"line":115,"column":14},"end":{"line":115,"column":77}},"61":{"start":{"line":120,"column":8},"end":{"line":128,"column":9}},"62":{"start":{"line":121,"column":10},"end":{"line":121,"column":62}},"63":{"start":{"line":122,"column":15},"end":{"line":128,"column":9}},"64":{"start":{"line":123,"column":10},"end":{"line":127,"column":11}},"65":{"start":{"line":125,"column":14},"end":{"line":125,"column":77}},"66":{"start":{"line":130,"column":8},"end":{"line":130,"column":24}},"67":{"start":{"line":134,"column":4},"end":{"line":139,"column":6}},"68":{"start":{"line":141,"column":4},"end":{"line":171,"column":6}},"69":{"start":{"line":146,"column":8},"end":{"line":146,"column":28}},"70":{"start":{"line":150,"column":8},"end":{"line":153,"column":9}},"71":{"start":{"line":155,"column":8},"end":{"line":158,"column":9}},"72":{"start":{"line":160,"column":8},"end":{"line":163,"column":9}},"73":{"start":{"line":165,"column":8},"end":{"line":167,"column":10}},"74":{"start":{"line":166,"column":10},"end":{"line":166,"column":77}},"75":{"start":{"line":169,"column":8},"end":{"line":169,"column":25}},"76":{"start":{"line":173,"column":4},"end":{"line":178,"column":6}},"77":{"start":{"line":180,"column":4},"end":{"line":210,"column":6}},"78":{"start":{"line":185,"column":8},"end":{"line":185,"column":26}},"79":{"start":{"line":189,"column":8},"end":{"line":192,"column":9}},"80":{"start":{"line":194,"column":8},"end":{"line":197,"column":9}},"81":{"start":{"line":199,"column":8},"end":{"line":202,"column":9}},"82":{"start":{"line":204,"column":8},"end":{"line":206,"column":10}},"83":{"start":{"line":205,"column":10},"end":{"line":205,"column":74}},"84":{"start":{"line":208,"column":8},"end":{"line":208,"column":23}},"85":{"start":{"line":212,"column":4},"end":{"line":215,"column":5}},"86":{"start":{"line":217,"column":4},"end":{"line":244,"column":5}},"87":{"start":{"line":218,"column":6},"end":{"line":243,"column":7}},"88":{"start":{"line":219,"column":26},"end":{"line":219,"column":37}},"89":{"start":{"line":221,"column":8},"end":{"line":224,"column":9}},"90":{"start":{"line":226,"column":8},"end":{"line":226,"column":26}},"91":{"start":{"line":228,"column":8},"end":{"line":228,"column":41}},"92":{"start":{"line":229,"column":21},"end":{"line":229,"column":23}},"93":{"start":{"line":231,"column":8},"end":{"line":234,"column":10}},"94":{"start":{"line":232,"column":25},"end":{"line":232,"column":34}},"95":{"start":{"line":233,"column":10},"end":{"line":233,"column":27}},"96":{"start":{"line":236,"column":8},"end":{"line":236,"column":38}},"97":{"start":{"line":238,"column":26},"end":{"line":238,"column":44}},"98":{"start":{"line":240,"column":8},"end":{"line":242,"column":10}},"99":{"start":{"line":241,"column":10},"end":{"line":241,"column":73}},"100":{"start":{"line":248,"column":4},"end":{"line":248,"column":27}},"101":{"start":{"line":252,"column":4},"end":{"line":262,"column":5}},"102":{"start":{"line":253,"column":23},"end":{"line":253,"column":40}},"103":{"start":{"line":254,"column":6},"end":{"line":254,"column":33}},"104":{"start":{"line":259,"column":17},"end":{"line":259,"column":30}},"105":{"start":{"line":260,"column":23},"end":{"line":260,"column":49}},"106":{"start":{"line":261,"column":6},"end":{"line":261,"column":43}},"107":{"start":{"line":264,"column":18},"end":{"line":264,"column":65}},"108":{"start":{"line":264,"column":49},"end":{"line":264,"column":64}},"109":{"start":{"line":266,"column":14},"end":{"line":288,"column":6}},"110":{"start":{"line":267,"column":19},"end":{"line":267,"column":21}},"111":{"start":{"line":268,"column":27},"end":{"line":268,"column":37}},"112":{"start":{"line":269,"column":22},"end":{"line":269,"column":52}},"113":{"start":{"line":271,"column":6},"end":{"line":275,"column":8}},"114":{"start":{"line":272,"column":20},"end":{"line":272,"column":31}},"115":{"start":{"line":273,"column":8},"end":{"line":273,"column":42}},"116":{"start":{"line":274,"column":8},"end":{"line":274,"column":25}},"117":{"start":{"line":277,"column":21},"end":{"line":277,"column":36}},"118":{"start":{"line":279,"column":6},"end":{"line":287,"column":8}},"119":{"start":{"line":280,"column":8},"end":{"line":280,"column":36}},"120":{"start":{"line":282,"column":8},"end":{"line":286,"column":9}},"121":{"start":{"line":283,"column":10},"end":{"line":283,"column":34}},"122":{"start":{"line":285,"column":10},"end":{"line":285,"column":22}},"123":{"start":{"line":290,"column":25},"end":{"line":290,"column":58}},"124":{"start":{"line":290,"column":45},"end":{"line":290,"column":56}},"125":{"start":{"line":292,"column":4},"end":{"line":295,"column":6}},"126":{"start":{"line":293,"column":6},"end":{"line":293,"column":32}},"127":{"start":{"line":294,"column":6},"end":{"line":294,"column":17}},"128":{"start":{"line":299,"column":6},"end":{"line":299,"column":77}},"129":{"start":{"line":301,"column":6},"end":{"line":303,"column":15}},"130":{"start":{"line":305,"column":4},"end":{"line":307,"column":5}},"131":{"start":{"line":306,"column":6},"end":{"line":306,"column":27}},"132":{"start":{"line":309,"column":4},"end":{"line":312,"column":5}},"133":{"start":{"line":310,"column":6},"end":{"line":310,"column":41}},"134":{"start":{"line":310,"column":29},"end":{"line":310,"column":40}},"135":{"start":{"line":311,"column":6},"end":{"line":311,"column":34}},"136":{"start":{"line":311,"column":19},"end":{"line":311,"column":34}},"137":{"start":{"line":314,"column":4},"end":{"line":314,"column":28}},"138":{"start":{"line":315,"column":4},"end":{"line":315,"column":38}},"139":{"start":{"line":315,"column":17},"end":{"line":315,"column":38}},"140":{"start":{"line":316,"column":4},"end":{"line":316,"column":32}},"141":{"start":{"line":316,"column":15},"end":{"line":316,"column":32}},"142":{"start":{"line":317,"column":4},"end":{"line":317,"column":14}},"143":{"start":{"line":321,"column":17},"end":{"line":321,"column":21}},"144":{"start":{"line":322,"column":4},"end":{"line":322,"column":29}},"145":{"start":{"line":326,"column":17},"end":{"line":326,"column":21}},"146":{"start":{"line":327,"column":4},"end":{"line":327,"column":21}},"147":{"start":{"line":331,"column":17},"end":{"line":331,"column":21}},"148":{"start":{"line":332,"column":4},"end":{"line":332,"column":21}},"149":{"start":{"line":336,"column":17},"end":{"line":336,"column":21}},"150":{"start":{"line":337,"column":4},"end":{"line":337,"column":69}},"151":{"start":{"line":337,"column":40},"end":{"line":337,"column":55}},"152":{"start":{"line":341,"column":17},"end":{"line":341,"column":21}},"153":{"start":{"line":342,"column":16},"end":{"line":342,"column":50}},"154":{"start":{"line":343,"column":4},"end":{"line":343,"column":38}},"155":{"start":{"line":344,"column":4},"end":{"line":344,"column":34}},"156":{"start":{"line":345,"column":4},"end":{"line":345,"column":14}},"157":{"start":{"line":349,"column":17},"end":{"line":349,"column":21}},"158":{"start":{"line":351,"column":4},"end":{"line":351,"column":55}},"159":{"start":{"line":351,"column":42},"end":{"line":351,"column":55}},"160":{"start":{"line":352,"column":4},"end":{"line":352,"column":55}},"161":{"start":{"line":352,"column":42},"end":{"line":352,"column":55}},"162":{"start":{"line":354,"column":18},"end":{"line":354,"column":73}},"163":{"start":{"line":354,"column":63},"end":{"line":354,"column":71}},"164":{"start":{"line":356,"column":4},"end":{"line":359,"column":5}},"165":{"start":{"line":361,"column":4},"end":{"line":366,"column":5}},"166":{"start":{"line":362,"column":6},"end":{"line":365,"column":7}},"167":{"start":{"line":368,"column":4},"end":{"line":378,"column":5}},"168":{"start":{"line":369,"column":6},"end":{"line":372,"column":7}},"169":{"start":{"line":374,"column":6},"end":{"line":377,"column":7}},"170":{"start":{"line":380,"column":4},"end":{"line":394,"column":5}},"171":{"start":{"line":381,"column":6},"end":{"line":393,"column":8}},"172":{"start":{"line":382,"column":8},"end":{"line":385,"column":9}},"173":{"start":{"line":383,"column":10},"end":{"line":383,"column":74}},"174":{"start":{"line":384,"column":10},"end":{"line":384,"column":18}},"175":{"start":{"line":387,"column":8},"end":{"line":392,"column":9}},"176":{"start":{"line":388,"column":10},"end":{"line":388,"column":56}},"177":{"start":{"line":389,"column":10},"end":{"line":389,"column":68}},"178":{"start":{"line":390,"column":10},"end":{"line":390,"column":71}},"179":{"start":{"line":391,"column":10},"end":{"line":391,"column":30}},"180":{"start":{"line":396,"column":4},"end":{"line":410,"column":5}},"181":{"start":{"line":397,"column":6},"end":{"line":409,"column":8}},"182":{"start":{"line":398,"column":8},"end":{"line":401,"column":9}},"183":{"start":{"line":399,"column":10},"end":{"line":399,"column":79}},"184":{"start":{"line":400,"column":10},"end":{"line":400,"column":18}},"185":{"start":{"line":403,"column":8},"end":{"line":408,"column":9}},"186":{"start":{"line":404,"column":10},"end":{"line":404,"column":57}},"187":{"start":{"line":405,"column":10},"end":{"line":405,"column":71}},"188":{"start":{"line":406,"column":10},"end":{"line":406,"column":74}},"189":{"start":{"line":407,"column":10},"end":{"line":407,"column":32}},"190":{"start":{"line":412,"column":4},"end":{"line":412,"column":44}},"191":{"start":{"line":416,"column":17},"end":{"line":416,"column":21}},"192":{"start":{"line":418,"column":4},"end":{"line":418,"column":44}},"193":{"start":{"line":418,"column":27},"end":{"line":418,"column":44}},"194":{"start":{"line":419,"column":4},"end":{"line":419,"column":46}},"195":{"start":{"line":419,"column":27},"end":{"line":419,"column":46}},"196":{"start":{"line":420,"column":4},"end":{"line":420,"column":47}},"197":{"start":{"line":420,"column":34},"end":{"line":420,"column":47}},"198":{"start":{"line":421,"column":4},"end":{"line":421,"column":47}},"199":{"start":{"line":421,"column":34},"end":{"line":421,"column":47}},"200":{"start":{"line":423,"column":4},"end":{"line":426,"column":5}},"201":{"start":{"line":428,"column":4},"end":{"line":431,"column":5}},"202":{"start":{"line":433,"column":4},"end":{"line":436,"column":5}},"203":{"start":{"line":438,"column":4},"end":{"line":441,"column":5}},"204":{"start":{"line":443,"column":4},"end":{"line":453,"column":6}},"205":{"start":{"line":444,"column":6},"end":{"line":447,"column":7}},"206":{"start":{"line":449,"column":6},"end":{"line":452,"column":7}},"207":{"start":{"line":455,"column":4},"end":{"line":465,"column":6}},"208":{"start":{"line":456,"column":6},"end":{"line":459,"column":7}},"209":{"start":{"line":461,"column":6},"end":{"line":464,"column":7}},"210":{"start":{"line":467,"column":19},"end":{"line":471,"column":6}},"211":{"start":{"line":468,"column":6},"end":{"line":470,"column":8}},"212":{"start":{"line":469,"column":8},"end":{"line":469,"column":78}},"213":{"start":{"line":473,"column":4},"end":{"line":475,"column":5}},"214":{"start":{"line":474,"column":6},"end":{"line":474,"column":31}},"215":{"start":{"line":477,"column":4},"end":{"line":482,"column":5}},"216":{"start":{"line":478,"column":18},"end":{"line":478,"column":45}},"217":{"start":{"line":479,"column":6},"end":{"line":479,"column":24}},"218":{"start":{"line":480,"column":6},"end":{"line":480,"column":22}},"219":{"start":{"line":481,"column":6},"end":{"line":481,"column":16}},"220":{"start":{"line":484,"column":4},"end":{"line":489,"column":5}},"221":{"start":{"line":485,"column":18},"end":{"line":485,"column":45}},"222":{"start":{"line":486,"column":6},"end":{"line":486,"column":24}},"223":{"start":{"line":487,"column":6},"end":{"line":487,"column":22}},"224":{"start":{"line":488,"column":6},"end":{"line":488,"column":16}},"225":{"start":{"line":491,"column":16},"end":{"line":491,"column":37}},"226":{"start":{"line":492,"column":4},"end":{"line":492,"column":22}},"227":{"start":{"line":493,"column":4},"end":{"line":493,"column":20}},"228":{"start":{"line":494,"column":4},"end":{"line":494,"column":14}},"229":{"start":{"line":498,"column":17},"end":{"line":498,"column":21}},"230":{"start":{"line":499,"column":22},"end":{"line":499,"column":32}},"231":{"start":{"line":501,"column":4},"end":{"line":501,"column":68}},"232":{"start":{"line":501,"column":33},"end":{"line":501,"column":68}},"233":{"start":{"line":502,"column":4},"end":{"line":502,"column":68}},"234":{"start":{"line":502,"column":33},"end":{"line":502,"column":68}},"235":{"start":{"line":503,"column":4},"end":{"line":503,"column":65}},"236":{"start":{"line":503,"column":40},"end":{"line":503,"column":65}},"237":{"start":{"line":504,"column":4},"end":{"line":504,"column":65}},"238":{"start":{"line":504,"column":40},"end":{"line":504,"column":65}},"239":{"start":{"line":506,"column":4},"end":{"line":509,"column":5}},"240":{"start":{"line":511,"column":4},"end":{"line":514,"column":5}},"241":{"start":{"line":516,"column":4},"end":{"line":519,"column":5}},"242":{"start":{"line":521,"column":4},"end":{"line":524,"column":5}},"243":{"start":{"line":526,"column":4},"end":{"line":536,"column":6}},"244":{"start":{"line":527,"column":6},"end":{"line":530,"column":7}},"245":{"start":{"line":532,"column":6},"end":{"line":535,"column":7}},"246":{"start":{"line":538,"column":4},"end":{"line":548,"column":6}},"247":{"start":{"line":539,"column":6},"end":{"line":542,"column":7}},"248":{"start":{"line":544,"column":6},"end":{"line":547,"column":7}},"249":{"start":{"line":550,"column":17},"end":{"line":550,"column":51}},"250":{"start":{"line":550,"column":37},"end":{"line":550,"column":50}},"251":{"start":{"line":551,"column":17},"end":{"line":551,"column":53}},"252":{"start":{"line":551,"column":37},"end":{"line":551,"column":52}},"253":{"start":{"line":552,"column":4},"end":{"line":552,"column":44}},"254":{"start":{"line":556,"column":17},"end":{"line":556,"column":21}},"255":{"start":{"line":557,"column":4},"end":{"line":557,"column":44}},"256":{"start":{"line":561,"column":17},"end":{"line":561,"column":21}},"257":{"start":{"line":562,"column":4},"end":{"line":562,"column":58}},"258":{"start":{"line":566,"column":17},"end":{"line":566,"column":21}},"259":{"start":{"line":567,"column":16},"end":{"line":567,"column":53}},"260":{"start":{"line":568,"column":4},"end":{"line":568,"column":28}},"261":{"start":{"line":569,"column":4},"end":{"line":569,"column":28}},"262":{"start":{"line":570,"column":4},"end":{"line":570,"column":14}},"263":{"start":{"line":574,"column":17},"end":{"line":574,"column":21}},"264":{"start":{"line":575,"column":4},"end":{"line":575,"column":27}},"265":{"start":{"line":579,"column":17},"end":{"line":579,"column":21}},"266":{"start":{"line":580,"column":16},"end":{"line":580,"column":27}},"267":{"start":{"line":582,"column":4},"end":{"line":584,"column":6}},"268":{"start":{"line":583,"column":6},"end":{"line":583,"column":73}},"269":{"start":{"line":586,"column":4},"end":{"line":586,"column":14}},"270":{"start":{"line":590,"column":17},"end":{"line":590,"column":21}},"271":{"start":{"line":591,"column":4},"end":{"line":591,"column":46}},"272":{"start":{"line":591,"column":24},"end":{"line":591,"column":46}},"273":{"start":{"line":592,"column":16},"end":{"line":592,"column":48}},"274":{"start":{"line":593,"column":4},"end":{"line":593,"column":38}},"275":{"start":{"line":594,"column":4},"end":{"line":594,"column":34}},"276":{"start":{"line":595,"column":4},"end":{"line":595,"column":14}},"277":{"start":{"line":601,"column":4},"end":{"line":621,"column":5}},"278":{"start":{"line":602,"column":6},"end":{"line":602,"column":14}},"279":{"start":{"line":604,"column":6},"end":{"line":607,"column":7}},"280":{"start":{"line":609,"column":6},"end":{"line":609,"column":15}},"281":{"start":{"line":610,"column":6},"end":{"line":610,"column":14}},"282":{"start":{"line":612,"column":6},"end":{"line":615,"column":7}},"283":{"start":{"line":617,"column":6},"end":{"line":620,"column":7}},"284":{"start":{"line":623,"column":4},"end":{"line":628,"column":5}},"285":{"start":{"line":630,"column":17},"end":{"line":630,"column":21}},"286":{"start":{"line":632,"column":4},"end":{"line":687,"column":5}},"287":{"start":{"line":633,"column":19},"end":{"line":633,"column":21}},"288":{"start":{"line":635,"column":6},"end":{"line":638,"column":7}},"289":{"start":{"line":640,"column":6},"end":{"line":640,"column":41}},"290":{"start":{"line":641,"column":6},"end":{"line":641,"column":30}},"291":{"start":{"line":642,"column":11},"end":{"line":687,"column":5}},"292":{"start":{"line":643,"column":19},"end":{"line":643,"column":21}},"293":{"start":{"line":644,"column":6},"end":{"line":644,"column":32}},"294":{"start":{"line":645,"column":6},"end":{"line":645,"column":30}},"295":{"start":{"line":647,"column":16},"end":{"line":647,"column":27}},"296":{"start":{"line":648,"column":21},"end":{"line":648,"column":30}},"297":{"start":{"line":650,"column":6},"end":{"line":684,"column":8}},"298":{"start":{"line":651,"column":23},"end":{"line":651,"column":31}},"299":{"start":{"line":653,"column":8},"end":{"line":656,"column":9}},"300":{"start":{"line":658,"column":8},"end":{"line":661,"column":9}},"301":{"start":{"line":663,"column":8},"end":{"line":683,"column":9}},"302":{"start":{"line":664,"column":10},"end":{"line":664,"column":42}},"303":{"start":{"line":665,"column":10},"end":{"line":665,"column":29}},"304":{"start":{"line":666,"column":10},"end":{"line":666,"column":30}},"305":{"start":{"line":668,"column":10},"end":{"line":671,"column":11}},"306":{"start":{"line":673,"column":25},"end":{"line":673,"column":49}},"307":{"start":{"line":675,"column":10},"end":{"line":678,"column":11}},"308":{"start":{"line":676,"column":12},"end":{"line":676,"column":33}},"309":{"start":{"line":677,"column":12},"end":{"line":677,"column":47}},"310":{"start":{"line":680,"column":10},"end":{"line":682,"column":12}},"311":{"start":{"line":681,"column":12},"end":{"line":681,"column":37}},"312":{"start":{"line":686,"column":6},"end":{"line":686,"column":16}},"313":{"start":{"line":691,"column":4},"end":{"line":691,"column":20}},"314":{"start":{"line":693,"column":4},"end":{"line":696,"column":5}},"315":{"start":{"line":698,"column":4},"end":{"line":701,"column":5}},"316":{"start":{"line":703,"column":17},"end":{"line":703,"column":21}},"317":{"start":{"line":705,"column":4},"end":{"line":737,"column":5}},"318":{"start":{"line":706,"column":19},"end":{"line":706,"column":41}},"319":{"start":{"line":708,"column":24},"end":{"line":710,"column":8}},"320":{"start":{"line":709,"column":8},"end":{"line":709,"column":39}},"321":{"start":{"line":712,"column":6},"end":{"line":721,"column":7}},"322":{"start":{"line":713,"column":20},"end":{"line":713,"column":41}},"323":{"start":{"line":714,"column":8},"end":{"line":714,"column":38}},"324":{"start":{"line":715,"column":8},"end":{"line":715,"column":18}},"325":{"start":{"line":717,"column":20},"end":{"line":717,"column":55}},"326":{"start":{"line":718,"column":8},"end":{"line":718,"column":36}},"327":{"start":{"line":719,"column":8},"end":{"line":719,"column":40}},"328":{"start":{"line":720,"column":8},"end":{"line":720,"column":18}},"329":{"start":{"line":722,"column":11},"end":{"line":737,"column":5}},"330":{"start":{"line":723,"column":24},"end":{"line":725,"column":8}},"331":{"start":{"line":724,"column":8},"end":{"line":724,"column":37}},"332":{"start":{"line":727,"column":6},"end":{"line":736,"column":7}},"333":{"start":{"line":728,"column":20},"end":{"line":728,"column":41}},"334":{"start":{"line":729,"column":8},"end":{"line":729,"column":36}},"335":{"start":{"line":730,"column":8},"end":{"line":730,"column":18}},"336":{"start":{"line":732,"column":20},"end":{"line":732,"column":44}},"337":{"start":{"line":733,"column":8},"end":{"line":733,"column":36}},"338":{"start":{"line":734,"column":8},"end":{"line":734,"column":40}},"339":{"start":{"line":735,"column":8},"end":{"line":735,"column":18}},"340":{"start":{"line":741,"column":17},"end":{"line":741,"column":21}},"341":{"start":{"line":742,"column":4},"end":{"line":742,"column":31}},"342":{"start":{"line":746,"column":4},"end":{"line":746,"column":20}},"343":{"start":{"line":748,"column":4},"end":{"line":751,"column":5}},"344":{"start":{"line":753,"column":4},"end":{"line":753,"column":30}},"345":{"start":{"line":755,"column":4},"end":{"line":758,"column":5}},"346":{"start":{"line":760,"column":4},"end":{"line":760,"column":59}},"347":{"start":{"line":762,"column":4},"end":{"line":765,"column":5}},"348":{"start":{"line":768,"column":6},"end":{"line":788,"column":7}},"349":{"start":{"line":769,"column":20},"end":{"line":769,"column":21}},"350":{"start":{"line":771,"column":8},"end":{"line":775,"column":9}},"351":{"start":{"line":771,"column":21},"end":{"line":771,"column":22}},"352":{"start":{"line":772,"column":24},"end":{"line":772,"column":33}},"353":{"start":{"line":773,"column":10},"end":{"line":773,"column":41}},"354":{"start":{"line":773,"column":34},"end":{"line":773,"column":41}},"355":{"start":{"line":774,"column":10},"end":{"line":774,"column":43}},"356":{"start":{"line":774,"column":34},"end":{"line":774,"column":43}},"357":{"start":{"line":776,"column":13},"end":{"line":788,"column":7}},"358":{"start":{"line":777,"column":8},"end":{"line":780,"column":9}},"359":{"start":{"line":777,"column":21},"end":{"line":777,"column":22}},"360":{"start":{"line":778,"column":24},"end":{"line":778,"column":33}},"361":{"start":{"line":779,"column":10},"end":{"line":779,"column":43}},"362":{"start":{"line":779,"column":34},"end":{"line":779,"column":43}},"363":{"start":{"line":781,"column":13},"end":{"line":788,"column":7}},"364":{"start":{"line":782,"column":8},"end":{"line":785,"column":9}},"365":{"start":{"line":782,"column":21},"end":{"line":782,"column":22}},"366":{"start":{"line":783,"column":24},"end":{"line":783,"column":33}},"367":{"start":{"line":784,"column":10},"end":{"line":784,"column":48}},"368":{"start":{"line":784,"column":35},"end":{"line":784,"column":48}},"369":{"start":{"line":787,"column":8},"end":{"line":787,"column":17}},"370":{"start":{"line":790,"column":6},"end":{"line":790,"column":19}},"371":{"start":{"line":793,"column":17},"end":{"line":793,"column":21}},"372":{"start":{"line":794,"column":14},"end":{"line":794,"column":25}},"373":{"start":{"line":795,"column":19},"end":{"line":795,"column":43}},"374":{"start":{"line":797,"column":4},"end":{"line":829,"column":5}},"375":{"start":{"line":798,"column":6},"end":{"line":798,"column":41}},"376":{"start":{"line":800,"column":24},"end":{"line":800,"column":76}},"377":{"start":{"line":800,"column":61},"end":{"line":800,"column":75}},"378":{"start":{"line":802,"column":6},"end":{"line":802,"column":61}},"379":{"start":{"line":802,"column":39},"end":{"line":802,"column":61}},"380":{"start":{"line":804,"column":6},"end":{"line":804,"column":28}},"381":{"start":{"line":806,"column":21},"end":{"line":806,"column":42}},"382":{"start":{"line":807,"column":6},"end":{"line":807,"column":55}},"383":{"start":{"line":807,"column":33},"end":{"line":807,"column":55}},"384":{"start":{"line":808,"column":6},"end":{"line":808,"column":51}},"385":{"start":{"line":808,"column":30},"end":{"line":808,"column":51}},"386":{"start":{"line":809,"column":6},"end":{"line":809,"column":56}},"387":{"start":{"line":809,"column":30},"end":{"line":809,"column":56}},"388":{"start":{"line":810,"column":6},"end":{"line":810,"column":26}},"389":{"start":{"line":811,"column":6},"end":{"line":811,"column":34}},"390":{"start":{"line":812,"column":11},"end":{"line":829,"column":5}},"391":{"start":{"line":813,"column":6},"end":{"line":813,"column":27}},"392":{"start":{"line":814,"column":6},"end":{"line":814,"column":41}},"393":{"start":{"line":816,"column":24},"end":{"line":816,"column":76}},"394":{"start":{"line":816,"column":61},"end":{"line":816,"column":75}},"395":{"start":{"line":818,"column":6},"end":{"line":818,"column":61}},"396":{"start":{"line":818,"column":39},"end":{"line":818,"column":61}},"397":{"start":{"line":820,"column":6},"end":{"line":820,"column":28}},"398":{"start":{"line":822,"column":21},"end":{"line":822,"column":42}},"399":{"start":{"line":823,"column":6},"end":{"line":823,"column":55}},"400":{"start":{"line":823,"column":33},"end":{"line":823,"column":55}},"401":{"start":{"line":824,"column":6},"end":{"line":824,"column":51}},"402":{"start":{"line":824,"column":30},"end":{"line":824,"column":51}},"403":{"start":{"line":825,"column":6},"end":{"line":825,"column":56}},"404":{"start":{"line":825,"column":30},"end":{"line":825,"column":56}},"405":{"start":{"line":826,"column":6},"end":{"line":826,"column":26}},"406":{"start":{"line":827,"column":6},"end":{"line":827,"column":34}},"407":{"start":{"line":828,"column":6},"end":{"line":828,"column":27}},"408":{"start":{"line":831,"column":4},"end":{"line":831,"column":14}},"409":{"start":{"line":835,"column":17},"end":{"line":835,"column":21}},"410":{"start":{"line":837,"column":4},"end":{"line":837,"column":36}},"411":{"start":{"line":837,"column":27},"end":{"line":837,"column":36}},"412":{"start":{"line":838,"column":4},"end":{"line":838,"column":36}},"413":{"start":{"line":838,"column":27},"end":{"line":838,"column":36}},"414":{"start":{"line":839,"column":4},"end":{"line":839,"column":55}},"415":{"start":{"line":839,"column":42},"end":{"line":839,"column":55}},"416":{"start":{"line":840,"column":4},"end":{"line":840,"column":55}},"417":{"start":{"line":840,"column":42},"end":{"line":840,"column":55}},"418":{"start":{"line":842,"column":4},"end":{"line":845,"column":5}},"419":{"start":{"line":847,"column":4},"end":{"line":850,"column":5}},"420":{"start":{"line":852,"column":4},"end":{"line":855,"column":5}},"421":{"start":{"line":857,"column":4},"end":{"line":860,"column":5}},"422":{"start":{"line":864,"column":4},"end":{"line":869,"column":6}},"423":{"start":{"line":865,"column":6},"end":{"line":868,"column":7}},"424":{"start":{"line":866,"column":8},"end":{"line":866,"column":36}},"425":{"start":{"line":866,"column":23},"end":{"line":866,"column":36}},"426":{"start":{"line":867,"column":8},"end":{"line":867,"column":26}},"427":{"start":{"line":871,"column":4},"end":{"line":876,"column":6}},"428":{"start":{"line":872,"column":6},"end":{"line":875,"column":7}},"429":{"start":{"line":873,"column":8},"end":{"line":873,"column":40}},"430":{"start":{"line":873,"column":25},"end":{"line":873,"column":40}},"431":{"start":{"line":874,"column":8},"end":{"line":874,"column":28}},"432":{"start":{"line":878,"column":14},"end":{"line":878,"column":44}},"433":{"start":{"line":880,"column":4},"end":{"line":885,"column":5}},"434":{"start":{"line":881,"column":17},"end":{"line":881,"column":32}},"435":{"start":{"line":882,"column":6},"end":{"line":882,"column":29}},"436":{"start":{"line":883,"column":6},"end":{"line":883,"column":68}},"437":{"start":{"line":883,"column":45},"end":{"line":883,"column":68}},"438":{"start":{"line":884,"column":6},"end":{"line":884,"column":16}},"439":{"start":{"line":887,"column":4},"end":{"line":887,"column":14}},"440":{"start":{"line":891,"column":17},"end":{"line":891,"column":21}},"441":{"start":{"line":892,"column":4},"end":{"line":892,"column":35}},"442":{"start":{"line":896,"column":17},"end":{"line":896,"column":21}},"443":{"start":{"line":897,"column":4},"end":{"line":897,"column":32}},"444":{"start":{"line":901,"column":17},"end":{"line":901,"column":21}},"445":{"start":{"line":902,"column":16},"end":{"line":902,"column":18}},"446":{"start":{"line":904,"column":4},"end":{"line":912,"column":6}},"447":{"start":{"line":905,"column":19},"end":{"line":905,"column":21}},"448":{"start":{"line":907,"column":6},"end":{"line":909,"column":8}},"449":{"start":{"line":908,"column":8},"end":{"line":908,"column":37}},"450":{"start":{"line":911,"column":6},"end":{"line":911,"column":31}},"451":{"start":{"line":914,"column":4},"end":{"line":914,"column":14}},"452":{"start":{"line":918,"column":17},"end":{"line":918,"column":21}},"453":{"start":{"line":919,"column":18},"end":{"line":919,"column":54}},"454":{"start":{"line":920,"column":20},"end":{"line":920,"column":38}},"455":{"start":{"line":922,"column":16},"end":{"line":936,"column":17}},"456":{"start":{"line":925,"column":8},"end":{"line":934,"column":20}},"457":{"start":{"line":928,"column":12},"end":{"line":932,"column":13}},"458":{"start":{"line":929,"column":14},"end":{"line":929,"column":33}},"459":{"start":{"line":931,"column":14},"end":{"line":931,"column":26}},"460":{"start":{"line":938,"column":4},"end":{"line":938,"column":14}},"461":{"start":{"line":942,"column":17},"end":{"line":942,"column":21}},"462":{"start":{"line":943,"column":16},"end":{"line":943,"column":34}},"463":{"start":{"line":946,"column":4},"end":{"line":963,"column":5}},"464":{"start":{"line":947,"column":6},"end":{"line":950,"column":7}},"465":{"start":{"line":948,"column":22},"end":{"line":948,"column":41}},"466":{"start":{"line":949,"column":8},"end":{"line":949,"column":42}},"467":{"start":{"line":952,"column":16},"end":{"line":952,"column":43}},"468":{"start":{"line":953,"column":6},"end":{"line":953,"column":71}},"469":{"start":{"line":954,"column":6},"end":{"line":954,"column":27}},"470":{"start":{"line":955,"column":6},"end":{"line":955,"column":46}},"471":{"start":{"line":960,"column":17},"end":{"line":960,"column":30}},"472":{"start":{"line":961,"column":19},"end":{"line":961,"column":34}},"473":{"start":{"line":962,"column":6},"end":{"line":962,"column":59}},"474":{"start":{"line":965,"column":4},"end":{"line":965,"column":15}},"475":{"start":{"line":969,"column":17},"end":{"line":969,"column":21}},"476":{"start":{"line":970,"column":20},"end":{"line":970,"column":59}},"477":{"start":{"line":971,"column":24},"end":{"line":971,"column":45}},"478":{"start":{"line":973,"column":6},"end":{"line":975,"column":12}},"479":{"start":{"line":976,"column":27},"end":{"line":976,"column":51}},"480":{"start":{"line":979,"column":6},"end":{"line":983,"column":11}},"481":{"start":{"line":986,"column":6},"end":{"line":990,"column":11}},"482":{"start":{"line":992,"column":17},"end":{"line":992,"column":48}},"483":{"start":{"line":994,"column":4},"end":{"line":1001,"column":5}},"484":{"start":{"line":995,"column":6},"end":{"line":995,"column":47}},"485":{"start":{"line":996,"column":6},"end":{"line":1000,"column":7}},"486":{"start":{"line":999,"column":47},"end":{"line":999,"column":52}},"487":{"start":{"line":1003,"column":4},"end":{"line":1010,"column":5}},"488":{"start":{"line":1004,"column":6},"end":{"line":1004,"column":52}},"489":{"start":{"line":1006,"column":6},"end":{"line":1009,"column":8}},"490":{"start":{"line":1007,"column":8},"end":{"line":1007,"column":44}},"491":{"start":{"line":1008,"column":8},"end":{"line":1008,"column":18}},"492":{"start":{"line":1012,"column":4},"end":{"line":1012,"column":34}},"493":{"start":{"line":1013,"column":4},"end":{"line":1013,"column":15}},"494":{"start":{"line":1017,"column":17},"end":{"line":1017,"column":21}},"495":{"start":{"line":1020,"column":14},"end":{"line":1020,"column":25}},"496":{"start":{"line":1021,"column":20},"end":{"line":1021,"column":39}},"497":{"start":{"line":1022,"column":4},"end":{"line":1022,"column":40}},"498":{"start":{"line":1024,"column":4},"end":{"line":1027,"column":5}},"499":{"start":{"line":1025,"column":6},"end":{"line":1025,"column":22}},"500":{"start":{"line":1026,"column":6},"end":{"line":1026,"column":25}},"501":{"start":{"line":1029,"column":4},"end":{"line":1034,"column":5}},"502":{"start":{"line":1030,"column":6},"end":{"line":1030,"column":19}},"503":{"start":{"line":1032,"column":6},"end":{"line":1033,"column":33}},"504":{"start":{"line":1033,"column":8},"end":{"line":1033,"column":33}},"505":{"start":{"line":1036,"column":4},"end":{"line":1039,"column":5}},"506":{"start":{"line":1041,"column":4},"end":{"line":1044,"column":5}},"507":{"start":{"line":1046,"column":4},"end":{"line":1047,"column":55}},"508":{"start":{"line":1047,"column":6},"end":{"line":1047,"column":55}},"509":{"start":{"line":1047,"column":50},"end":{"line":1047,"column":54}},"510":{"start":{"line":1049,"column":4},"end":{"line":1052,"column":5}},"511":{"start":{"line":1054,"column":4},"end":{"line":1057,"column":5}},"512":{"start":{"line":1059,"column":4},"end":{"line":1062,"column":5}},"513":{"start":{"line":1065,"column":4},"end":{"line":1083,"column":6}},"514":{"start":{"line":1066,"column":6},"end":{"line":1069,"column":7}},"515":{"start":{"line":1071,"column":6},"end":{"line":1075,"column":7}},"516":{"start":{"line":1072,"column":22},"end":{"line":1072,"column":46}},"517":{"start":{"line":1073,"column":8},"end":{"line":1073,"column":65}},"518":{"start":{"line":1074,"column":8},"end":{"line":1074,"column":20}},"519":{"start":{"line":1077,"column":6},"end":{"line":1082,"column":7}},"520":{"start":{"line":1078,"column":8},"end":{"line":1078,"column":78}},"521":{"start":{"line":1079,"column":8},"end":{"line":1079,"column":69}},"522":{"start":{"line":1080,"column":8},"end":{"line":1080,"column":78}},"523":{"start":{"line":1081,"column":8},"end":{"line":1081,"column":18}},"524":{"start":{"line":1086,"column":4},"end":{"line":1106,"column":6}},"525":{"start":{"line":1087,"column":6},"end":{"line":1090,"column":7}},"526":{"start":{"line":1092,"column":6},"end":{"line":1101,"column":7}},"527":{"start":{"line":1093,"column":22},"end":{"line":1093,"column":46}},"528":{"start":{"line":1095,"column":8},"end":{"line":1098,"column":9}},"529":{"start":{"line":1100,"column":8},"end":{"line":1100,"column":36}},"530":{"start":{"line":1103,"column":6},"end":{"line":1105,"column":7}},"531":{"start":{"line":1104,"column":8},"end":{"line":1104,"column":18}},"532":{"start":{"line":1109,"column":4},"end":{"line":1120,"column":6}},"533":{"start":{"line":1110,"column":20},"end":{"line":1110,"column":21}},"534":{"start":{"line":1112,"column":6},"end":{"line":1114,"column":7}},"535":{"start":{"line":1113,"column":8},"end":{"line":1113,"column":17}},"536":{"start":{"line":1116,"column":26},"end":{"line":1116,"column":45}},"537":{"start":{"line":1117,"column":6},"end":{"line":1117,"column":57}},"538":{"start":{"line":1117,"column":49},"end":{"line":1117,"column":57}},"539":{"start":{"line":1118,"column":6},"end":{"line":1118,"column":74}},"540":{"start":{"line":1118,"column":47},"end":{"line":1118,"column":74}},"541":{"start":{"line":1119,"column":6},"end":{"line":1119,"column":74}},"542":{"start":{"line":1119,"column":47},"end":{"line":1119,"column":74}},"543":{"start":{"line":1122,"column":4},"end":{"line":1122,"column":54}},"544":{"start":{"line":1123,"column":4},"end":{"line":1123,"column":34}},"545":{"start":{"line":1124,"column":4},"end":{"line":1124,"column":14}},"546":{"start":{"line":1128,"column":17},"end":{"line":1128,"column":21}},"547":{"start":{"line":1129,"column":4},"end":{"line":1129,"column":22}},"548":{"start":{"line":1133,"column":4},"end":{"line":1136,"column":5}},"549":{"start":{"line":1138,"column":4},"end":{"line":1138,"column":35}},"550":{"start":{"line":1138,"column":27},"end":{"line":1138,"column":35}},"551":{"start":{"line":1140,"column":4},"end":{"line":1143,"column":5}},"552":{"start":{"line":1145,"column":17},"end":{"line":1145,"column":21}},"553":{"start":{"line":1146,"column":14},"end":{"line":1146,"column":25}},"554":{"start":{"line":1147,"column":4},"end":{"line":1147,"column":33}},"555":{"start":{"line":1147,"column":23},"end":{"line":1147,"column":33}},"556":{"start":{"line":1149,"column":18},"end":{"line":1149,"column":33}},"557":{"start":{"line":1150,"column":20},"end":{"line":1150,"column":37}},"558":{"start":{"line":1152,"column":4},"end":{"line":1187,"column":5}},"559":{"start":{"line":1153,"column":22},"end":{"line":1153,"column":46}},"560":{"start":{"line":1154,"column":6},"end":{"line":1154,"column":42}},"561":{"start":{"line":1156,"column":22},"end":{"line":1160,"column":8}},"562":{"start":{"line":1157,"column":27},"end":{"line":1157,"column":42}},"563":{"start":{"line":1158,"column":8},"end":{"line":1158,"column":43}},"564":{"start":{"line":1158,"column":25},"end":{"line":1158,"column":43}},"565":{"start":{"line":1159,"column":8},"end":{"line":1159,"column":25}},"566":{"start":{"line":1162,"column":6},"end":{"line":1162,"column":65}},"567":{"start":{"line":1162,"column":43},"end":{"line":1162,"column":65}},"568":{"start":{"line":1163,"column":6},"end":{"line":1163,"column":64}},"569":{"start":{"line":1163,"column":41},"end":{"line":1163,"column":64}},"570":{"start":{"line":1165,"column":6},"end":{"line":1165,"column":28}},"571":{"start":{"line":1166,"column":6},"end":{"line":1166,"column":47}},"572":{"start":{"line":1167,"column":6},"end":{"line":1167,"column":35}},"573":{"start":{"line":1168,"column":11},"end":{"line":1187,"column":5}},"574":{"start":{"line":1169,"column":6},"end":{"line":1169,"column":27}},"575":{"start":{"line":1171,"column":24},"end":{"line":1171,"column":48}},"576":{"start":{"line":1172,"column":6},"end":{"line":1172,"column":44}},"577":{"start":{"line":1174,"column":22},"end":{"line":1178,"column":8}},"578":{"start":{"line":1175,"column":27},"end":{"line":1175,"column":42}},"579":{"start":{"line":1176,"column":8},"end":{"line":1176,"column":45}},"580":{"start":{"line":1176,"column":25},"end":{"line":1176,"column":45}},"581":{"start":{"line":1177,"column":8},"end":{"line":1177,"column":25}},"582":{"start":{"line":1180,"column":6},"end":{"line":1180,"column":65}},"583":{"start":{"line":1180,"column":43},"end":{"line":1180,"column":65}},"584":{"start":{"line":1181,"column":6},"end":{"line":1181,"column":64}},"585":{"start":{"line":1181,"column":41},"end":{"line":1181,"column":64}},"586":{"start":{"line":1183,"column":6},"end":{"line":1183,"column":28}},"587":{"start":{"line":1184,"column":6},"end":{"line":1184,"column":49}},"588":{"start":{"line":1185,"column":6},"end":{"line":1185,"column":37}},"589":{"start":{"line":1186,"column":6},"end":{"line":1186,"column":27}},"590":{"start":{"line":1189,"column":4},"end":{"line":1189,"column":14}},"591":{"start":{"line":1193,"column":4},"end":{"line":1193,"column":35}},"592":{"start":{"line":1193,"column":27},"end":{"line":1193,"column":35}},"593":{"start":{"line":1195,"column":4},"end":{"line":1198,"column":5}},"594":{"start":{"line":1200,"column":17},"end":{"line":1200,"column":21}},"595":{"start":{"line":1202,"column":4},"end":{"line":1205,"column":5}},"596":{"start":{"line":1209,"column":0},"end":{"line":1209,"column":26}}},"fnMap":{"0":{"name":"makeKey","decl":{"start":{"line":23,"column":9},"end":{"line":23,"column":16}},"loc":{"start":{"line":23,"column":20},"end":{"line":29,"column":1}},"line":23},"1":{"name":"isInteger","decl":{"start":{"line":31,"column":9},"end":{"line":31,"column":18}},"loc":{"start":{"line":31,"column":22},"end":{"line":33,"column":1}},"line":31},"2":{"name":"isWholeNumber","decl":{"start":{"line":35,"column":9},"end":{"line":35,"column":22}},"loc":{"start":{"line":35,"column":26},"end":{"line":37,"column":1}},"line":35},"3":{"name":"isObject","decl":{"start":{"line":39,"column":9},"end":{"line":39,"column":17}},"loc":{"start":{"line":39,"column":21},"end":{"line":41,"column":1}},"line":39},"4":{"name":"isDataFrame","decl":{"start":{"line":43,"column":9},"end":{"line":43,"column":20}},"loc":{"start":{"line":43,"column":24},"end":{"line":45,"column":1}},"line":43},"5":{"name":"isSeries","decl":{"start":{"line":47,"column":9},"end":{"line":47,"column":17}},"loc":{"start":{"line":47,"column":21},"end":{"line":49,"column":1}},"line":47},"6":{"name":"quote","decl":{"start":{"line":51,"column":9},"end":{"line":51,"column":14}},"loc":{"start":{"line":51,"column":18},"end":{"line":72,"column":1}},"line":51},"7":{"name":"(anonymous_7)","decl":{"start":{"line":57,"column":20},"end":{"line":57,"column":21}},"loc":{"start":{"line":57,"column":28},"end":{"line":59,"column":5}},"line":57},"8":{"name":"(anonymous_8)","decl":{"start":{"line":66,"column":20},"end":{"line":66,"column":21}},"loc":{"start":{"line":66,"column":28},"end":{"line":68,"column":5}},"line":66},"9":{"name":"leftPad","decl":{"start":{"line":74,"column":9},"end":{"line":74,"column":16}},"loc":{"start":{"line":74,"column":31},"end":{"line":79,"column":1}},"line":74},"10":{"name":"(anonymous_10)","decl":{"start":{"line":82,"column":2},"end":{"line":82,"column":3}},"loc":{"start":{"line":82,"column":20},"end":{"line":245,"column":3}},"line":82},"11":{"name":"(anonymous_11)","decl":{"start":{"line":96,"column":6},"end":{"line":96,"column":7}},"loc":{"start":{"line":96,"column":12},"end":{"line":98,"column":7}},"line":96},"12":{"name":"(anonymous_12)","decl":{"start":{"line":100,"column":6},"end":{"line":100,"column":7}},"loc":{"start":{"line":100,"column":13},"end":{"line":131,"column":7}},"line":100},"13":{"name":"(anonymous_13)","decl":{"start":{"line":114,"column":56},"end":{"line":114,"column":57}},"loc":{"start":{"line":114,"column":61},"end":{"line":116,"column":13}},"line":114},"14":{"name":"(anonymous_14)","decl":{"start":{"line":124,"column":58},"end":{"line":124,"column":59}},"loc":{"start":{"line":124,"column":63},"end":{"line":126,"column":13}},"line":124},"15":{"name":"(anonymous_15)","decl":{"start":{"line":145,"column":6},"end":{"line":145,"column":7}},"loc":{"start":{"line":145,"column":12},"end":{"line":147,"column":7}},"line":145},"16":{"name":"(anonymous_16)","decl":{"start":{"line":149,"column":6},"end":{"line":149,"column":7}},"loc":{"start":{"line":149,"column":13},"end":{"line":170,"column":7}},"line":149},"17":{"name":"(anonymous_17)","decl":{"start":{"line":165,"column":18},"end":{"line":165,"column":19}},"loc":{"start":{"line":165,"column":27},"end":{"line":167,"column":9}},"line":165},"18":{"name":"(anonymous_18)","decl":{"start":{"line":184,"column":6},"end":{"line":184,"column":7}},"loc":{"start":{"line":184,"column":12},"end":{"line":186,"column":7}},"line":184},"19":{"name":"(anonymous_19)","decl":{"start":{"line":188,"column":6},"end":{"line":188,"column":7}},"loc":{"start":{"line":188,"column":13},"end":{"line":209,"column":7}},"line":188},"20":{"name":"(anonymous_20)","decl":{"start":{"line":204,"column":18},"end":{"line":204,"column":19}},"loc":{"start":{"line":204,"column":27},"end":{"line":206,"column":9}},"line":204},"21":{"name":"(anonymous_21)","decl":{"start":{"line":231,"column":30},"end":{"line":231,"column":31}},"loc":{"start":{"line":231,"column":37},"end":{"line":234,"column":9}},"line":231},"22":{"name":"(anonymous_22)","decl":{"start":{"line":240,"column":49},"end":{"line":240,"column":50}},"loc":{"start":{"line":240,"column":54},"end":{"line":242,"column":9}},"line":240},"23":{"name":"(anonymous_23)","decl":{"start":{"line":247,"column":2},"end":{"line":247,"column":3}},"loc":{"start":{"
[...]
,"/home/josh/storage/projects/js-math-tools/src/sqrt.js": {"path":"/home/josh/storage/projects/js-math-tools/src/sqrt.js","statementMap":{"0":{"start":{"line":1,"column":17},"end":{"line":1,"column":42}},"1":{"start":{"line":2,"column":18},"end":{"line":2,"column":43}},"2":{"start":{"line":5,"column":2},"end":{"line":11,"column":3}},"3":{"start":{"line":6,"column":4},"end":{"line":6,"column":32}},"4":{"start":{"line":6,"column":22},"end":{"line":6,"column":32}},"5":{"start":{"line":7,"column":4},"end":{"line":7,"column":25}},"6":{"start":{"line":7,"column":15},"end":{"line":7,"column":25}},"7":{"start":{"line":8,"column":4},"end":{"line":8,"column":23}},"8":{"start":{"line":10,"column":4},"end":{"line":10,"column":14}},"9":{"start":{"line":14,"column":0},"end":{"line":14,"column":32}}},"fnMap":{"0":{"name":"sqrt","decl":{"start":{"line":4,"column":9},"end":{"line":4,"column":13}},"loc":{"start":{"line":4,"column":17},"end":{"line":12,"column":1}},"line":4}},"branchMap":{"0":{"loc":{"start":{"line":6,"column":4},"end":{"line":6,"column":32}},"type":"if","locations":[{"start":{"line":6,"column":4},"end":{"line":6,"column":32}},{"start":{"line":6,"column":4},"end":{"line":6,"column":32}}],"line":6},"1":{"loc":{"start":{"line":7,"column":4},"end":{"line":7,"column":25}},"type":"if","locations":[{"start":{"line":7,"column":4},"end":{"line":7,"column":25}},{"start":{"line":7,"column":4},"end":{"line":7,"column":25}}],"line":7}},"s":{"0":13,"1":13,"2":39,"3":39,"4":6,"5":33,"6":1,"7":32,"8":0,"9":13},"f":{"0":39},"b":{"0":[6,33],"1":[1,32]},"_coverageSchema":"1a1c01bbd47fc00a2c39e90264f33305004495a9","hash":"58fbd9fe96454e6f56c8085d4eb15421b40ca2f0"}
,"/home/josh/storage/projects/js-math-tools/src/std.js": {"path":"/home/josh/storage/projects/js-math-tools/src/std.js","statementMap":{"0":{"start":{"line":1,"column":17},"end":{"line":1,"column":42}},"1":{"start":{"line":2,"column":16},"end":{"line":2,"column":39}},"2":{"start":{"line":3,"column":13},"end":{"line":3,"column":33}},"3":{"start":{"line":4,"column":12},"end":{"line":4,"column":31}},"4":{"start":{"line":5,"column":13},"end":{"line":5,"column":33}},"5":{"start":{"line":8,"column":2},"end":{"line":26,"column":3}},"6":{"start":{"line":9,"column":4},"end":{"line":9,"column":36}},"7":{"start":{"line":9,"column":26},"end":{"line":9,"column":36}},"8":{"start":{"line":11,"column":17},"end":{"line":11,"column":29}},"9":{"start":{"line":12,"column":4},"end":{"line":12,"column":37}},"10":{"start":{"line":12,"column":27},"end":{"line":12,"column":37}},"11":{"start":{"line":14,"column":14},"end":{"line":14,"column":24}},"12":{"start":{"line":15,"column":14},"end":{"line":15,"column":15}},"13":{"start":{"line":17,"column":4},"end":{"line":21,"column":5}},"14":{"start":{"line":17,"column":17},"end":{"line":17,"column":18}},"15":{"start":{"line":18,"column":20},"end":{"line":18,"column":27}},"16":{"start":{"line":19,"column":6},"end":{"line":19,"column":38}},"17":{"start":{"line":19,"column":28},"end":{"line":19,"column":38}},"18":{"start":{"line":20,"column":6},"end":{"line":20,"column":30}},"19":{"start":{"line":23,"column":4},"end":{"line":23,"column":34}},"20":{"start":{"line":25,"column":4},"end":{"line":25,"column":14}},"21":{"start":{"line":29,"column":0},"end":{"line":29,"column":20}}},"fnMap":{"0":{"name":"std","decl":{"start":{"line":7,"column":9},"end":{"line":7,"column":12}},"loc":{"start":{"line":7,"column":18},"end":{"line":27,"column":1}},"line":7}},"branchMap":{"0":{"loc":{"start":{"line":9,"column":4},"end":{"line":9,"column":36}},"type":"if","locations":[{"start":{"line":9,"column":4},"end":{"line":9,"column":36}},{"start":{"line":9,"column":4},"end":{"line":9,"column":36}}],"line":9},"1":{"loc":{"start":{"line":12,"column":4},"end":{"line":12,"column":37}},"type":"if","locations":[{"start":{"line":12,"column":4},"end":{"line":12,"column":37}},{"start":{"line":12,"column":4},"end":{"line":12,"column":37}}],"line":12},"2":{"loc":{"start":{"line":19,"column":6},"end":{"line":19,"column":38}},"type":"if","locations":[{"start":{"line":19,"column":6},"end":{"line":19,"column":38}},{"start":{"line":19,"column":6},"end":{"line":19,"column":38}}],"line":19}},"s":{"0":5,"1":5,"2":5,"3":5,"4":5,"5":38,"6":38,"7":4,"8":28,"9":20,"10":0,"11":20,"12":20,"13":20,"14":20,"15":179616,"16":179616,"17":2,"18":179614,"19":18,"20":14,"21":5},"f":{"0":38},"b":{"0":[4,28],"1":[0,20],"2":[2,179614]},"_coverageSchema":"1a1c01bbd47fc00a2c39e90264f33305004495a9","hash":"f2496bb53cfc7494cf2142292831c76cbf599e8d"}
,"/home/josh/storage/projects/js-math-tools/src/sum.js": {"path":"/home/josh/storage/projects/js-math-tools/src/sum.js","statementMap":{"0":{"start":{"line":1,"column":16},"end":{"line":1,"column":40}},"1":{"start":{"line":2,"column":16},"end":{"line":2,"column":39}},"2":{"start":{"line":3,"column":17},"end":{"line":3,"column":42}},"3":{"start":{"line":6,"column":2},"end":{"line":20,"column":3}},"4":{"start":{"line":7,"column":17},"end":{"line":7,"column":29}},"5":{"start":{"line":8,"column":4},"end":{"line":8,"column":37}},"6":{"start":{"line":8,"column":27},"end":{"line":8,"column":37}},"7":{"start":{"line":9,"column":14},"end":{"line":9,"column":15}},"8":{"start":{"line":11,"column":4},"end":{"line":15,"column":5}},"9":{"start":{"line":11,"column":17},"end":{"line":11,"column":18}},"10":{"start":{"line":12,"column":20},"end":{"line":12,"column":27}},"11":{"start":{"line":13,"column":6},"end":{"line":14,"column":21}},"12":{"start":{"line":13,"column":27},"end":{"line":13,"column":39}},"13":{"start":{"line":14,"column":11},"end":{"line":14,"column":21}},"14":{"start":{"line":17,"column":4},"end":{"line":17,"column":14}},"15":{"start":{"line":19,"column":4},"end":{"line":19,"column":14}},"16":{"start":{"line":23,"column":0},"end":{"line":23,"column":20}}},"fnMap":{"0":{"name":"sum","decl":{"start":{"line":5,"column":9},"end":{"line":5,"column":12}},"loc":{"start":{"line":5,"column":18},"end":{"line":21,"column":1}},"line":5}},"branchMap":{"0":{"loc":{"start":{"line":8,"column":4},"end":{"line":8,"column":37}},"type":"if","locations":[{"start":{"line":8,"column":4},"end":{"line":8,"column":37}},{"start":{"line":8,"column":4},"end":{"line":8,"column":37}}],"line":8},"1":{"loc":{"start":{"line":13,"column":6},"end":{"line":14,"column":21}},"type":"if","locations":[{"start":{"line":13,"column":6},"end":{"line":14,"column":21}},{"start":{"line":13,"column":6},"end":{"line":14,"column":21}}],"line":13}},"s":{"0":16,"1":16,"2":16,"3":5056,"4":5056,"5":5054,"6":1,"7":5053,"8":5053,"9":5053,"10":26189,"11":26189,"12":26187,"13":2,"14":5051,"15":2,"16":16},"f":{"0":5056},"b":{"0":[1,5053],"1":[26187,2]},"_coverageSchema":"1a1c01bbd47fc00a2c39e90264f33305004495a9","hash":"58f5379ad62805443bb535c768750a8b58fadacd"}
,"/home/josh/storage/projects/js-math-tools/src/tan.js": {"path":"/home/josh/storage/projects/js-math-tools/src/tan.js","statementMap":{"0":{"start":{"line":1,"column":17},"end":{"line":1,"column":42}},"1":{"start":{"line":2,"column":18},"end":{"line":2,"column":43}},"2":{"start":{"line":5,"column":2},"end":{"line":10,"column":3}},"3":{"start":{"line":6,"column":4},"end":{"line":6,"column":32}},"4":{"start":{"line":6,"column":22},"end":{"line":6,"column":32}},"5":{"start":{"line":7,"column":4},"end":{"line":7,"column":22}},"6":{"start":{"line":9,"column":4},"end":{"line":9,"column":14}},"7":{"start":{"line":13,"column":0},"end":{"line":13,"column":31}}},"fnMap":{"0":{"name":"tan","decl":{"start":{"line":4,"column":9},"end":{"line":4,"column":12}},"loc":{"start":{"line":4,"column":16},"end":{"line":11,"column":1}},"line":4}},"branchMap":{"0":{"loc":{"start":{"line":6,"column":4},"end":{"line":6,"column":32}},"type":"if","locations":[{"start":{"line":6,"column":4},"end":{"line":6,"column":32}},{"start":{"line":6,"column":4},"end":{"line":6,"column":32}}],"line":6}},"s":{"0":1,"1":1,"2":13,"3":13,"4":8,"5":5,"6":0,"7":1},"f":{"0":13},"b":{"0":[8,5]},"_coverageSchema":"1a1c01bbd47fc00a2c39e90264f33305004495a9","hash":"c9699372d734638a812b28ffaac7ed2d252a0eb1"}
,"/home/josh/storage/projects/js-math-tools/src/transpose.js": {"path":"/home/josh/storage/projects/js-math-tools/src/transpose.js","statementMap":{"0":{"start":{"line":1,"column":15},"end":{"line":1,"column":37}},"1":{"start":{"line":2,"column":20},"end":{"line":2,"column":48}},"2":{"start":{"line":3,"column":16},"end":{"line":3,"column":40}},"3":{"start":{"line":4,"column":14},"end":{"line":4,"column":35}},"4":{"start":{"line":5,"column":16},"end":{"line":5,"column":39}},"5":{"start":{"line":6,"column":16},"end":{"line":6,"column":39}},"6":{"start":{"line":9,"column":2},"end":{"line":12,"column":3}},"7":{"start":{"line":14,"column":2},"end":{"line":14,"column":79}},"8":{"start":{"line":16,"column":19},"end":{"line":16,"column":29}},"9":{"start":{"line":18,"column":2},"end":{"line":21,"column":3}},"10":{"start":{"line":23,"column":2},"end":{"line":35,"column":3}},"11":{"start":{"line":24,"column":4},"end":{"line":24,"column":23}},"12":{"start":{"line":25,"column":9},"end":{"line":35,"column":3}},"13":{"start":{"line":26,"column":16},"end":{"line":26,"column":42}},"14":{"start":{"line":28,"column":4},"end":{"line":32,"column":5}},"15":{"start":{"line":28,"column":19},"end":{"line":28,"column":20}},"16":{"start":{"line":29,"column":6},"end":{"line":31,"column":7}},"17":{"start":{"line":29,"column":21},"end":{"line":29,"column":22}},"18":{"start":{"line":30,"column":8},"end":{"line":30,"column":37}},"19":{"start":{"line":34,"column":4},"end":{"line":34,"column":14}},"20":{"start":{"line":38,"column":0},"end":{"line":38,"column":26}}},"fnMap":{"0":{"name":"transpose","decl":{"start":{"line":8,"column":9},"end":{"line":8,"column":18}},"loc":{"start":{"line":8,"column":24},"end":{"line":36,"column":1}},"line":8}},"branchMap":{"0":{"loc":{"start":{"line":23,"column":2},"end":{"line":35,"column":3}},"type":"if","locations":[{"start":{"line":23,"column":2},"end":{"line":35,"column":3}},{"start":{"line":23,"column":2},"end":{"line":35,"column":3}}],"line":23},"1":{"loc":{"start":{"line":25,"column":9},"end":{"line":35,"column":3}},"type":"if","locations":[{"start":{"line":25,"column":9},"end":{"line":35,"column":3}},{"start":{"line":25,"column":9},"end":{"line":35,"column":3}}],"line":25}},"s":{"0":6,"1":6,"2":6,"3":6,"4":6,"5":6,"6":516,"7":513,"8":507,"9":507,"10":506,"11":2,"12":504,"13":504,"14":504,"15":504,"16":3060,"17":3060,"18":18458,"19":504,"20":6},"f":{"0":516},"b":{"0":[2,504],"1":[504,0]},"_coverageSchema":"1a1c01bbd47fc00a2c39e90264f33305004495a9","hash":"778432db99d1cc839cb9ed909908c3d5ba8ed81b"}
,"/home/josh/storage/projects/js-math-tools/src/variance.js": {"path":"/home/josh/storage/projects/js-math-tools/src/variance.js","statementMap":{"0":{"start":{"line":1,"column":12},"end":{"line":1,"column":31}},"1":{"start":{"line":2,"column":12},"end":{"line":2,"column":31}},"2":{"start":{"line":5,"column":2},"end":{"line":9,"column":3}},"3":{"start":{"line":6,"column":4},"end":{"line":6,"column":27}},"4":{"start":{"line":8,"column":4},"end":{"line":8,"column":14}},"5":{"start":{"line":12,"column":0},"end":{"line":12,"column":25}}},"fnMap":{"0":{"name":"variance","decl":{"start":{"line":4,"column":9},"end":{"line":4,"column":17}},"loc":{"start":{"line":4,"column":23},"end":{"line":10,"column":1}},"line":4}},"branchMap":{},"s":{"0":1,"1":1,"2":13,"3":13,"4":0,"5":1},"f":{"0":13},"b":{},"_coverageSchema":"1a1c01bbd47fc00a2c39e90264f33305004495a9","hash":"9c6a4fd3c1cb4c560a0a0853d4eb3bd329b4539d"}
,"/home/josh/storage/projects/js-math-tools/src/vectorize.js": {"path":"/home/josh/storage/projects/js-math-tools/src/vectorize.js","statementMap":{"0":{"start":{"line":1,"column":15},"end":{"line":1,"column":37}},"1":{"start":{"line":2,"column":20},"end":{"line":2,"column":48}},"2":{"start":{"line":3,"column":16},"end":{"line":3,"column":40}},"3":{"start":{"line":4,"column":12},"end":{"line":4,"column":31}},"4":{"start":{"line":5,"column":19},"end":{"line":5,"column":46}},"5":{"start":{"line":8,"column":2},"end":{"line":11,"column":3}},"6":{"start":{"line":13,"column":2},"end":{"line":16,"column":3}},"7":{"start":{"line":18,"column":2},"end":{"line":51,"column":3}},"8":{"start":{"line":20,"column":6},"end":{"line":22,"column":27}},"9":{"start":{"line":21,"column":20},"end":{"line":21,"column":43}},"10":{"start":{"line":24,"column":4},"end":{"line":50,"column":5}},"11":{"start":{"line":25,"column":18},"end":{"line":25,"column":20}},"12":{"start":{"line":26,"column":22},"end":{"line":28,"column":42}},"13":{"start":{"line":27,"column":23},"end":{"line":27,"column":46}},"14":{"start":{"line":28,"column":20},"end":{"line":28,"column":41}},"15":{"start":{"line":29,"column":24},"end":{"line":29,"column":36}},"16":{"start":{"line":31,"column":6},"end":{"line":36,"column":8}},"17":{"start":{"line":32,"column":8},"end":{"line":35,"column":9}},"18":{"start":{"line":38,"column":6},"end":{"line":45,"column":7}},"19":{"start":{"line":38,"column":19},"end":{"line":38,"column":20}},"20":{"start":{"line":39,"column":21},"end":{"line":42,"column":10}},"21":{"start":{"line":40,"column":10},"end":{"line":40,"column":63}},"22":{"start":{"line":40,"column":39},"end":{"line":40,"column":63}},"23":{"start":{"line":41,"column":10},"end":{"line":41,"column":31}},"24":{"start":{"line":44,"column":8},"end":{"line":44,"column":31}},"25":{"start":{"line":47,"column":6},"end":{"line":47,"column":16}},"26":{"start":{"line":49,"column":6},"end":{"line":49,"column":29}},"27":{"start":{"line":54,"column":0},"end":{"line":54,"column":26}}},"fnMap":{"0":{"name":"vectorize","decl":{"start":{"line":7,"column":9},"end":{"line":7,"column":18}},"loc":{"start":{"line":7,"column":23},"end":{"line":52,"column":1}},"line":7},"1":{"name":"temp","decl":{"start":{"line":18,"column":18},"end":{"line":18,"column":22}},"loc":{"start":{"line":18,"column":25},"end":{"line":51,"column":3}},"line":18},"2":{"name":"(anonymous_2)","decl":{"start":{"line":21,"column":13},"end":{"line":21,"column":14}},"loc":{"start":{"line":21,"column":20},"end":{"line":21,"column":43}},"line":21},"3":{"name":"(anonymous_3)","decl":{"start":{"line":27,"column":16},"end":{"line":27,"column":17}},"loc":{"start":{"line":27,"column":23},"end":{"line":27,"column":46}},"line":27},"4":{"name":"(anonymous_4)","decl":{"start":{"line":28,"column":13},"end":{"line":28,"column":14}},"loc":{"start":{"line":28,"column":20},"end":{"line":28,"column":41}},"line":28},"5":{"name":"(anonymous_5)","decl":{"start":{"line":31,"column":22},"end":{"line":31,"column":23}},"loc":{"start":{"line":31,"column":32},"end":{"line":36,"column":7}},"line":31},"6":{"name":"(anonymous_6)","decl":{"start":{"line":39,"column":48},"end":{"line":39,"column":49}},"loc":{"start":{"line":39,"column":55},"end":{"line":42,"column":9}},"line":39}},"branchMap":{"0":{"loc":{"start":{"line":24,"column":4},"end":{"line":50,"column":5}},"type":"if","locations":[{"start":{"line":24,"column":4},"end":{"line":50,"column":5}},{"start":{"line":24,"column":4},"end":{"line":50,"column":5}}],"line":24},"1":{"loc":{"start":{"line":40,"column":10},"end":{"line":40,"column":63}},"type":"if","locations":[{"start":{"line":40,"column":10},"end":{"line":40,"column":63}},{"start":{"line":40,"column":10},"end":{"line":40,"column":63}}],"line":40}},"s":{"0":64,"1":64,"2":64,"3":64,"4":64,"5":253,"6":250,"7":244,"8":1071643,"9":1936182,"10":1071643,"11":40791,"12":40791,"13":78434,"14":46864,"15":40791,"16":40791,"17":46859,"18":40785,"19":40785,"20":744998,"21":1424122,"22":797038,"23":627084,"24":744998,"25":40785,"26":1030852,"27":64},"f":{"0":253,"1":1071643,"2":1936182,"3":78434,"4":46864,"5":46859,"6":1424122},"b":{"0":[40791,1030852],"1":[797038,627084]},"_coverageSchema":"1a1c01bbd47fc00a2c39e90264f33305004495a9","hash":"699938c186efdfe6477e0ffb80bc063f55944613"}
,"/home/josh/storage/projects/js-math-tools/src/where.js": {"path":"/home/josh/storage/projects/js-math-tools/src/where.js","statementMap":{"0":{"start":{"line":1,"column":15},"end":{"line":1,"column":37}},"1":{"start":{"line":2,"column":16},"end":{"line":2,"column":40}},"2":{"start":{"line":3,"column":19},"end":{"line":3,"column":46}},"3":{"start":{"line":4,"column":14},"end":{"line":4,"column":35}},"4":{"start":{"line":5,"column":16},"end":{"line":5,"column":40}},"5":{"start":{"line":6,"column":19},"end":{"line":6,"column":47}},"6":{"start":{"line":7,"column":16},"end":{"line":7,"column":39}},"7":{"start":{"line":10,"column":2},"end":{"line":13,"column":3}},"8":{"start":{"line":15,"column":2},"end":{"line":18,"column":3}},"9":{"start":{"line":20,"column":12},"end":{"line":20,"column":29}},"10":{"start":{"line":21,"column":13},"end":{"line":21,"column":25}},"11":{"start":{"line":22,"column":14},"end":{"line":22,"column":16}},"12":{"start":{"line":23,"column":14},"end":{"line":23,"column":15}},"13":{"start":{"line":24,"column":15},"end":{"line":24,"column":20}},"14":{"start":{"line":26,"column":2},"end":{"line":36,"column":3}},"15":{"start":{"line":27,"column":16},"end":{"line":27,"column":35}},"16":{"start":{"line":29,"column":4},"end":{"line":35,"column":5}},"17":{"start":{"line":30,"column":6},"end":{"line":30,"column":22}},"18":{"start":{"line":31,"column":6},"end":{"line":31,"column":40}},"19":{"start":{"line":32,"column":6},"end":{"line":32,"column":13}},"20":{"start":{"line":34,"column":6},"end":{"line":34,"column":19}},"21":{"start":{"line":38,"column":2},"end":{"line":38,"column":30}},"22":{"start":{"line":38,"column":19},"end":{"line":38,"column":30}},"23":{"start":{"line":39,"column":2},"end":{"line":39,"column":12}},"24":{"start":{"line":42,"column":0},"end":{"line":42,"column":22}}},"fnMap":{"0":{"name":"where","decl":{"start":{"line":9,"column":9},"end":{"line":9,"column":14}},"loc":{"start":{"line":9,"column":22},"end":{"line":40,"column":1}},"line":9}},"branchMap":{"0":{"loc":{"start":{"line":29,"column":4},"end":{"line":35,"column":5}},"type":"if","locations":[{"start":{"line":29,"column":4},"end":{"line":35,"column":5}},{"start":{"line":29,"column":4},"end":{"line":35,"column":5}}],"line":29},"1":{"loc":{"start":{"line":38,"column":2},"end":{"line":38,"column":30}},"type":"if","locations":[{"start":{"line":38,"column":2},"end":{"line":38,"column":30}},{"start":{"line":38,"column":2},"end":{"line":38,"column":30}}],"line":38}},"s":{"0":1,"1":1,"2":1,"3":1,"4":1,"5":1,"6":1,"7":10,"8":3,"9":2,"10":2,"11":2,"12":2,"13":2,"14":2,"15":69,"16":69,"17":67,"18":67,"19":67,"20":2,"21":2,"22":0,"23":2,"24":1},"f":{"0":10},"b":{"0":[67,2],"1":[0,2]},"_coverageSchema":"1a1c01bbd47fc00a2c39e90264f33305004495a9","hash":"e3dc27651a06146b2d77accc828a12565742df9f"}
,"/home/josh/storage/projects/js-math-tools/src/zeros.js": {"path":"/home/josh/storage/projects/js-math-tools/src/zeros.js","statementMap":{"0":{"start":{"line":1,"column":16},"end":{"line":1,"column":39}},"1":{"start":{"line":2,"column":14},"end":{"line":2,"column":35}},"2":{"start":{"line":5,"column":2},"end":{"line":5,"column":38}},"3":{"start":{"line":5,"column":36},"end":{"line":5,"column":37}},"4":{"start":{"line":8,"column":0},"end":{"line":8,"column":22}}},"fnMap":{"0":{"name":"zeros","decl":{"start":{"line":4,"column":9},"end":{"line":4,"column":14}},"loc":{"start":{"line":4,"column":22},"end":{"line":6,"column":1}},"line":4},"1":{"name":"(anonymous_1)","decl":{"start":{"line":5,"column":31},"end":{"line":5,"column":32}},"loc":{"start":{"line":5,"column":36},"end":{"line":5,"column":37}},"line":5}},"branchMap":{},"s":{"0":8,"1":8,"2":20,"3":12538,"4":8},"f":{"0":20,"1":12538},"b":{},"_coverageSchema":"1a1c01bbd47fc00a2c39e90264f33305004495a9","hash":"637582b18789671ef3e7b530042563b604770928"}
}
