TN:
SF:src/abs.js
FN:3,(anonymous_0)
FNF:1
FNH:1
FNDA:55,(anonymous_0)
DA:1,16
DA:3,16
DA:4,55
DA:5,55
DA:6,53
DA:8,0
DA:12,16
LF:7
LH:6
BRDA:5,0,0,2
BRDA:5,0,1,53
BRF:2
BRH:2
end_of_record
TN:
SF:src/add.js
FN:3,(anonymous_0)
FNF:1
FNH:1
FNDA:46814,(anonymous_0)
DA:1,12
DA:3,12
DA:4,46814
DA:6,46814
DA:8,46814
DA:9,93628
DA:10,93628
DA:11,93628
DA:12,93627
DA:13,45922
DA:16,46813
DA:18,0
DA:22,12
LF:13
LH:12
BRDA:11,0,0,1
BRDA:11,0,1,93627
BRDA:12,1,0,47705
BRDA:12,1,1,45922
BRF:4
BRH:4
end_of_record
TN:
SF:src/append.js
FN:8,append
FNF:1
FNH:1
FNDA:223,append
DA:1,2
DA:2,2
DA:3,2
DA:4,2
DA:5,2
DA:6,2
DA:9,223
DA:14,222
DA:19,222
DA:20,222
DA:22,221
DA:27,221
DA:32,221
DA:37,221
DA:38,221
DA:40,221
DA:45,221
DA:50,220
DA:51,438
DA:52,219
DA:59,217
DA:64,217
DA:65,0
DA:66,217
DA:67,1
DA:68,216
DA:69,216
DA:70,130
DA:71,136
DA:72,981
DA:73,130
DA:74,86
DA:75,86
DA:80,2
LF:34
LH:33
BRDA:8,0,0,2
BRDA:28,1,0,221
BRDA:28,1,1,221
BRDA:46,2,0,221
BRDA:46,2,1,220
BRDA:51,3,0,219
BRDA:51,3,1,219
BRDA:64,4,0,0
BRDA:64,4,1,217
BRDA:66,5,0,1
BRDA:66,5,1,216
BRDA:68,6,0,216
BRDA:68,6,1,0
BRDA:69,7,0,130
BRDA:69,7,1,86
BRDA:74,8,0,86
BRDA:74,8,1,0
BRF:17
BRH:14
end_of_record
TN:
SF:src/apply.js
FN:3,apply
FNF:1
FNH:1
FNDA:520605,apply
DA:1,52
DA:4,520605
DA:5,520605
DA:7,4
DA:11,52
LF:5
LH:5
BRF:0
BRH:0
end_of_record
TN:
SF:src/arccos.js
FN:3,(anonymous_0)
FNF:1
FNH:1
FNDA:5,(anonymous_0)
DA:1,1
DA:3,1
DA:4,5
DA:5,5
DA:7,0
DA:11,1
LF:6
LH:5
BRF:0
BRH:0
end_of_record
TN:
SF:src/arcsin.js
FN:3,(anonymous_0)
FNF:1
FNH:1
FNDA:5,(anonymous_0)
DA:1,1
DA:3,1
DA:4,5
DA:5,5
DA:7,0
DA:11,1
LF:6
LH:5
BRF:0
BRH:0
end_of_record
TN:
SF:src/arctan.js
FN:3,(anonymous_0)
FNF:1
FNH:1
FNDA:4,(anonymous_0)
DA:1,1
DA:3,1
DA:4,4
DA:5,4
DA:7,0
DA:11,1
LF:6
LH:5
BRF:0
BRH:0
end_of_record
TN:
SF:src/argmax.js
FN:4,argmax
FNF:1
FNH:1
FNDA:2,argmax
DA:1,1
DA:2,1
DA:5,2
DA:6,2
DA:8,0
DA:12,1
LF:6
LH:5
BRF:0
BRH:0
end_of_record
TN:
SF:src/argmin.js
FN:4,argmin
FNF:1
FNH:1
FNDA:2,argmin
DA:1,1
DA:2,1
DA:5,2
DA:6,2
DA:8,0
DA:12,1
LF:6
LH:5
BRF:0
BRH:0
end_of_record
TN:
SF:src/assert.js
FN:1,(anonymous_0)
FNF:1
FNH:1
FNDA:3608641,(anonymous_0)
DA:1,70
DA:2,3608641
LF:2
LH:2
BRDA:2,0,0,304
BRDA:2,0,1,3608337
BRF:2
BRH:2
end_of_record
TN:
SF:src/ceil.js
FN:3,(anonymous_0)
FNF:1
FNH:1
FNDA:512,(anonymous_0)
DA:1,1
DA:3,1
DA:4,512
DA:5,512
DA:6,505
DA:8,0
DA:12,1
LF:7
LH:6
BRDA:5,0,0,7
BRDA:5,0,1,505
BRF:2
BRH:2
end_of_record
TN:
SF:src/chop.js
FN:5,(anonymous_0)
FNF:1
FNH:1
FNDA:23,(anonymous_0)
DA:1,6
DA:2,6
DA:3,6
DA:5,6
DA:6,23
DA:7,23
DA:8,22
DA:9,21
DA:10,21
DA:12,0
DA:16,6
LF:11
LH:10
BRDA:7,0,0,1
BRDA:7,0,1,22
BRDA:8,1,0,1
BRDA:8,1,1,21
BRDA:8,2,0,22
BRDA:8,2,1,6
BRDA:9,3,0,16
BRDA:9,3,1,5
BRDA:9,4,0,21
BRDA:9,4,1,5
BRDA:10,5,0,14
BRDA:10,5,1,7
BRF:12
BRH:12
end_of_record
TN:
SF:src/clamp.js
FN:3,(anonymous_0)
FNF:1
FNH:1
FNDA:12,(anonymous_0)
DA:1,1
DA:3,1
DA:4,12
DA:5,12
DA:6,11
DA:7,10
DA:9,9
DA:10,6
DA:11,3
DA:13,0
DA:17,1
LF:11
LH:10
BRDA:5,0,0,1
BRDA:5,0,1,11
BRDA:6,1,0,1
BRDA:6,1,1,10
BRDA:7,2,0,1
BRDA:7,2,1,9
BRDA:9,3,0,3
BRDA:9,3,1,6
BRDA:10,4,0,3
BRDA:10,4,1,3
BRF:10
BRH:10
end_of_record
TN:
SF:src/copy.js
FN:5,copy
FN:14,(anonymous_1)
FNF:2
FNH:2
FNDA:24164,copy
FNDA:6,(anonymous_1)
DA:1,5
DA:2,5
DA:3,5
DA:6,24164
DA:7,6770
DA:8,2077
DA:9,4693
DA:10,4691
DA:12,2
DA:14,2
DA:15,6
DA:18,2
DA:21,17394
DA:25,5
LF:14
LH:14
BRDA:6,0,0,6770
BRDA:6,0,1,17394
BRDA:7,1,0,2077
BRDA:7,1,1,4693
BRDA:9,2,0,4691
BRDA:9,2,1,2
BRF:6
BRH:6
end_of_record
TN:
SF:src/correl.js
FN:5,correl
FNF:1
FNH:1
FNDA:7,correl
DA:1,1
DA:2,1
DA:3,1
DA:6,7
DA:7,7
DA:8,6
DA:9,4
DA:11,1
DA:15,1
LF:9
LH:9
BRDA:8,0,0,2
BRDA:8,0,1,4
BRDA:8,1,0,6
BRDA:8,1,1,4
BRF:4
BRH:4
end_of_record
TN:
SF:src/cos.js
FN:4,cos
FNF:1
FNH:1
FNDA:10012,cos
DA:1,1
DA:2,1
DA:5,10012
DA:6,10012
DA:7,10004
DA:9,0
DA:13,1
LF:7
LH:6
BRDA:6,0,0,8
BRDA:6,0,1,10004
BRF:2
BRH:2
end_of_record
TN:
SF:src/count.js
FN:8,count
FN:24,(anonymous_1)
FN:25,(anonymous_2)
FN:29,(anonymous_3)
FNF:4
FNH:4
FNDA:4086,count
FNDA:7,(anonymous_1)
FNDA:97,(anonymous_2)
FNDA:4070093,(anonymous_3)
DA:1,2
DA:2,2
DA:3,2
DA:4,2
DA:5,2
DA:6,2
DA:9,4086
DA:14,4086
DA:20,4086
DA:21,4086
DA:23,4086
DA:24,2
DA:25,97
DA:26,7
DA:29,4070093
DA:33,2
LF:16
LH:16
BRDA:21,0,0,1
BRDA:21,0,1,4085
BRDA:23,1,0,2
BRDA:23,1,1,4084
BRF:4
BRH:4
end_of_record
TN:
SF:src/covariance.js
FN:5,covariance
FNF:1
FNH:1
FNDA:9,covariance
DA:1,2
DA:2,2
DA:3,2
DA:6,9
DA:7,9
DA:12,8
DA:13,8
DA:15,7
DA:20,7
DA:21,7
DA:22,7
DA:24,7
DA:25,59808
DA:28,7
DA:30,1
DA:34,2
LF:16
LH:16
BRDA:13,0,0,1
BRDA:13,0,1,7
BRDA:13,1,0,8
BRDA:13,1,1,7
BRF:4
BRH:4
end_of_record
TN:
SF:src/dataframe.js
FN:23,makeKey
FN:31,isInteger
FN:35,isWholeNumber
FN:39,isObject
FN:43,isDataFrame
FN:47,isSeries
FN:51,quote
FN:57,(anonymous_7)
FN:66,(anonymous_8)
FN:74,leftPad
FN:82,(anonymous_10)
FN:96,(anonymous_11)
FN:100,(anonymous_12)
FN:114,(anonymous_13)
FN:124,(anonymous_14)
FN:145,(anonymous_15)
FN:149,(anonymous_16)
FN:165,(anonymous_17)
FN:184,(anonymous_18)
FN:188,(anonymous_19)
FN:204,(anonymous_20)
FN:231,(anonymous_21)
FN:240,(anonymous_22)
FN:247,(anonymous_23)
FN:264,(anonymous_24)
FN:266,(anonymous_25)
FN:271,(anonymous_26)
FN:279,(anonymous_27)
FN:290,(anonymous_28)
FN:292,(anonymous_29)
FN:310,(anonymous_30)
FN:320,(anonymous_31)
FN:325,(anonymous_32)
FN:330,(anonymous_33)
FN:335,(anonymous_34)
FN:337,(anonymous_35)
FN:340,(anonymous_36)
FN:348,(anonymous_37)
FN:354,(anonymous_38)
FN:381,(anonymous_39)
FN:397,(anonymous_40)
FN:415,(anonymous_41)
FN:443,(anonymous_42)
FN:455,(anonymous_43)
FN:467,(anonymous_44)
FN:468,(anonymous_45)
FN:497,(anonymous_46)
FN:526,(anonymous_47)
FN:538,(anonymous_48)
FN:550,(anonymous_49)
FN:551,(anonymous_50)
FN:555,(anonymous_51)
FN:560,(anonymous_52)
FN:565,(anonymous_53)
FN:573,(anonymous_54)
FN:578,(anonymous_55)
FN:582,(anonymous_56)
FN:589,(anonymous_57)
FN:598,(anonymous_58)
FN:650,(anonymous_59)
FN:680,(anonymous_60)
FN:690,(anonymous_61)
FN:708,(anonymous_62)
FN:723,(anonymous_63)
FN:740,(anonymous_64)
FN:745,(anonymous_65)
FN:767,helper
FN:800,(anonymous_67)
FN:816,(anonymous_68)
FN:834,(anonymous_69)
FN:864,(anonymous_70)
FN:871,(anonymous_71)
FN:890,(anonymous_72)
FN:895,(anonymous_73)
FN:900,(anonymous_74)
FN:904,(anonymous_75)
FN:907,(anonymous_76)
FN:917,(anonymous_77)
FN:924,(anonymous_78)
FN:927,(anonymous_79)
FN:941,(anonymous_80)
FN:968,(anonymous_81)
FN:999,(anonymous_82)
FN:1006,(anonymous_83)
FN:1016,(anonymous_84)
FN:1047,(anonymous_85)
FN:1065,(anonymous_86)
FN:1086,(anonymous_87)
FN:1109,(anonymous_88)
FN:1127,(anonymous_89)
FN:1132,(anonymous_90)
FN:1156,(anonymous_91)
FN:1174,(anonymous_92)
FN:1192,(anonymous_93)
FNF:94
FNH:61
FNDA:0,makeKey
FNDA:310,isInteger
FNDA:310,isWholeNumber
FNDA:20,isObject
FNDA:0,isDataFrame
FNDA:47,isSeries
FNDA:0,quote
FNDA:0,(anonymous_7)
FNDA:0,(anonymous_8)
FNDA:1540,leftPad
FNDA:53,(anonymous_10)
FNDA:1666,(anonymous_11)
FNDA:51,(anonymous_12)
FNDA:702,(anonymous_13)
FNDA:338,(anonymous_14)
FNDA:1635,(anonymous_15)
FNDA:40,(anonymous_16)
FNDA:288,(anonymous_17)
FNDA:3487,(anonymous_18)
FNDA:47,(anonymous_19)
FNDA:876,(anonymous_20)
FNDA:12,(anonymous_21)
FNDA:400,(anonymous_22)
FNDA:0,(anonymous_23)
FNDA:0,(anonymous_24)
FNDA:0,(anonymous_25)
FNDA:0,(anonymous_26)
FNDA:0,(anonymous_27)
FNDA:0,(anonymous_28)
FNDA:0,(anonymous_29)
FNDA:0,(anonymous_30)
FNDA:112,(anonymous_31)
FNDA:0,(anonymous_32)
FNDA:0,(anonymous_33)
FNDA:36,(anonymous_34)
FNDA:1074,(anonymous_35)
FNDA:1,(anonymous_36)
FNDA:19,(anonymous_37)
FNDA:60,(anonymous_38)
FNDA:14,(anonymous_39)
FNDA:46,(anonymous_40)
FNDA:24,(anonymous_41)
FNDA:1238,(anonymous_42)
FNDA:51,(anonymous_43)
FNDA:1238,(anonymous_44)
FNDA:1457,(anonymous_45)
FNDA:3,(anonymous_46)
FNDA:300,(anonymous_47)
FNDA:3,(anonymous_48)
FNDA:300,(anonymous_49)
FNDA:3,(anonymous_50)
FNDA:3,(anonymous_51)
FNDA:3,(anonymous_52)
FNDA:11,(anonymous_53)
FNDA:2,(anonymous_54)
FNDA:1,(anonymous_55)
FNDA:100,(anonymous_56)
FNDA:20,(anonymous_57)
FNDA:20,(anonymous_58)
FNDA:10,(anonymous_59)
FNDA:132,(anonymous_60)
FNDA:2,(anonymous_61)
FNDA:3,(anonymous_62)
FNDA:3,(anonymous_63)
FNDA:0,(anonymous_64)
FNDA:7,(anonymous_65)
FNDA:22,helper
FNDA:12,(anonymous_67)
FNDA:10,(anonymous_68)
FNDA:6,(anonymous_69)
FNDA:19,(anonymous_70)
FNDA:38,(anonymous_71)
FNDA:1,(anonymous_72)
FNDA:0,(anonymous_73)
FNDA:0,(anonymous_74)
FNDA:0,(anonymous_75)
FNDA:0,(anonymous_76)
FNDA:0,(anonymous_77)
FNDA:0,(anonymous_78)
FNDA:0,(anonymous_79)
FNDA:0,(anonymous_80)
FNDA:0,(anonymous_81)
FNDA:0,(anonymous_82)
FNDA:0,(anonymous_83)
FNDA:1,(anonymous_84)
FNDA:0,(anonymous_85)
FNDA:3,(anonymous_86)
FNDA:3,(anonymous_87)
FNDA:23,(anonymous_88)
FNDA:0,(anonymous_89)
FNDA:0,(anonymous_90)
FNDA:0,(anonymous_91)
FNDA:0,(anonymous_92)
FNDA:0,(anonymous_93)
DA:1,1
DA:2,1
DA:3,1
DA:4,1
DA:5,1
DA:6,1
DA:7,1
DA:8,1
DA:9,1
DA:10,1
DA:11,1
DA:12,1
DA:13,1
DA:14,1
DA:15,1
DA:16,1
DA:17,1
DA:18,1
DA:19,1
DA:20,1
DA:21,1
DA:24,0
DA:25,0
DA:26,0
DA:27,0
DA:28,0
DA:32,310
DA:36,310
DA:40,20
DA:44,0
DA:48,47
DA:52,0
DA:53,0
DA:54,0
DA:56,0
DA:57,0
DA:58,0
DA:62,0
DA:63,0
DA:65,0
DA:66,0
DA:67,0
DA:71,0
DA:75,1540
DA:76,1540
DA:77,1540
DA:78,1540
DA:83,53
DA:85,53
DA:92,53
DA:97,1666
DA:101,51
DA:103,51
DA:105,51
DA:110,51
DA:111,3
DA:112,48
DA:113,45
DA:115,702
DA:120,51
DA:121,0
DA:122,51
DA:123,45
DA:125,338
DA:130,51
DA:134,53
DA:141,53
DA:146,1635
DA:150,40
DA:155,40
DA:160,40
DA:165,40
DA:166,288
DA:169,40
DA:173,53
DA:180,53
DA:185,3487
DA:189,47
DA:194,47
DA:199,47
DA:204,47
DA:205,876
DA:208,47
DA:212,53
DA:217,53
DA:218,48
DA:219,44
DA:221,44
DA:226,44
DA:228,4
DA:229,4
DA:231,4
DA:232,12
DA:233,12
DA:236,4
DA:238,4
DA:240,4
DA:241,400
DA:248,0
DA:252,0
DA:253,0
DA:254,0
DA:259,0
DA:260,0
DA:261,0
DA:264,0
DA:266,0
DA:267,0
DA:268,0
DA:269,0
DA:271,0
DA:272,0
DA:273,0
DA:274,0
DA:277,0
DA:279,0
DA:280,0
DA:282,0
DA:283,0
DA:285,0
DA:290,0
DA:292,0
DA:293,0
DA:294,0
DA:299,0
DA:301,0
DA:305,0
DA:306,0
DA:309,0
DA:310,0
DA:311,0
DA:314,0
DA:315,0
DA:316,0
DA:317,0
DA:321,112
DA:322,112
DA:326,0
DA:327,0
DA:331,0
DA:332,0
DA:336,36
DA:337,1074
DA:341,1
DA:342,1
DA:343,1
DA:344,1
DA:345,1
DA:349,19
DA:351,19
DA:352,19
DA:354,60
DA:356,19
DA:361,19
DA:362,19
DA:368,19
DA:369,0
DA:374,0
DA:380,19
DA:381,3
DA:382,14
DA:383,14
DA:384,14
DA:387,0
DA:388,0
DA:389,0
DA:390,0
DA:391,0
DA:396,19
DA:397,19
DA:398,46
DA:399,46
DA:400,45
DA:403,0
DA:404,0
DA:405,0
DA:406,0
DA:407,0
DA:412,18
DA:416,24
DA:418,24
DA:419,24
DA:420,24
DA:421,24
DA:423,24
DA:428,24
DA:433,24
DA:438,24
DA:443,24
DA:444,1238
DA:449,1238
DA:455,24
DA:456,51
DA:461,51
DA:467,24
DA:468,1238
DA:469,1457
DA:473,24
DA:474,1
DA:477,23
DA:478,1
DA:479,1
DA:480,1
DA:481,1
DA:484,22
DA:485,16
DA:486,16
DA:487,16
DA:488,16
DA:491,6
DA:492,6
DA:493,6
DA:494,6
DA:498,3
DA:499,3
DA:501,3
DA:502,3
DA:503,3
DA:504,3
DA:506,3
DA:511,3
DA:516,3
DA:521,3
DA:526,3
DA:527,300
DA:532,300
DA:538,3
DA:539,3
DA:544,3
DA:550,300
DA:551,3
DA:552,3
DA:556,3
DA:557,3
DA:561,3
DA:562,3
DA:566,11
DA:567,11
DA:568,11
DA:569,11
DA:570,11
DA:574,2
DA:575,2
DA:579,1
DA:580,1
DA:582,1
DA:583,100
DA:586,1
DA:590,20
DA:591,20
DA:592,19
DA:593,19
DA:594,19
DA:595,19
DA:601,20
DA:602,12
DA:604,12
DA:609,8
DA:610,8
DA:612,8
DA:617,8
DA:623,20
DA:630,20
DA:632,20
DA:633,2
DA:635,2
DA:640,2
DA:641,2
DA:642,18
DA:643,8
DA:644,8
DA:645,8
DA:647,10
DA:648,10
DA:650,10
DA:651,10
DA:653,10
DA:658,10
DA:663,10
DA:664,1
DA:665,1
DA:666,1
DA:668,9
DA:673,9
DA:675,9
DA:676,9
DA:677,9
DA:680,9
DA:681,132
DA:686,10
DA:691,2
DA:693,2
DA:698,2
DA:703,2
DA:705,2
DA:706,1
DA:708,1
DA:709,3
DA:712,1
DA:713,0
DA:714,0
DA:715,0
DA:717,1
DA:718,1
DA:719,1
DA:720,1
DA:722,1
DA:723,1
DA:724,3
DA:727,1
DA:728,0
DA:729,0
DA:730,0
DA:732,1
DA:733,1
DA:734,1
DA:735,1
DA:741,0
DA:742,0
DA:746,7
DA:748,7
DA:753,7
DA:755,7
DA:760,7
DA:762,7
DA:768,22
DA:769,6
DA:771,6
DA:772,33
DA:773,33
DA:774,33
DA:776,16
DA:777,14
DA:778,33
DA:779,33
DA:781,2
DA:782,2
DA:783,3
DA:784,3
DA:787,0
DA:790,7
DA:793,7
DA:794,7
DA:795,7
DA:797,7
DA:798,2
DA:800,12
DA:802,2
DA:804,2
DA:806,2
DA:807,2
DA:808,2
DA:809,2
DA:810,2
DA:811,2
DA:812,5
DA:813,5
DA:814,5
DA:816,10
DA:818,5
DA:820,3
DA:822,3
DA:823,3
DA:824,3
DA:825,3
DA:826,3
DA:827,3
DA:828,3
DA:831,5
DA:835,6
DA:837,6
DA:838,6
DA:839,6
DA:840,6
DA:842,6
DA:847,6
DA:852,6
DA:857,6
DA:864,6
DA:865,19
DA:866,14
DA:867,14
DA:871,6
DA:872,38
DA:873,32
DA:874,32
DA:878,6
DA:880,6
DA:881,1
DA:882,1
DA:883,1
DA:884,1
DA:887,6
DA:891,1
DA:892,1
DA:896,0
DA:897,0
DA:901,0
DA:902,0
DA:904,0
DA:905,0
DA:907,0
DA:908,0
DA:911,0
DA:914,0
DA:918,0
DA:919,0
DA:920,0
DA:922,0
DA:925,0
DA:928,0
DA:929,0
DA:931,0
DA:938,0
DA:942,0
DA:943,0
DA:946,0
DA:947,0
DA:948,0
DA:949,0
DA:952,0
DA:953,0
DA:954,0
DA:955,0
DA:960,0
DA:961,0
DA:962,0
DA:965,0
DA:969,0
DA:970,0
DA:971,0
DA:973,0
DA:976,0
DA:979,0
DA:986,0
DA:992,0
DA:994,0
DA:995,0
DA:996,0
DA:999,0
DA:1003,0
DA:1004,0
DA:1006,0
DA:1007,0
DA:1008,0
DA:1012,0
DA:1013,0
DA:1017,1
DA:1020,1
DA:1021,1
DA:1022,1
DA:1024,1
DA:1025,0
DA:1026,0
DA:1029,1
DA:1030,0
DA:1032,0
DA:1033,0
DA:1036,1
DA:1041,1
DA:1046,1
DA:1047,0
DA:1049,1
DA:1054,1
DA:1059,1
DA:1065,1
DA:1066,3
DA:1071,3
DA:1072,3
DA:1073,3
DA:1074,3
DA:1077,0
DA:1078,0
DA:1079,0
DA:1080,0
DA:1081,0
DA:1086,1
DA:1087,3
DA:1092,3
DA:1093,0
DA:1095,0
DA:1100,0
DA:1103,3
DA:1104,3
DA:1109,1
DA:1110,23
DA:1112,23
DA:1113,5
DA:1116,23
DA:1117,23
DA:1118,22
DA:1119,15
DA:1122,1
DA:1123,1
DA:1124,1
DA:1128,0
DA:1129,0
DA:1133,0
DA:1138,0
DA:1140,0
DA:1145,0
DA:1146,0
DA:1147,0
DA:1149,0
DA:1150,0
DA:1152,0
DA:1153,0
DA:1154,0
DA:1156,0
DA:1157,0
DA:1158,0
DA:1159,0
DA:1162,0
DA:1163,0
DA:1165,0
DA:1166,0
DA:1167,0
DA:1168,0
DA:1169,0
DA:1171,0
DA:1172,0
DA:1174,0
DA:1175,0
DA:1176,0
DA:1177,0
DA:1180,0
DA:1181,0
DA:1183,0
DA:1184,0
DA:1185,0
DA:1186,0
DA:1189,0
DA:1193,0
DA:1195,0
DA:1200,0
DA:1202,0
DA:1209,1
LF:537
LH:349
BRDA:32,0,0,310
BRDA:32,0,1,310
BRDA:36,1,0,310
BRDA:36,1,1,310
BRDA:40,2,0,20
BRDA:40,2,1,20
BRDA:56,3,0,0
BRDA:56,3,1,0
BRDA:65,4,0,0
BRDA:65,4,1,0
BRDA:110,5,0,3
BRDA:110,5,1,48
BRDA:112,6,0,45
BRDA:112,6,1,3
BRDA:120,7,0,0
BRDA:120,7,1,51
BRDA:122,8,0,45
BRDA:122,8,1,6
BRDA:213,9,0,53
BRDA:213,9,1,48
BRDA:217,10,0,48
BRDA:217,10,1,5
BRDA:218,11,0,44
BRDA:218,11,1,4
BRDA:248,12,0,0
BRDA:248,12,1,0
BRDA:252,13,0,0
BRDA:252,13,1,0
BRDA:260,14,0,0
BRDA:260,14,1,0
BRDA:269,15,0,0
BRDA:269,15,1,0
BRDA:280,16,0,0
BRDA:280,16,1,0
BRDA:299,17,0,0
BRDA:299,17,1,0
BRDA:301,18,0,0
BRDA:301,18,1,0
BRDA:305,19,0,0
BRDA:305,19,1,0
BRDA:309,20,0,0
BRDA:309,20,1,0
BRDA:311,21,0,0
BRDA:311,21,1,0
BRDA:315,22,0,0
BRDA:315,22,1,0
BRDA:316,23,0,0
BRDA:316,23,1,0
BRDA:351,24,0,0
BRDA:351,24,1,19
BRDA:351,25,0,19
BRDA:351,25,1,19
BRDA:352,26,0,12
BRDA:352,26,1,7
BRDA:352,27,0,19
BRDA:352,27,1,7
BRDA:354,28,0,19
BRDA:354,28,1,16
BRDA:354,29,0,19
BRDA:354,29,1,0
BRDA:361,30,0,19
BRDA:361,30,1,0
BRDA:363,31,0,19
BRDA:363,31,1,0
BRDA:368,32,0,0
BRDA:368,32,1,19
BRDA:380,33,0,3
BRDA:380,33,1,16
BRDA:382,34,0,14
BRDA:382,34,1,0
BRDA:387,35,0,0
BRDA:387,35,1,0
BRDA:396,36,0,19
BRDA:396,36,1,0
BRDA:398,37,0,46
BRDA:398,37,1,0
BRDA:403,38,0,0
BRDA:403,38,1,0
BRDA:418,39,0,18
BRDA:418,39,1,6
BRDA:419,40,0,0
BRDA:419,40,1,24
BRDA:420,41,0,0
BRDA:420,41,1,24
BRDA:421,42,0,3
BRDA:421,42,1,21
BRDA:424,43,0,24
BRDA:424,43,1,24
BRDA:429,44,0,24
BRDA:429,44,1,24
BRDA:473,45,0,1
BRDA:473,45,1,23
BRDA:473,46,0,24
BRDA:473,46,1,2
BRDA:477,47,0,1
BRDA:477,47,1,22
BRDA:484,48,0,16
BRDA:484,48,1,6
BRDA:501,49,0,3
BRDA:501,49,1,0
BRDA:502,50,0,0
BRDA:502,50,1,3
BRDA:503,51,0,0
BRDA:503,51,1,3
BRDA:504,52,0,3
BRDA:504,52,1,0
BRDA:507,53,0,3
BRDA:507,53,1,3
BRDA:512,54,0,3
BRDA:512,54,1,3
BRDA:591,55,0,1
BRDA:591,55,1,19
BRDA:601,56,0,12
BRDA:601,56,1,8
BRDA:618,57,0,8
BRDA:618,57,1,8
BRDA:618,57,2,8
BRDA:624,58,0,20
BRDA:624,58,1,8
BRDA:624,58,2,8
BRDA:624,58,3,8
BRDA:632,59,0,2
BRDA:632,59,1,18
BRDA:636,60,0,2
BRDA:636,60,1,1
BRDA:640,61,0,2
BRDA:640,61,1,2
BRDA:642,62,0,8
BRDA:642,62,1,10
BRDA:644,63,0,8
BRDA:644,63,1,0
BRDA:663,64,0,1
BRDA:663,64,1,9
BRDA:675,65,0,9
BRDA:675,65,1,0
BRDA:691,66,0,2
BRDA:691,66,1,1
BRDA:699,67,0,2
BRDA:699,67,1,1
BRDA:705,68,0,1
BRDA:705,68,1,1
BRDA:712,69,0,0
BRDA:712,69,1,1
BRDA:722,70,0,1
BRDA:722,70,1,0
BRDA:727,71,0,0
BRDA:727,71,1,1
BRDA:746,72,0,7
BRDA:746,72,1,2
BRDA:749,73,0,7
BRDA:749,73,1,5
BRDA:753,74,0,7
BRDA:753,74,1,4
BRDA:760,75,0,3
BRDA:760,75,1,4
BRDA:760,76,0,4
BRDA:760,76,1,3
BRDA:763,77,0,7
BRDA:763,77,1,4
BRDA:763,77,2,3
BRDA:768,78,0,6
BRDA:768,78,1,16
BRDA:773,79,0,10
BRDA:773,79,1,23
BRDA:774,80,0,3
BRDA:774,80,1,30
BRDA:776,81,0,14
BRDA:776,81,1,2
BRDA:779,82,0,10
BRDA:779,82,1,23
BRDA:781,83,0,2
BRDA:781,83,1,0
BRDA:784,84,0,2
BRDA:784,84,1,1
BRDA:797,85,0,2
BRDA:797,85,1,5
BRDA:802,86,0,0
BRDA:802,86,1,2
BRDA:807,87,0,0
BRDA:807,87,1,2
BRDA:808,88,0,0
BRDA:808,88,1,2
BRDA:809,89,0,2
BRDA:809,89,1,0
BRDA:812,90,0,5
BRDA:812,90,1,0
BRDA:818,91,0,2
BRDA:818,91,1,3
BRDA:823,92,0,0
BRDA:823,92,1,3
BRDA:824,93,0,1
BRDA:824,93,1,2
BRDA:825,94,0,2
BRDA:825,94,1,1
BRDA:837,95,0,6
BRDA:837,95,1,0
BRDA:838,96,0,0
BRDA:838,96,1,6
BRDA:839,97,0,0
BRDA:839,97,1,6
BRDA:839,98,0,6
BRDA:839,98,1,6
BRDA:840,99,0,6
BRDA:840,99,1,0
BRDA:840,100,0,6
BRDA:840,100,1,0
BRDA:865,101,0,14
BRDA:865,101,1,5
BRDA:865,102,0,19
BRDA:865,102,1,19
BRDA:866,103,0,3
BRDA:866,103,1,11
BRDA:872,104,0,32
BRDA:872,104,1,6
BRDA:872,105,0,38
BRDA:872,105,1,32
BRDA:873,106,0,6
BRDA:873,106,1,26
BRDA:880,107,0,1
BRDA:880,107,1,5
BRDA:883,108,0,1
BRDA:883,108,1,0
BRDA:928,109,0,0
BRDA:928,109,1,0
BRDA:946,110,0,0
BRDA:946,110,1,0
BRDA:947,111,0,0
BRDA:947,111,1,0
BRDA:970,112,0,0
BRDA:970,112,1,0
BRDA:973,113,0,0
BRDA:973,113,1,0
BRDA:979,114,0,0
BRDA:979,114,1,0
BRDA:986,115,0,0
BRDA:986,115,1,0
BRDA:994,116,0,0
BRDA:994,116,1,0
BRDA:1003,117,0,0
BRDA:1003,117,1,0
BRDA:1024,118,0,0
BRDA:1024,118,1,1
BRDA:1029,119,0,0
BRDA:1029,119,1,1
BRDA:1029,120,0,1
BRDA:1029,120,1,1
BRDA:1032,121,0,0
BRDA:1032,121,1,0
BRDA:1032,122,0,0
BRDA:1032,122,1,0
BRDA:1046,123,0,0
BRDA:1046,123,1,1
BRDA:1067,124,0,3
BRDA:1067,124,1,0
BRDA:1071,125,0,3
BRDA:1071,125,1,0
BRDA:1077,126,0,0
BRDA:1077,126,1,0
BRDA:1088,127,0,3
BRDA:1088,127,1,3
BRDA:1092,128,0,0
BRDA:1092,128,1,3
BRDA:1096,129,0,0
BRDA:1096,129,1,0
BRDA:1103,130,0,3
BRDA:1103,130,1,0
BRDA:1112,131,0,28
BRDA:1112,131,1,6
BRDA:1117,132,0,1
BRDA:1117,132,1,22
BRDA:1118,133,0,7
BRDA:1118,133,1,15
BRDA:1118,134,0,0
BRDA:1118,134,1,7
BRDA:1119,135,0,15
BRDA:1119,135,1,0
BRDA:1119,136,0,2
BRDA:1119,136,1,13
BRDA:1138,137,0,0
BRDA:1138,137,1,0
BRDA:1141,138,0,0
BRDA:1141,138,1,0
BRDA:1147,139,0,0
BRDA:1147,139,1,0
BRDA:1152,140,0,0
BRDA:1152,140,1,0
BRDA:1158,141,0,0
BRDA:1158,141,1,0
BRDA:1162,142,0,0
BRDA:1162,142,1,0
BRDA:1163,143,0,0
BRDA:1163,143,1,0
BRDA:1168,144,0,0
BRDA:1168,144,1,0
BRDA:1176,145,0,0
BRDA:1176,145,1,0
BRDA:1180,146,0,0
BRDA:1180,146,1,0
BRDA:1181,147,0,0
BRDA:1181,147,1,0
BRDA:1193,148,0,0
BRDA:1193,148,1,0
BRDA:1196,149,0,0
BRDA:1196,149,1,0
BRDA:1203,150,0,0
BRDA:1203,150,1,0
BRDA:1204,151,0,0
BRDA:1204,151,1,0
BRF:308
BRH:178
end_of_record
TN:
SF:src/distance.js
FN:9,distance
FN:11,(anonymous_1)
FNF:2
FNH:2
FNDA:11,distance
FNDA:2678,(anonymous_1)
DA:1,7
DA:2,7
DA:3,7
DA:4,7
DA:5,7
DA:6,7
DA:7,7
DA:10,11
DA:11,2678
DA:12,10
DA:13,9
DA:15,1
DA:19,7
LF:13
LH:13
BRDA:12,0,0,1
BRDA:12,0,1,9
BRDA:12,1,0,10
BRDA:12,1,1,9
BRF:4
BRH:4
end_of_record
TN:
SF:src/dot.js
FN:12,dot
FN:25,(anonymous_1)
FN:50,(anonymous_2)
FN:52,(anonymous_3)
FNF:4
FNH:4
FNDA:5263,dot
FNDA:62949,(anonymous_1)
FNDA:2,(anonymous_2)
FNDA:2,(anonymous_3)
DA:1,2
DA:2,2
DA:3,2
DA:4,2
DA:5,2
DA:6,2
DA:7,2
DA:8,2
DA:9,2
DA:10,2
DA:13,5263
DA:18,5261
DA:23,5258
DA:26,62949
DA:32,5258
DA:33,5258
DA:35,5258
DA:40,5258
DA:47,5257
DA:48,5040
DA:49,217
DA:50,2
DA:51,216
DA:52,2
DA:53,215
DA:54,215
DA:55,215
DA:57,215
DA:58,821
DA:60,821
DA:61,5035
DA:64,821
DA:67,215
DA:71,2
LF:34
LH:34
BRDA:14,0,0,5263
BRDA:14,0,1,5262
BRDA:19,1,0,5261
BRDA:19,1,1,5258
BRDA:36,2,0,5258
BRDA:36,2,1,5258
BRDA:47,3,0,5040
BRDA:47,3,1,217
BRDA:47,4,0,5257
BRDA:47,4,1,5041
BRDA:49,5,0,1
BRDA:49,5,1,216
BRDA:49,6,0,217
BRDA:49,6,1,1
BRDA:51,7,0,1
BRDA:51,7,1,215
BRDA:51,8,0,216
BRDA:51,8,1,216
BRDA:53,9,0,215
BRDA:53,9,1,0
BRDA:53,10,0,215
BRDA:53,10,1,215
BRF:22
BRH:21
end_of_record
TN:
SF:src/drop-missing-pairwise.js
FN:7,dropMissingPairwise
FNF:1
FNH:1
FNDA:9,dropMissingPairwise
DA:1,1
DA:2,1
DA:3,1
DA:4,1
DA:5,1
DA:8,9
DA:13,4
DA:18,4
DA:19,4
DA:21,4
DA:22,19
DA:23,9
DA:24,9
DA:28,4
DA:31,1
LF:15
LH:15
BRDA:9,0,0,9
BRDA:9,0,1,4
BRDA:14,1,0,4
BRDA:14,1,1,4
BRDA:22,2,0,9
BRDA:22,2,1,10
BRDA:22,3,0,19
BRDA:22,3,1,10
BRF:8
BRH:8
end_of_record
TN:
SF:src/drop-missing.js
FN:6,dropMissing
FN:17,(anonymous_1)
FNF:2
FNH:2
FNDA:9,dropMissing
FNDA:39,(anonymous_1)
DA:1,2
DA:2,2
DA:3,2
DA:4,2
DA:7,9
DA:12,5
DA:17,39
DA:20,2
LF:8
LH:8
BRF:0
BRH:0
end_of_record
TN:
SF:src/drop-nan-pairwise.js
FN:8,dropNaNPairwise
FNF:1
FNH:1
FNDA:24,dropNaNPairwise
DA:1,3
DA:2,3
DA:3,3
DA:4,3
DA:5,3
DA:6,3
DA:9,24
DA:14,18
DA:19,18
DA:20,18
DA:22,18
DA:23,99830
DA:29,99622
DA:30,99622
DA:34,18
DA:37,3
LF:16
LH:16
BRDA:10,0,0,24
BRDA:10,0,1,18
BRDA:15,1,0,18
BRDA:15,1,1,18
BRDA:23,2,0,99622
BRDA:23,2,1,208
BRDA:24,3,0,99830
BRDA:24,3,1,99726
BRDA:24,3,2,99718
BRDA:24,3,3,99623
BRF:10
BRH:10
end_of_record
TN:
SF:src/drop-nan.js
FN:7,dropNaN
FN:18,(anonymous_1)
FNF:2
FNH:2
FNDA:24,dropNaN
FNDA:11028,(anonymous_1)
DA:1,18
DA:2,18
DA:3,18
DA:4,18
DA:5,18
DA:8,24
DA:13,20
DA:18,11028
DA:21,18
LF:9
LH:9
BRDA:18,0,0,11028
BRDA:18,0,1,11027
BRF:2
BRH:2
end_of_record
TN:
SF:src/flatten.js
FN:5,flatten
FN:15,(anonymous_1)
FNF:2
FNH:2
FNDA:186376,flatten
FNDA:5161991,(anonymous_1)
DA:1,67
DA:2,67
DA:3,67
DA:6,186376
DA:11,186365
DA:13,186328
DA:15,186328
DA:16,5161991
DA:17,21343
DA:19,5140648
DA:23,186328
DA:26,67
LF:12
LH:12
BRDA:16,0,0,21343
BRDA:16,0,1,5140648
BRF:2
BRH:2
end_of_record
TN:
SF:src/float.js
FN:3,float
FNF:1
FNH:1
FNDA:14,float
DA:1,1
DA:4,14
DA:5,14
DA:6,8
DA:7,0
DA:9,6
DA:13,1
LF:7
LH:6
BRDA:6,0,0,8
BRDA:6,0,1,0
BRF:2
BRH:1
end_of_record
TN:
SF:src/floor.js
FN:3,floor
FNF:1
FNH:1
FNDA:141094,floor
DA:1,53
DA:4,141094
DA:5,141094
DA:6,141087
DA:8,0
DA:12,53
LF:6
LH:5
BRDA:5,0,0,7
BRDA:5,0,1,141087
BRF:2
BRH:2
end_of_record
TN:
SF:src/get-value-at.js
FN:8,getValueAt
FN:30,(anonymous_1)
FNF:2
FNH:2
FNDA:278,getValueAt
FNDA:415,(anonymous_1)
DA:1,3
DA:2,3
DA:3,3
DA:4,3
DA:5,3
DA:6,3
DA:9,278
DA:14,276
DA:19,272
DA:24,272
DA:25,204
DA:30,204
DA:31,415
DA:37,204
DA:43,271
DA:44,68
DA:45,67
DA:47,203
DA:48,136
DA:49,135
DA:51,67
DA:56,3
LF:22
LH:22
BRDA:20,0,0,272
BRDA:20,0,1,204
BRDA:24,1,0,204
BRDA:24,1,1,68
BRDA:32,2,0,415
BRDA:32,2,1,415
BRDA:43,3,0,68
BRDA:43,3,1,203
BRDA:47,4,0,136
BRDA:47,4,1,67
BRF:10
BRH:10
end_of_record
TN:
SF:src/identity.js
FN:6,identity
FNF:1
FNH:1
FNDA:13,identity
DA:1,2
DA:2,2
DA:3,2
DA:4,2
DA:7,13
DA:12,12
DA:17,7
DA:22,7
DA:27,6
DA:28,160
DA:29,6
DA:32,2
LF:12
LH:12
BRF:0
BRH:0
end_of_record
TN:
SF:src/index-of.js
FN:7,indexOf
FNF:1
FNH:1
FNDA:1711,indexOf
DA:1,7
DA:2,7
DA:3,7
DA:4,7
DA:5,7
DA:8,1711
DA:13,1711
DA:18,1711
DA:19,1385
DA:20,9726
DA:22,9726
DA:23,75
DA:27,1310
DA:29,326
DA:30,1632
DA:31,1632
DA:32,1632
DA:36,187
DA:39,7
LF:19
LH:19
BRDA:18,0,0,1385
BRDA:18,0,1,326
BRDA:18,1,0,1711
BRDA:18,1,1,326
BRDA:18,1,2,0
BRDA:22,2,0,75
BRDA:22,2,1,9651
BRDA:22,3,0,9726
BRDA:22,3,1,76
BRDA:22,4,0,1
BRDA:22,4,1,75
BRDA:32,5,0,139
BRDA:32,5,1,1493
BRF:13
BRH:12
end_of_record
TN:
SF:src/int.js
FN:3,int
FNF:1
FNH:1
FNDA:429,int
DA:1,4
DA:4,429
DA:5,429
DA:6,423
DA:7,0
DA:9,6
DA:13,4
LF:7
LH:6
BRDA:6,0,0,423
BRDA:6,0,1,0
BRF:2
BRH:1
end_of_record
TN:
SF:src/inverse.js
FN:14,inverse
FN:25,(anonymous_1)
FN:71,(anonymous_2)
FNF:3
FNH:3
FNDA:153,inverse
FNDA:5849,(anonymous_1)
FNDA:546,(anonymous_2)
DA:1,1
DA:2,1
DA:3,1
DA:4,1
DA:5,1
DA:6,1
DA:7,1
DA:8,1
DA:9,1
DA:10,1
DA:11,1
DA:12,1
DA:15,153
DA:20,152
DA:25,147
DA:26,5849
DA:32,146
DA:34,146
DA:39,144
DA:44,143
DA:50,143
DA:51,0
DA:52,143
DA:53,63
DA:54,42
DA:55,80
DA:56,17
DA:57,17
DA:58,17
DA:59,17
DA:61,17
DA:62,17
DA:64,4
DA:69,4
DA:70,63
DA:71,63
DA:72,546
DA:74,63
DA:75,96
DA:76,96
DA:77,96
DA:78,96
DA:79,96
DA:84,96
DA:85,42
DA:87,42
DA:91,42
DA:92,42
DA:93,42
DA:95,42
DA:101,42
DA:105,21
DA:109,1
LF:53
LH:52
BRDA:50,0,0,0
BRDA:50,0,1,143
BRDA:52,1,0,63
BRDA:52,1,1,80
BRDA:55,2,0,17
BRDA:55,2,1,63
BRDA:70,3,0,63
BRDA:70,3,1,0
BRDA:72,4,0,336
BRDA:72,4,1,210
BRDA:72,5,0,546
BRDA:72,5,1,336
BRF:12
BRH:10
end_of_record
TN:
SF:src/is-array.js
FN:1,isArray
FNF:1
FNH:1
FNDA:9182301,isArray
DA:2,9182301
DA:5,71
LF:2
LH:2
BRF:0
BRH:0
end_of_record
TN:
SF:src/is-boolean.js
FN:1,isBoolean
FNF:1
FNH:1
FNDA:27,isBoolean
DA:2,27
DA:5,3
LF:2
LH:2
BRF:0
BRH:0
end_of_record
TN:
SF:src/is-equal.js
FN:3,isEqual
FNF:1
FNH:1
FNDA:12736,isEqual
DA:1,18
DA:4,12736
DA:5,12736
DA:6,12736
DA:8,10424
DA:9,10422
DA:10,8509
DA:11,845
DA:12,417
DA:14,415
DA:15,415
DA:16,6
DA:18,409
DA:19,409
DA:20,409
DA:22,403
DA:23,2837
DA:24,2837
DA:25,2831
DA:28,396
DA:33,18
LF:21
LH:21
BRDA:6,0,0,2312
BRDA:6,0,1,10424
BRDA:8,1,0,2
BRDA:8,1,1,10422
BRDA:9,2,0,1913
BRDA:9,2,1,8509
BRDA:10,3,0,7664
BRDA:10,3,1,845
BRDA:11,4,0,428
BRDA:11,4,1,417
BRDA:12,5,0,2
BRDA:12,5,1,415
BRDA:14,6,0,415
BRDA:14,6,1,0
BRDA:15,7,0,6
BRDA:15,7,1,409
BRDA:15,8,0,415
BRDA:15,8,1,410
BRDA:16,9,0,6
BRDA:16,9,1,5
BRDA:20,10,0,6
BRDA:20,10,1,403
BRDA:24,11,0,6
BRDA:24,11,1,2831
BRDA:25,12,0,1
BRDA:25,12,1,2830
BRF:26
BRH:25
end_of_record
TN:
SF:src/is-function.js
FN:1,isFunction
FNF:1
FNH:1
FNDA:332,isFunction
DA:2,332
DA:5,66
LF:2
LH:2
BRF:0
BRH:0
end_of_record
TN:
SF:src/is-number.js
FN:1,isNumber
FNF:1
FNH:1
FNDA:2482252,isNumber
DA:2,2482252
DA:5,61
LF:2
LH:2
BRDA:2,0,0,2482252
BRDA:2,0,1,2479124
BRF:2
BRH:2
end_of_record
TN:
SF:src/is-string.js
FN:1,isString
FNF:1
FNH:1
FNDA:4333,isString
DA:2,4333
DA:5,3
LF:2
LH:2
BRF:0
BRH:0
end_of_record
TN:
SF:src/is-undefined.js
FN:1,isUndefined
FNF:1
FNH:1
FNDA:5374271,isUndefined
DA:2,5374271
DA:5,70
LF:2
LH:2
BRDA:2,0,0,5374271
BRDA:2,0,1,5371853
BRF:2
BRH:2
end_of_record
TN:
SF:src/lerp.js
FN:4,(anonymous_0)
FNF:1
FNH:1
FNDA:636,(anonymous_0)
DA:1,1
DA:2,1
DA:4,1
DA:5,636
DA:6,636
DA:7,633
DA:8,633
DA:10,631
DA:12,0
DA:16,1
LF:10
LH:9
BRDA:6,0,0,3
BRDA:6,0,1,633
BRDA:7,1,0,0
BRDA:7,1,1,633
BRDA:8,2,0,2
BRDA:8,2,1,631
BRF:6
BRH:5
end_of_record
TN:
SF:src/log.js
FN:5,(anonymous_0)
FNF:1
FNH:1
FNDA:16,(anonymous_0)
DA:1,1
DA:2,1
DA:3,1
DA:5,1
DA:6,16
DA:7,16
DA:8,16
DA:9,11
DA:10,10
DA:12,0
DA:16,1
LF:11
LH:10
BRDA:7,0,0,4
BRDA:7,0,1,12
BRDA:8,1,0,5
BRDA:8,1,1,11
BRDA:9,2,0,1
BRDA:9,2,1,10
BRF:6
BRH:6
end_of_record
TN:
SF:src/map.js
FN:4,(anonymous_0)
FNF:1
FNH:1
FNDA:134,(anonymous_0)
DA:1,1
DA:2,1
DA:4,1
DA:5,134
DA:6,134
DA:7,131
DA:8,131
DA:9,131
DA:10,131
DA:12,130
DA:14,0
DA:18,1
LF:12
LH:11
BRDA:6,0,0,3
BRDA:6,0,1,131
BRDA:7,1,0,0
BRDA:7,1,1,131
BRDA:8,2,0,0
BRDA:8,2,1,131
BRDA:9,3,0,0
BRDA:9,3,1,131
BRDA:10,4,0,1
BRDA:10,4,1,130
BRF:10
BRH:7
end_of_record
TN:
SF:src/max.js
FN:4,max
FN:9,(anonymous_1)
FNF:2
FNH:2
FNDA:143066,max
FNDA:302235,(anonymous_1)
DA:1,66
DA:2,66
DA:5,143066
DA:6,143066
DA:7,143058
DA:9,143058
DA:10,302235
DA:11,143125
DA:15,143058
DA:17,8
DA:21,66
LF:11
LH:11
BRDA:10,0,0,143125
BRDA:10,0,1,159110
BRDA:10,1,0,302235
BRDA:10,1,1,302233
BRDA:15,2,0,1
BRDA:15,2,1,143057
BRF:6
BRH:6
end_of_record
TN:
SF:src/mean.js
FN:9,mean
FNF:1
FNH:1
FNDA:52,mean
DA:1,7
DA:2,7
DA:3,7
DA:4,7
DA:5,7
DA:6,7
DA:7,7
DA:10,52
DA:11,52
DA:12,47
DA:13,43
DA:15,43
DA:16,369238
DA:17,369238
DA:18,369235
DA:21,40
DA:23,7
DA:27,7
LF:18
LH:18
BRDA:11,0,0,2
BRDA:11,0,1,47
BRDA:17,1,0,3
BRDA:17,1,1,369235
BRF:4
BRH:4
end_of_record
TN:
SF:src/median.js
FN:9,median
FNF:1
FNH:1
FNDA:24,median
DA:1,1
DA:2,1
DA:3,1
DA:4,1
DA:5,1
DA:6,1
DA:7,1
DA:10,24
DA:11,24
DA:12,16
DA:13,16
DA:14,15
DA:15,14
DA:19,14
DA:20,12
DA:22,2
DA:25,14
DA:27,8
DA:31,1
LF:19
LH:19
BRDA:13,0,0,1
BRDA:13,0,1,15
BRDA:14,1,0,1
BRDA:14,1,1,14
BRDA:19,2,0,12
BRDA:19,2,1,2
BRF:6
BRH:6
end_of_record
TN:
SF:src/min.js
FN:4,min
FN:9,(anonymous_1)
FNF:2
FNH:2
FNDA:21,min
FNDA:40126,(anonymous_1)
DA:1,6
DA:2,6
DA:5,21
DA:6,21
DA:7,13
DA:9,13
DA:10,40126
DA:11,54
DA:15,13
DA:17,8
DA:21,6
LF:11
LH:11
BRDA:10,0,0,54
BRDA:10,0,1,40072
BRDA:10,1,0,40126
BRDA:10,1,1,40124
BRDA:15,2,0,1
BRDA:15,2,1,12
BRF:6
BRH:6
end_of_record
TN:
SF:src/mode.js
FN:6,mode
FN:16,(anonymous_1)
FN:20,(anonymous_2)
FN:24,(anonymous_3)
FNF:4
FNH:4
FNDA:24,mode
FNDA:4080,(anonymous_1)
FNDA:22760,(anonymous_2)
FNDA:4080,(anonymous_3)
DA:1,1
DA:2,1
DA:3,1
DA:4,1
DA:7,24
DA:8,24
DA:10,19
DA:11,15
DA:13,15
DA:14,15
DA:16,15
DA:17,4080
DA:20,22760
DA:21,15
DA:23,15
DA:24,4080
DA:27,15
DA:28,2
DA:30,7
DA:34,1
LF:20
LH:20
BRDA:8,0,0,2
BRDA:8,0,1,19
BRDA:11,1,0,0
BRDA:11,1,1,15
BRDA:27,2,0,13
BRDA:27,2,1,2
BRF:6
BRH:5
end_of_record
TN:
SF:src/ndarray.js
FN:11,ndarray
FN:18,(anonymous_1)
FN:25,(anonymous_2)
FNF:3
FNH:3
FNDA:27662,ndarray
FNDA:31188,(anonymous_1)
FNDA:536522,(anonymous_2)
DA:1,53
DA:2,53
DA:3,53
DA:4,53
DA:5,53
DA:6,53
DA:9,53
DA:12,27662
DA:14,27655
DA:16,27655
DA:18,27655
DA:19,31188
DA:20,31168
DA:21,31168
DA:24,27625
DA:25,536522
DA:27,3176
DA:29,3176
DA:30,26976
DA:33,3176
DA:37,53
LF:21
LH:21
BRDA:14,0,0,76
BRDA:14,0,1,27579
BRDA:24,1,0,24449
BRDA:24,1,1,3176
BRF:4
BRH:4
end_of_record
TN:
SF:src/normal.js
FN:6,normal
FN:7,n
FNF:2
FNH:2
FNDA:107,normal
FNDA:338280,n
DA:1,37
DA:2,37
DA:3,37
DA:4,37
DA:8,338280
DA:9,338280
DA:10,338280
DA:13,107
DA:14,105
DA:17,37
LF:10
LH:10
BRDA:13,0,0,2
BRDA:13,0,1,105
BRF:2
BRH:2
end_of_record
TN:
SF:src/ones.js
FN:4,ones
FN:5,(anonymous_1)
FNF:2
FNH:2
FNDA:12,ones
FNDA:20620,(anonymous_1)
DA:1,3
DA:2,3
DA:5,20620
DA:8,3
LF:4
LH:4
BRF:0
BRH:0
end_of_record
TN:
SF:src/pause.js
FN:1,pause
FN:2,(anonymous_1)
FNF:2
FNH:0
FNDA:0,pause
FNDA:0,(anonymous_1)
DA:2,0
DA:3,0
DA:4,0
DA:6,0
DA:11,1
LF:5
LH:1
BRF:0
BRH:0
end_of_record
TN:
SF:src/pow.js
FN:4,pow
FNF:1
FNH:1
FNDA:181029,pow
DA:1,50
DA:2,50
DA:5,181029
DA:6,181029
DA:7,181010
DA:8,181008
DA:10,0
DA:14,50
LF:8
LH:7
BRDA:6,0,0,19
BRDA:6,0,1,181010
BRDA:7,1,0,2
BRDA:7,1,1,181008
BRF:4
BRH:4
end_of_record
TN:
SF:src/print.js
FN:6,print
FN:7,(anonymous_1)
FNF:2
FNH:0
FNDA:0,print
FNDA:0,(anonymous_1)
DA:1,1
DA:2,1
DA:3,1
DA:4,1
DA:7,0
DA:8,0
DA:10,0
DA:11,0
DA:13,0
DA:14,0
DA:15,0
DA:16,0
DA:18,0
DA:20,0
DA:21,0
DA:23,0
DA:28,1
LF:17
LH:5
BRDA:10,0,0,0
BRDA:10,0,1,0
BRDA:13,1,0,0
BRDA:13,1,1,0
BRDA:15,2,0,0
BRDA:15,2,1,0
BRDA:20,3,0,0
BRDA:20,3,1,0
BRDA:20,4,0,0
BRDA:20,4,1,0
BRF:10
BRH:0
end_of_record
TN:
SF:src/random.js
FN:11,lcg
FN:18,random
FNF:2
FNH:2
FNDA:922880,lcg
FNDA:777008,random
DA:1,48
DA:2,48
DA:3,48
DA:4,48
DA:5,48
DA:7,48
DA:8,48
DA:9,48
DA:12,922880
DA:13,922880
DA:14,922880
DA:15,922880
DA:19,777008
DA:20,28
DA:23,48
LF:15
LH:15
BRDA:19,0,0,776980
BRDA:19,0,1,28
BRF:2
BRH:2
end_of_record
TN:
SF:src/range.js
FN:6,range
FNF:1
FNH:1
FNDA:25401,range
DA:1,56
DA:2,56
DA:3,56
DA:4,56
DA:7,25401
DA:12,25399
DA:17,25396
DA:22,25396
DA:24,25396
DA:25,5
DA:26,5
DA:27,5
DA:28,5
DA:31,25396
DA:32,544382
DA:33,25396
DA:34,25396
DA:37,56
LF:18
LH:18
BRDA:6,0,0,25397
BRDA:8,1,0,25401
BRDA:8,1,1,25399
BRDA:8,1,2,25399
BRDA:13,2,0,25399
BRDA:13,2,1,25396
BRDA:13,2,2,25396
BRDA:24,3,0,5
BRDA:24,3,1,25391
BRDA:33,4,0,5
BRDA:33,4,1,25391
BRF:11
BRH:11
end_of_record
TN:
SF:src/reshape.js
FN:6,(anonymous_0)
FN:6,(anonymous_1)
FN:8,reshape
FN:26,(anonymous_3)
FNF:4
FNH:4
FNDA:8,(anonymous_0)
FNDA:9,(anonymous_1)
FNDA:98,reshape
FNDA:101,(anonymous_3)
DA:1,1
DA:2,1
DA:3,1
DA:4,1
DA:5,1
DA:6,9
DA:9,98
DA:14,93
DA:16,93
DA:21,92
DA:26,92
DA:27,101
DA:33,91
DA:35,8
DA:37,8
DA:42,8
DA:43,8
DA:45,8
DA:46,87
DA:47,87
DA:50,8
DA:53,1
LF:22
LH:22
BRDA:14,0,0,1
BRDA:14,0,1,92
BRDA:28,1,0,101
BRDA:28,1,1,101
BRDA:28,1,2,101
BRDA:33,2,0,83
BRDA:33,2,1,8
BRF:7
BRH:7
end_of_record
TN:
SF:src/reverse.js
FN:5,reverse
FNF:1
FNH:1
FNDA:527,reverse
DA:1,56
DA:2,56
DA:3,56
DA:6,527
DA:11,524
DA:13,518
DA:14,1840
DA:15,518
DA:18,56
LF:9
LH:9
BRF:0
BRH:0
end_of_record
TN:
SF:src/round.js
FN:4,(anonymous_0)
FNF:1
FNH:1
FNDA:12614,(anonymous_0)
DA:1,5
DA:2,5
DA:4,5
DA:5,12614
DA:6,12614
DA:7,12607
DA:9,0
DA:13,5
LF:8
LH:7
BRDA:6,0,0,7
BRDA:6,0,1,12607
BRF:2
BRH:2
end_of_record
TN:
SF:src/scale.js
FN:4,scale
FNF:1
FNH:1
FNDA:76628,scale
DA:1,14
DA:2,14
DA:5,76628
DA:6,76628
DA:7,76623
DA:8,76621
DA:10,0
DA:14,14
LF:8
LH:7
BRDA:6,0,0,5
BRDA:6,0,1,76623
BRDA:7,1,0,2
BRDA:7,1,1,76621
BRF:4
BRH:4
end_of_record
TN:
SF:src/seed.js
FN:6,seed
FNF:1
FNH:1
FNDA:1845780,seed
DA:1,48
DA:2,48
DA:3,48
DA:4,48
DA:7,1845780
DA:8,922894
DA:13,922889
DA:18,922889
DA:24,1845774
DA:25,922886
DA:28,48
LF:11
LH:11
BRDA:7,0,0,922894
BRDA:7,0,1,922886
BRDA:24,1,0,922888
BRDA:24,1,1,922886
BRF:4
BRH:4
end_of_record
TN:
SF:src/series.js
FN:18,isInteger
FN:22,isWholeNumber
FN:26,isObject
FN:30,isDataFrame
FN:34,isSeries
FN:38,leftPad
FN:46,(anonymous_6)
FN:61,(anonymous_7)
FN:65,(anonymous_8)
FN:79,(anonymous_9)
FN:100,(anonymous_10)
FN:104,(anonymous_11)
FN:120,(anonymous_12)
FN:140,(anonymous_13)
FN:145,(anonymous_14)
FN:147,(anonymous_15)
FN:150,(anonymous_16)
FN:158,(anonymous_17)
FN:163,(anonymous_18)
FN:190,(anonymous_19)
FN:208,(anonymous_20)
FN:228,(anonymous_21)
FN:237,(anonymous_22)
FN:249,(anonymous_23)
FN:270,(anonymous_24)
FN:282,(anonymous_25)
FN:286,(anonymous_26)
FN:291,(anonymous_27)
FN:296,(anonymous_28)
FN:304,(anonymous_29)
FN:308,(anonymous_30)
FN:315,(anonymous_31)
FN:323,(anonymous_32)
FN:331,(anonymous_33)
FN:335,(anonymous_34)
FN:340,(anonymous_35)
FN:353,(anonymous_36)
FN:358,(anonymous_37)
FN:365,(anonymous_38)
FN:386,(anonymous_39)
FN:396,(anonymous_40)
FN:427,(anonymous_41)
FN:440,(anonymous_42)
FN:445,(anonymous_43)
FN:458,(anonymous_44)
FN:464,(anonymous_45)
FN:470,(anonymous_46)
FNF:47
FNH:33
FNDA:5,isInteger
FNDA:5,isWholeNumber
FNDA:0,isObject
FNDA:0,isDataFrame
FNDA:0,isSeries
FNDA:1971,leftPad
FNDA:37,(anonymous_6)
FNDA:100,(anonymous_7)
FNDA:39,(anonymous_8)
FNDA:1971,(anonymous_9)
FNDA:170,(anonymous_10)
FNDA:33,(anonymous_11)
FNDA:1766,(anonymous_12)
FNDA:37,(anonymous_13)
FNDA:2,(anonymous_14)
FNDA:100,(anonymous_15)
FNDA:1,(anonymous_16)
FNDA:3,(anonymous_17)
FNDA:7,(anonymous_18)
FNDA:7,(anonymous_19)
FNDA:3,(anonymous_20)
FNDA:15,(anonymous_21)
FNDA:15,(anonymous_22)
FNDA:1,(anonymous_23)
FNDA:5,(anonymous_24)
FNDA:5,(anonymous_25)
FNDA:1,(anonymous_26)
FNDA:1,(anonymous_27)
FNDA:2,(anonymous_28)
FNDA:0,(anonymous_29)
FNDA:0,(anonymous_30)
FNDA:4,(anonymous_31)
FNDA:1,(anonymous_32)
FNDA:100,(anonymous_33)
FNDA:1,(anonymous_34)
FNDA:4,(anonymous_35)
FNDA:0,(anonymous_36)
FNDA:0,(anonymous_37)
FNDA:0,(anonymous_38)
FNDA:0,(anonymous_39)
FNDA:5,(anonymous_40)
FNDA:30,(anonymous_41)
FNDA:0,(anonymous_42)
FNDA:0,(anonymous_43)
FNDA:0,(anonymous_44)
FNDA:0,(anonymous_45)
FNDA:0,(anonymous_46)
DA:1,2
DA:2,2
DA:3,2
DA:4,2
DA:5,2
DA:6,2
DA:7,2
DA:8,2
DA:9,2
DA:10,2
DA:11,2
DA:12,2
DA:13,2
DA:14,2
DA:15,2
DA:16,2
DA:19,5
DA:23,5
DA:27,0
DA:31,0
DA:35,0
DA:39,1971
DA:40,1971
DA:41,1971
DA:42,1971
DA:47,37
DA:48,37
DA:50,37
DA:57,37
DA:62,100
DA:66,39
DA:68,39
DA:70,39
DA:75,39
DA:76,1
DA:77,38
DA:78,36
DA:80,1971
DA:85,39
DA:89,37
DA:96,37
DA:101,170
DA:105,33
DA:110,33
DA:115,33
DA:120,33
DA:121,1766
DA:124,33
DA:128,37
DA:129,36
DA:131,36
DA:136,36
DA:141,37
DA:142,37
DA:146,2
DA:147,100
DA:151,1
DA:152,1
DA:153,1
DA:154,1
DA:155,1
DA:159,3
DA:161,3
DA:163,7
DA:165,3
DA:170,3
DA:171,3
DA:177,3
DA:178,0
DA:183,0
DA:189,3
DA:190,3
DA:191,7
DA:192,1
DA:193,0
DA:196,6
DA:197,6
DA:198,5
DA:199,5
DA:200,5
DA:205,1
DA:209,3
DA:211,3
DA:213,3
DA:218,3
DA:223,3
DA:228,3
DA:229,15
DA:231,15
DA:237,3
DA:238,15
DA:241,3
DA:243,3
DA:244,3
DA:245,3
DA:246,3
DA:250,1
DA:251,1
DA:253,1
DA:255,1
DA:260,1
DA:265,1
DA:270,1
DA:271,5
DA:276,5
DA:282,5
DA:283,1
DA:287,1
DA:288,1
DA:292,1
DA:293,1
DA:297,2
DA:298,2
DA:299,2
DA:300,2
DA:301,2
DA:305,0
DA:306,0
DA:308,0
DA:309,0
DA:312,0
DA:316,4
DA:317,4
DA:318,4
DA:319,4
DA:320,4
DA:324,1
DA:329,1
DA:330,1
DA:331,100
DA:332,1
DA:336,1
DA:337,1
DA:338,1
DA:340,1
DA:341,4
DA:342,1
DA:344,3
DA:345,3
DA:349,1
DA:350,1
DA:354,0
DA:355,0
DA:356,0
DA:358,0
DA:359,0
DA:362,0
DA:366,0
DA:367,0
DA:368,0
DA:370,0
DA:371,0
DA:377,0
DA:378,0
DA:379,0
DA:380,0
DA:381,0
DA:384,0
DA:386,0
DA:387,0
DA:388,0
DA:389,0
DA:392,0
DA:393,0
DA:397,5
DA:402,5
DA:404,5
DA:405,1
DA:408,5
DA:409,2
DA:411,2
DA:416,2
DA:419,5
DA:420,2
DA:423,5
DA:424,5
DA:426,5
DA:428,30
DA:429,30
DA:430,15
DA:434,5
DA:435,5
DA:436,5
DA:437,5
DA:441,0
DA:442,0
DA:444,0
DA:446,0
DA:447,0
DA:448,0
DA:452,0
DA:453,0
DA:454,0
DA:455,0
DA:459,0
DA:460,0
DA:461,0
DA:462,0
DA:464,0
DA:465,0
DA:466,0
DA:467,0
DA:470,0
DA:471,0
DA:474,0
DA:475,0
DA:476,0
DA:477,0
DA:480,0
DA:481,0
DA:482,0
DA:486,2
LF:212
LH:151
BRDA:19,0,0,5
BRDA:19,0,1,5
BRDA:23,1,0,5
BRDA:23,1,1,5
BRDA:27,2,0,0
BRDA:27,2,1,0
BRDA:27,2,2,0
BRDA:75,3,0,1
BRDA:75,3,1,38
BRDA:77,4,0,36
BRDA:77,4,1,2
BRDA:128,5,0,36
BRDA:128,5,1,1
BRDA:161,6,0,2
BRDA:161,6,1,1
BRDA:161,7,0,3
BRDA:161,7,1,2
BRDA:163,8,0,3
BRDA:163,8,1,0
BRDA:170,9,0,3
BRDA:170,9,1,0
BRDA:172,10,0,3
BRDA:172,10,1,2
BRDA:177,11,0,0
BRDA:177,11,1,3
BRDA:189,12,0,3
BRDA:189,12,1,0
BRDA:191,13,0,1
BRDA:191,13,1,6
BRDA:196,14,0,6
BRDA:196,14,1,0
BRDA:211,15,0,0
BRDA:211,15,1,3
BRDA:241,16,0,0
BRDA:241,16,1,3
BRDA:253,17,0,0
BRDA:253,17,1,1
BRDA:341,18,0,1
BRDA:341,18,1,3
BRDA:368,19,0,0
BRDA:368,19,1,0
BRDA:370,20,0,0
BRDA:370,20,1,0
BRDA:398,21,0,5
BRDA:398,21,1,3
BRDA:398,21,2,1
BRDA:404,22,0,1
BRDA:404,22,1,4
BRDA:408,23,0,2
BRDA:408,23,1,3
BRDA:412,24,0,2
BRDA:412,24,1,1
BRDA:419,25,0,2
BRDA:419,25,1,3
BRDA:428,26,0,0
BRDA:428,26,1,30
BRDA:429,27,0,15
BRDA:429,27,1,15
BRDA:429,28,0,9
BRDA:429,28,1,6
BRDA:430,29,0,15
BRDA:430,29,1,0
BRDA:430,30,0,9
BRDA:430,30,1,6
BRDA:446,31,0,0
BRDA:446,31,1,0
BRDA:447,32,0,0
BRDA:447,32,1,0
BRDA:448,33,0,0
BRDA:448,33,1,0
BRDA:466,34,0,0
BRDA:466,34,1,0
BRDA:474,35,0,0
BRDA:474,35,1,0
BRF:74
BRH:47
end_of_record
TN:
SF:src/set-value-at.js
FN:6,setValueAt
FNF:1
FNH:1
FNDA:140,setValueAt
DA:1,2
DA:2,2
DA:3,2
DA:4,2
DA:7,140
DA:12,135
DA:14,135
DA:19,134
DA:20,134
DA:22,134
DA:23,262
DA:26,134
DA:27,134
DA:30,2
LF:14
LH:14
BRDA:12,0,0,2
BRDA:12,0,1,133
BRF:2
BRH:2
end_of_record
TN:
SF:src/set.js
FN:6,set
FN:13,(anonymous_1)
FNF:2
FNH:2
FNDA:96,set
FNDA:47972,(anonymous_1)
DA:1,16
DA:2,16
DA:3,16
DA:4,16
DA:7,96
DA:8,96
DA:10,96
DA:11,96
DA:13,96
DA:15,47972
DA:21,47972
DA:22,47972
DA:25,96
DA:28,16
LF:14
LH:14
BRDA:15,0,0,646
BRDA:15,0,1,47326
BRDA:17,1,0,5
BRDA:17,1,1,47321
BRDA:21,2,0,5259
BRDA:21,2,1,42713
BRF:6
BRH:6
end_of_record
TN:
SF:src/shape.js
FN:6,shape
FN:11,(anonymous_1)
FN:19,(anonymous_2)
FN:22,(anonymous_3)
FNF:4
FNH:4
FNDA:16843,shape
FNDA:310458,(anonymous_1)
FNDA:15503,(anonymous_2)
FNDA:15502,(anonymous_3)
DA:1,36
DA:2,36
DA:3,36
DA:4,36
DA:7,16843
DA:8,16840
DA:10,16834
DA:11,310458
DA:13,16834
DA:14,2383
DA:19,15503
DA:20,2383
DA:22,2383
DA:23,15502
DA:29,2382
DA:32,16833
DA:35,36
LF:17
LH:17
BRDA:13,0,0,2383
BRDA:13,0,1,14451
BRF:2
BRH:2
end_of_record
TN:
SF:src/shuffle.js
FN:7,shuffle
FNF:1
FNH:1
FNDA:37,shuffle
DA:1,6
DA:2,6
DA:3,6
DA:4,6
DA:5,6
DA:8,37
DA:13,34
DA:15,28
DA:17,28
DA:18,50208
DA:19,50208
DA:20,50208
DA:21,50208
DA:22,50208
DA:25,28
DA:28,6
LF:16
LH:16
BRF:0
BRH:0
end_of_record
TN:
SF:src/sign.js
FN:4,sign
FNF:1
FNH:1
FNDA:30133,sign
DA:1,2
DA:2,2
DA:5,30133
DA:6,30133
DA:7,30125
DA:8,15175
DA:9,0
DA:11,0
DA:15,2
LF:9
LH:7
BRDA:6,0,0,8
BRDA:6,0,1,30125
BRDA:7,1,0,14950
BRDA:7,1,1,15175
BRDA:8,2,0,15175
BRDA:8,2,1,0
BRF:6
BRH:5
end_of_record
TN:
SF:src/sin.js
FN:4,sin
FNF:1
FNH:1
FNDA:10012,sin
DA:1,1
DA:2,1
DA:5,10012
DA:6,10012
DA:7,10004
DA:9,0
DA:13,1
LF:7
LH:6
BRDA:6,0,0,8
BRDA:6,0,1,10004
BRF:2
BRH:2
end_of_record
TN:
SF:src/slice.js
FN:10,slice
FN:21,(anonymous_1)
FN:34,(anonymous_2)
FNF:3
FNH:3
FNDA:1793,slice
FNDA:9016,(anonymous_1)
FNDA:7689,(anonymous_2)
DA:1,3
DA:2,3
DA:3,3
DA:4,3
DA:5,3
DA:6,3
DA:7,3
DA:8,3
DA:11,1793
DA:12,1791
DA:14,1787
DA:16,1787
DA:21,1787
DA:22,9016
DA:28,1787
DA:29,1787
DA:30,1787
DA:32,1787
DA:34,1787
DA:35,7689
DA:36,7689
DA:38,7689
DA:40,7689
DA:41,1394
DA:43,6295
DA:49,1787
DA:52,3
LF:27
LH:27
BRDA:14,0,0,0
BRDA:14,0,1,1787
BRDA:23,1,0,9016
BRDA:23,1,1,8998
BRDA:23,1,2,8998
BRDA:29,2,0,14
BRDA:29,2,1,1773
BRDA:30,3,0,11
BRDA:30,3,1,1776
BRDA:36,4,0,3
BRDA:36,4,1,7686
BRDA:40,5,0,1394
BRDA:40,5,1,6295
BRF:13
BRH:12
end_of_record
TN:
SF:src/sort.js
FN:6,alphaSort
FN:12,sort
FNF:2
FNH:2
FNDA:214927,alphaSort
FNDA:71,sort
DA:1,10
DA:2,10
DA:3,10
DA:4,10
DA:7,214927
DA:8,103441
DA:9,11202
DA:13,71
DA:15,71
DA:16,68
DA:18,63
DA:23,62
DA:24,62
DA:25,62
DA:28,10
LF:15
LH:15
BRDA:7,0,0,111486
BRDA:7,0,1,103441
BRDA:8,1,0,92239
BRDA:8,1,1,11202
BRDA:13,2,0,45
BRDA:13,2,1,26
BRF:6
BRH:6
end_of_record
TN:
SF:src/sqrt.js
FN:4,sqrt
FNF:1
FNH:1
FNDA:39,sqrt
DA:1,13
DA:2,13
DA:5,39
DA:6,39
DA:7,33
DA:8,32
DA:10,0
DA:14,13
LF:8
LH:7
BRDA:6,0,0,6
BRDA:6,0,1,33
BRDA:7,1,0,1
BRDA:7,1,1,32
BRF:4
BRH:4
end_of_record
TN:
SF:src/std.js
FN:7,std
FNF:1
FNH:1
FNDA:38,std
DA:1,5
DA:2,5
DA:3,5
DA:4,5
DA:5,5
DA:8,38
DA:9,38
DA:11,28
DA:12,20
DA:14,20
DA:15,20
DA:17,20
DA:18,179616
DA:19,179616
DA:20,179614
DA:23,18
DA:25,14
DA:29,5
LF:18
LH:18
BRDA:9,0,0,4
BRDA:9,0,1,28
BRDA:12,1,0,0
BRDA:12,1,1,20
BRDA:19,2,0,2
BRDA:19,2,1,179614
BRF:6
BRH:5
end_of_record
TN:
SF:src/sum.js
FN:5,sum
FNF:1
FNH:1
FNDA:5056,sum
DA:1,16
DA:2,16
DA:3,16
DA:6,5056
DA:7,5056
DA:8,5054
DA:9,5053
DA:11,5053
DA:12,26189
DA:13,26189
DA:14,2
DA:17,5051
DA:19,2
DA:23,16
LF:14
LH:14
BRDA:8,0,0,1
BRDA:8,0,1,5053
BRDA:13,1,0,26187
BRDA:13,1,1,2
BRF:4
BRH:4
end_of_record
TN:
SF:src/tan.js
FN:4,tan
FNF:1
FNH:1
FNDA:13,tan
DA:1,1
DA:2,1
DA:5,13
DA:6,13
DA:7,5
DA:9,0
DA:13,1
LF:7
LH:6
BRDA:6,0,0,8
BRDA:6,0,1,5
BRF:2
BRH:2
end_of_record
TN:
SF:src/transpose.js
FN:8,transpose
FNF:1
FNH:1
FNDA:516,transpose
DA:1,6
DA:2,6
DA:3,6
DA:4,6
DA:5,6
DA:6,6
DA:9,516
DA:14,513
DA:16,507
DA:18,507
DA:23,506
DA:24,2
DA:25,504
DA:26,504
DA:28,504
DA:29,3060
DA:30,18458
DA:34,504
DA:38,6
LF:19
LH:19
BRDA:23,0,0,2
BRDA:23,0,1,504
BRDA:25,1,0,504
BRDA:25,1,1,0
BRF:4
BRH:3
end_of_record
TN:
SF:src/variance.js
FN:4,variance
FNF:1
FNH:1
FNDA:13,variance
DA:1,1
DA:2,1
DA:5,13
DA:6,13
DA:8,0
DA:12,1
LF:6
LH:5
BRF:0
BRH:0
end_of_record
TN:
SF:src/vectorize.js
FN:7,vectorize
FN:18,temp
FN:21,(anonymous_2)
FN:27,(anonymous_3)
FN:28,(anonymous_4)
FN:31,(anonymous_5)
FN:39,(anonymous_6)
FNF:7
FNH:7
FNDA:253,vectorize
FNDA:1071643,temp
FNDA:1936182,(anonymous_2)
FNDA:78434,(anonymous_3)
FNDA:46864,(anonymous_4)
FNDA:46859,(anonymous_5)
FNDA:1424122,(anonymous_6)
DA:1,64
DA:2,64
DA:3,64
DA:4,64
DA:5,64
DA:8,253
DA:13,250
DA:18,244
DA:20,1071643
DA:21,1936182
DA:24,1071643
DA:25,40791
DA:26,40791
DA:27,78434
DA:28,46864
DA:29,40791
DA:31,40791
DA:32,46859
DA:38,40785
DA:39,744998
DA:40,1424122
DA:41,627084
DA:44,744998
DA:47,40785
DA:49,1030852
DA:54,64
LF:26
LH:26
BRDA:24,0,0,40791
BRDA:24,0,1,1030852
BRDA:40,1,0,797038
BRDA:40,1,1,627084
BRF:4
BRH:4
end_of_record
TN:
SF:src/where.js
FN:9,where
FNF:1
FNH:1
FNDA:10,where
DA:1,1
DA:2,1
DA:3,1
DA:4,1
DA:5,1
DA:6,1
DA:7,1
DA:10,10
DA:15,3
DA:20,2
DA:21,2
DA:22,2
DA:23,2
DA:24,2
DA:26,2
DA:27,69
DA:29,69
DA:30,67
DA:31,67
DA:32,67
DA:34,2
DA:38,2
DA:39,2
DA:42,1
LF:24
LH:24
BRDA:29,0,0,67
BRDA:29,0,1,2
BRDA:38,1,0,0
BRDA:38,1,1,2
BRF:4
BRH:3
end_of_record
TN:
SF:src/zeros.js
FN:4,zeros
FN:5,(anonymous_1)
FNF:2
FNH:2
FNDA:20,zeros
FNDA:12538,(anonymous_1)
DA:1,8
DA:2,8
DA:5,12538
DA:8,8
LF:4
LH:4
BRF:0
BRH:0
end_of_record
